{"/app/react-app/src/Components/HeaderComponents/FirstContainer/FirstContainer.tsx": {"path":"/app/react-app/src/Components/HeaderComponents/FirstContainer/FirstContainer.tsx","statementMap":{"0":{"start":{"line":4,"column":23},"end":{"line":23,"column":1}},"1":{"start":{"line":5,"column":2},"end":{"line":22,"column":4}}},"fnMap":{"0":{"name":"(anonymous_0)","decl":{"start":{"line":4,"column":23},"end":{"line":4,"column":24}},"loc":{"start":{"line":4,"column":29},"end":{"line":23,"column":1}},"line":4}},"branchMap":{},"s":{"0":1,"1":5},"f":{"0":5},"b":{},"_coverageSchema":"1a1c01bbd47fc00a2c39e90264f33305004495a9","hash":"54adbb62d59d3a6a1d03e66fd5c497ccafde293b"}
,"/app/react-app/src/Components/HeaderComponents/FirstContainer/styled.ts": {"path":"/app/react-app/src/Components/HeaderComponents/FirstContainer/styled.ts","statementMap":{"0":{"start":{"line":3,"column":30},"end":{"line":5,"column":1}},"1":{"start":{"line":7,"column":37},"end":{"line":9,"column":1}},"2":{"start":{"line":11,"column":29},"end":{"line":15,"column":1}},"3":{"start":{"line":17,"column":24},"end":{"line":17,"column":34}},"4":{"start":{"line":19,"column":27},"end":{"line":19,"column":39}},"5":{"start":{"line":21,"column":33},"end":{"line":30,"column":1}},"6":{"start":{"line":32,"column":25},"end":{"line":34,"column":1}}},"fnMap":{},"branchMap":{},"s":{"0":1,"1":1,"2":1,"3":1,"4":1,"5":1,"6":1},"f":{},"b":{},"_coverageSchema":"1a1c01bbd47fc00a2c39e90264f33305004495a9","hash":"65906d2178bd3c4d1189a6910a45622af98eac85"}
,"/app/react-app/src/Components/HeaderComponents/SecondContainer/SecondContainer.tsx": {"path":"/app/react-app/src/Components/HeaderComponents/SecondContainer/SecondContainer.tsx","statementMap":{"0":{"start":{"line":6,"column":24},"end":{"line":23,"column":1}},"1":{"start":{"line":7,"column":2},"end":{"line":22,"column":4}}},"fnMap":{"0":{"name":"(anonymous_0)","decl":{"start":{"line":6,"column":24},"end":{"line":6,"column":25}},"loc":{"start":{"line":6,"column":30},"end":{"line":23,"column":1}},"line":6}},"branchMap":{},"s":{"0":1,"1":5},"f":{"0":5},"b":{},"_coverageSchema":"1a1c01bbd47fc00a2c39e90264f33305004495a9","hash":"ddb9f72b6a69027fe6a0539fca66065b7f27cffc"}
,"/app/react-app/src/Components/HeaderComponents/SecondContainer/styled.ts": {"path":"/app/react-app/src/Components/HeaderComponents/SecondContainer/styled.ts","statementMap":{"0":{"start":{"line":3,"column":31},"end":{"line":10,"column":1}},"1":{"start":{"line":12,"column":30},"end":{"line":18,"column":1}},"2":{"start":{"line":20,"column":35},"end":{"line":23,"column":1}},"3":{"start":{"line":25,"column":33},"end":{"line":31,"column":1}},"4":{"start":{"line":33,"column":20},"end":{"line":38,"column":1}},"5":{"start":{"line":40,"column":33},"end":{"line":47,"column":1}}},"fnMap":{},"branchMap":{},"s":{"0":1,"1":1,"2":1,"3":1,"4":1,"5":1},"f":{},"b":{},"_coverageSchema":"1a1c01bbd47fc00a2c39e90264f33305004495a9","hash":"093902cc90f992478b6f99f6ea0f7cde0deda0ea"}
,"/app/react-app/src/Style/RenderTheme.tsx": {"path":"/app/react-app/src/Style/RenderTheme.tsx","statementMap":{"0":{"start":{"line":5,"column":27},"end":{"line":7,"column":1}},"1":{"start":{"line":6,"column":2},"end":{"line":6,"column":73}}},"fnMap":{"0":{"name":"(anonymous_0)","decl":{"start":{"line":5,"column":27},"end":{"line":5,"column":28}},"loc":{"start":{"line":5,"column":41},"end":{"line":7,"column":1}},"line":5}},"branchMap":{},"s":{"0":1,"1":1},"f":{"0":1},"b":{},"_coverageSchema":"1a1c01bbd47fc00a2c39e90264f33305004495a9","hash":"3b36605a8c39dfaa379593ddeda203a49289b2d6"}
,"/app/react-app/src/Style/theme.ts": {"path":"/app/react-app/src/Style/theme.ts","statementMap":{"0":{"start":{"line":1,"column":21},"end":{"line":37,"column":1}}},"fnMap":{},"branchMap":{},"s":{"0":1},"f":{},"b":{},"_coverageSchema":"1a1c01bbd47fc00a2c39e90264f33305004495a9","hash":"dace459af522e0cb861253f6d9e256fefdbbefd4"}
,"/app/react-app/src/Svg/LocationSvg.tsx": {"path":"/app/react-app/src/Svg/LocationSvg.tsx","statementMap":{"0":{"start":{"line":1,"column":20},"end":{"line":7,"column":1}},"1":{"start":{"line":2,"column":2},"end":{"line":6,"column":4}}},"fnMap":{"0":{"name":"(anonymous_0)","decl":{"start":{"line":1,"column":20},"end":{"line":1,"column":21}},"loc":{"start":{"line":1,"column":26},"end":{"line":7,"column":1}},"line":1}},"branchMap":{},"s":{"0":1,"1":5},"f":{"0":5},"b":{},"_coverageSchema":"1a1c01bbd47fc00a2c39e90264f33305004495a9","hash":"95359970df4330e589b01705f52391d623682aea"}
,"/app/react-app/src/Svg/QuestionMarkSvg.tsx": {"path":"/app/react-app/src/Svg/QuestionMarkSvg.tsx","statementMap":{"0":{"start":{"line":1,"column":24},"end":{"line":7,"column":1}},"1":{"start":{"line":2,"column":2},"end":{"line":6,"column":4}}},"fnMap":{"0":{"name":"(anonymous_0)","decl":{"start":{"line":1,"column":24},"end":{"line":1,"column":25}},"loc":{"start":{"line":1,"column":30},"end":{"line":7,"column":1}},"line":1}},"branchMap":{},"s":{"0":1,"1":5},"f":{"0":5},"b":{},"_coverageSchema":"1a1c01bbd47fc00a2c39e90264f33305004495a9","hash":"bb732b2c22d5cf5b2ebca59a41da0a7bf7168b2f"}
,"/app/react-app/src/Svg/UserLogoSvg.tsx": {"path":"/app/react-app/src/Svg/UserLogoSvg.tsx","statementMap":{"0":{"start":{"line":1,"column":20},"end":{"line":10,"column":1}},"1":{"start":{"line":2,"column":2},"end":{"line":9,"column":4}}},"fnMap":{"0":{"name":"(anonymous_0)","decl":{"start":{"line":1,"column":20},"end":{"line":1,"column":21}},"loc":{"start":{"line":1,"column":26},"end":{"line":10,"column":1}},"line":1}},"branchMap":{},"s":{"0":1,"1":5},"f":{"0":5},"b":{},"_coverageSchema":"1a1c01bbd47fc00a2c39e90264f33305004495a9","hash":"5608e1502e2bbbe8eac64fc1ec53f3ff092a0895"}
,"/app/react-app/src/Svg/loupeSvg.tsx": {"path":"/app/react-app/src/Svg/loupeSvg.tsx","statementMap":{"0":{"start":{"line":1,"column":17},"end":{"line":10,"column":1}},"1":{"start":{"line":2,"column":2},"end":{"line":9,"column":4}}},"fnMap":{"0":{"name":"(anonymous_0)","decl":{"start":{"line":1,"column":17},"end":{"line":1,"column":18}},"loc":{"start":{"line":1,"column":23},"end":{"line":10,"column":1}},"line":1}},"branchMap":{},"s":{"0":1,"1":5},"f":{"0":5},"b":{},"_coverageSchema":"1a1c01bbd47fc00a2c39e90264f33305004495a9","hash":"54013fa20bbac3fccc94fb314b141119961d6458"}
,"/app/react-app/src/Templates/Login/Login.tsx": {"path":"/app/react-app/src/Templates/Login/Login.tsx","statementMap":{"0":{"start":{"line":3,"column":14},"end":{"line":9,"column":1}},"1":{"start":{"line":4,"column":2},"end":{"line":8,"column":4}}},"fnMap":{"0":{"name":"(anonymous_0)","decl":{"start":{"line":3,"column":14},"end":{"line":3,"column":15}},"loc":{"start":{"line":3,"column":20},"end":{"line":9,"column":1}},"line":3}},"branchMap":{},"s":{"0":1,"1":1},"f":{"0":1},"b":{},"_coverageSchema":"1a1c01bbd47fc00a2c39e90264f33305004495a9","hash":"6b72647f2e038e8982cf9d20089ba3d074f02f1b"}
,"/app/react-app/src/Templates/Login/styled.ts": {"path":"/app/react-app/src/Templates/Login/styled.ts","statementMap":{"0":{"start":{"line":4,"column":29},"end":{"line":8,"column":1}},"1":{"start":{"line":5,"column":35},"end":{"line":7,"column":3}}},"fnMap":{"0":{"name":"(anonymous_0)","decl":{"start":{"line":5,"column":4},"end":{"line":5,"column":5}},"loc":{"start":{"line":5,"column":35},"end":{"line":7,"column":3}},"line":5}},"branchMap":{},"s":{"0":1,"1":1},"f":{"0":1},"b":{},"_coverageSchema":"1a1c01bbd47fc00a2c39e90264f33305004495a9","hash":"46c19e6e6ad2a364fc2db15df00439d51e3f6d90"}
}
