{"C:\\Users\\lucas\\Desktop\\ingressoProject\\Frontend-Ingresso\\src\\Components\\AddressCompany\\AddressCompany.tsx": {"path":"C:\\Users\\lucas\\Desktop\\ingressoProject\\Frontend-Ingresso\\src\\Components\\AddressCompany\\AddressCompany.tsx","statementMap":{"0":{"start":{"line":3,"column":23},"end":{"line":16,"column":1}},"1":{"start":{"line":4,"column":2},"end":{"line":15,"column":4}}},"fnMap":{"0":{"name":"(anonymous_0)","decl":{"start":{"line":3,"column":23},"end":{"line":3,"column":24}},"loc":{"start":{"line":3,"column":29},"end":{"line":16,"column":1}},"line":3}},"branchMap":{},"s":{"0":2,"1":5},"f":{"0":5},"b":{},"_coverageSchema":"1a1c01bbd47fc00a2c39e90264f33305004495a9","hash":"ad8eec7a1f6ae67a4be1b69fc8a6a80e9eb8c0a7"}
,"C:\\Users\\lucas\\Desktop\\ingressoProject\\Frontend-Ingresso\\src\\Components\\AddressCompany\\styled.ts": {"path":"C:\\Users\\lucas\\Desktop\\ingressoProject\\Frontend-Ingresso\\src\\Components\\AddressCompany\\styled.ts","statementMap":{"0":{"start":{"line":3,"column":22},"end":{"line":6,"column":1}},"1":{"start":{"line":8,"column":17},"end":{"line":11,"column":1}},"2":{"start":{"line":13,"column":31},"end":{"line":17,"column":1}},"3":{"start":{"line":19,"column":23},"end":{"line":24,"column":1}},"4":{"start":{"line":26,"column":20},"end":{"line":34,"column":1}}},"fnMap":{},"branchMap":{},"s":{"0":2,"1":2,"2":2,"3":2,"4":2},"f":{},"b":{},"_coverageSchema":"1a1c01bbd47fc00a2c39e90264f33305004495a9","hash":"884d97300f452d8d96fdd1204b79b158ff83a0a3"}
,"C:\\Users\\lucas\\Desktop\\ingressoProject\\Frontend-Ingresso\\src\\Components\\HeaderComponents\\EnterOrRegister\\EnterOrRegister.tsx": {"path":"C:\\Users\\lucas\\Desktop\\ingressoProject\\Frontend-Ingresso\\src\\Components\\HeaderComponents\\EnterOrRegister\\EnterOrRegister.tsx","statementMap":{"0":{"start":{"line":6,"column":24},"end":{"line":42,"column":1}},"1":{"start":{"line":7,"column":14},"end":{"line":7,"column":27}},"2":{"start":{"line":8,"column":32},"end":{"line":10,"column":3}},"3":{"start":{"line":9,"column":4},"end":{"line":9,"column":33}},"4":{"start":{"line":12,"column":22},"end":{"line":14,"column":3}},"5":{"start":{"line":13,"column":4},"end":{"line":13,"column":30}},"6":{"start":{"line":16,"column":2},"end":{"line":41,"column":4}}},"fnMap":{"0":{"name":"(anonymous_0)","decl":{"start":{"line":6,"column":24},"end":{"line":6,"column":25}},"loc":{"start":{"line":6,"column":49},"end":{"line":42,"column":1}},"line":6},"1":{"name":"(anonymous_1)","decl":{"start":{"line":8,"column":32},"end":{"line":8,"column":33}},"loc":{"start":{"line":8,"column":38},"end":{"line":10,"column":3}},"line":8},"2":{"name":"(anonymous_2)","decl":{"start":{"line":12,"column":22},"end":{"line":12,"column":23}},"loc":{"start":{"line":12,"column":28},"end":{"line":14,"column":3}},"line":12}},"branchMap":{"0":{"loc":{"start":{"line":18,"column":7},"end":{"line":39,"column":7}},"type":"binary-expr","locations":[{"start":{"line":18,"column":7},"end":{"line":18,"column":22}},{"start":{"line":19,"column":8},"end":{"line":38,"column":46}}],"line":18}},"s":{"0":2,"1":13,"2":13,"3":0,"4":13,"5":0,"6":13},"f":{"0":13,"1":0,"2":0},"b":{"0":[13,7]},"_coverageSchema":"1a1c01bbd47fc00a2c39e90264f33305004495a9","hash":"3ccb11f4c90597bd94c526d4c31f7d26c6cbfaa4"}
,"C:\\Users\\lucas\\Desktop\\ingressoProject\\Frontend-Ingresso\\src\\Components\\HeaderComponents\\EnterOrRegister\\styled.ts": {"path":"C:\\Users\\lucas\\Desktop\\ingressoProject\\Frontend-Ingresso\\src\\Components\\HeaderComponents\\EnterOrRegister\\styled.ts","statementMap":{"0":{"start":{"line":3,"column":44},"end":{"line":20,"column":1}},"1":{"start":{"line":22,"column":40},"end":{"line":25,"column":1}},"2":{"start":{"line":27,"column":33},"end":{"line":31,"column":1}},"3":{"start":{"line":33,"column":18},"end":{"line":37,"column":1}},"4":{"start":{"line":39,"column":17},"end":{"line":42,"column":1}},"5":{"start":{"line":44,"column":30},"end":{"line":53,"column":1}},"6":{"start":{"line":55,"column":34},"end":{"line":58,"column":1}},"7":{"start":{"line":60,"column":30},"end":{"line":66,"column":1}},"8":{"start":{"line":68,"column":20},"end":{"line":72,"column":1}}},"fnMap":{},"branchMap":{},"s":{"0":2,"1":2,"2":2,"3":2,"4":2,"5":2,"6":2,"7":2,"8":2},"f":{},"b":{},"_coverageSchema":"1a1c01bbd47fc00a2c39e90264f33305004495a9","hash":"413d4b715159f397c4d219a139c459fd05aa43fc"}
,"C:\\Users\\lucas\\Desktop\\ingressoProject\\Frontend-Ingresso\\src\\Components\\HeaderComponents\\FirstContainer\\FirstContainer.tsx": {"path":"C:\\Users\\lucas\\Desktop\\ingressoProject\\Frontend-Ingresso\\src\\Components\\HeaderComponents\\FirstContainer\\FirstContainer.tsx","statementMap":{"0":{"start":{"line":4,"column":23},"end":{"line":23,"column":1}},"1":{"start":{"line":5,"column":2},"end":{"line":22,"column":4}}},"fnMap":{"0":{"name":"(anonymous_0)","decl":{"start":{"line":4,"column":23},"end":{"line":4,"column":24}},"loc":{"start":{"line":4,"column":29},"end":{"line":23,"column":1}},"line":4}},"branchMap":{},"s":{"0":1,"1":5},"f":{"0":5},"b":{},"_coverageSchema":"1a1c01bbd47fc00a2c39e90264f33305004495a9","hash":"5d2c1eb628e9d8cd8caaaebfa94067584549440d"}
,"C:\\Users\\lucas\\Desktop\\ingressoProject\\Frontend-Ingresso\\src\\Components\\HeaderComponents\\FirstContainer\\styled.ts": {"path":"C:\\Users\\lucas\\Desktop\\ingressoProject\\Frontend-Ingresso\\src\\Components\\HeaderComponents\\FirstContainer\\styled.ts","statementMap":{"0":{"start":{"line":4,"column":30},"end":{"line":6,"column":1}},"1":{"start":{"line":8,"column":37},"end":{"line":11,"column":1}},"2":{"start":{"line":13,"column":29},"end":{"line":17,"column":1}},"3":{"start":{"line":19,"column":24},"end":{"line":19,"column":34}},"4":{"start":{"line":21,"column":27},"end":{"line":21,"column":39}},"5":{"start":{"line":23,"column":33},"end":{"line":50,"column":1}},"6":{"start":{"line":29,"column":35},"end":{"line":40,"column":3}},"7":{"start":{"line":52,"column":25},"end":{"line":54,"column":1}}},"fnMap":{"0":{"name":"(anonymous_0)","decl":{"start":{"line":29,"column":4},"end":{"line":29,"column":5}},"loc":{"start":{"line":29,"column":35},"end":{"line":40,"column":3}},"line":29}},"branchMap":{},"s":{"0":1,"1":1,"2":1,"3":1,"4":1,"5":1,"6":5,"7":1},"f":{"0":5},"b":{},"_coverageSchema":"1a1c01bbd47fc00a2c39e90264f33305004495a9","hash":"abcc45f1bcce04c1a33327e5e52b48c0d88135fe"}
,"C:\\Users\\lucas\\Desktop\\ingressoProject\\Frontend-Ingresso\\src\\Components\\HeaderComponents\\SecondContainer\\SecondContainer.tsx": {"path":"C:\\Users\\lucas\\Desktop\\ingressoProject\\Frontend-Ingresso\\src\\Components\\HeaderComponents\\SecondContainer\\SecondContainer.tsx","statementMap":{"0":{"start":{"line":8,"column":24},"end":{"line":56,"column":1}},"1":{"start":{"line":9,"column":48},"end":{"line":9,"column":63}},"2":{"start":{"line":10,"column":64},"end":{"line":10,"column":79}},"3":{"start":{"line":12,"column":32},"end":{"line":14,"column":3}},"4":{"start":{"line":13,"column":4},"end":{"line":13,"column":40}},"5":{"start":{"line":13,"column":33},"end":{"line":13,"column":38}},"6":{"start":{"line":16,"column":24},"end":{"line":18,"column":3}},"7":{"start":{"line":17,"column":4},"end":{"line":17,"column":30}},"8":{"start":{"line":20,"column":2},"end":{"line":27,"column":32}},"9":{"start":{"line":21,"column":4},"end":{"line":21,"column":40}},"10":{"start":{"line":21,"column":33},"end":{"line":21,"column":40}},"11":{"start":{"line":22,"column":4},"end":{"line":22,"column":54}},"12":{"start":{"line":24,"column":4},"end":{"line":26,"column":6}},"13":{"start":{"line":25,"column":6},"end":{"line":25,"column":59}},"14":{"start":{"line":29,"column":22},"end":{"line":31,"column":3}},"15":{"start":{"line":30,"column":4},"end":{"line":30,"column":37}},"16":{"start":{"line":33,"column":22},"end":{"line":35,"column":3}},"17":{"start":{"line":34,"column":4},"end":{"line":34,"column":38}},"18":{"start":{"line":37,"column":2},"end":{"line":55,"column":4}}},"fnMap":{"0":{"name":"(anonymous_0)","decl":{"start":{"line":8,"column":24},"end":{"line":8,"column":25}},"loc":{"start":{"line":8,"column":30},"end":{"line":56,"column":1}},"line":8},"1":{"name":"(anonymous_1)","decl":{"start":{"line":12,"column":32},"end":{"line":12,"column":33}},"loc":{"start":{"line":12,"column":38},"end":{"line":14,"column":3}},"line":12},"2":{"name":"(anonymous_2)","decl":{"start":{"line":13,"column":23},"end":{"line":13,"column":24}},"loc":{"start":{"line":13,"column":33},"end":{"line":13,"column":38}},"line":13},"3":{"name":"(anonymous_3)","decl":{"start":{"line":16,"column":24},"end":{"line":16,"column":25}},"loc":{"start":{"line":16,"column":30},"end":{"line":18,"column":3}},"line":16},"4":{"name":"(anonymous_4)","decl":{"start":{"line":20,"column":12},"end":{"line":20,"column":13}},"loc":{"start":{"line":20,"column":18},"end":{"line":27,"column":3}},"line":20},"5":{"name":"(anonymous_5)","decl":{"start":{"line":24,"column":11},"end":{"line":24,"column":12}},"loc":{"start":{"line":24,"column":17},"end":{"line":26,"column":5}},"line":24},"6":{"name":"(anonymous_6)","decl":{"start":{"line":29,"column":22},"end":{"line":29,"column":23}},"loc":{"start":{"line":29,"column":28},"end":{"line":31,"column":3}},"line":29},"7":{"name":"(anonymous_7)","decl":{"start":{"line":33,"column":22},"end":{"line":33,"column":23}},"loc":{"start":{"line":33,"column":28},"end":{"line":35,"column":3}},"line":33}},"branchMap":{"0":{"loc":{"start":{"line":21,"column":4},"end":{"line":21,"column":40}},"type":"if","locations":[{"start":{"line":21,"column":4},"end":{"line":21,"column":40}},{"start":{},"end":{}}],"line":21}},"s":{"0":1,"1":6,"2":6,"3":6,"4":0,"5":0,"6":6,"7":0,"8":6,"9":6,"10":0,"11":6,"12":6,"13":6,"14":6,"15":0,"16":6,"17":0,"18":6},"f":{"0":6,"1":0,"2":0,"3":0,"4":6,"5":6,"6":0,"7":0},"b":{"0":[0,6]},"_coverageSchema":"1a1c01bbd47fc00a2c39e90264f33305004495a9","hash":"9784d5a85b0108080616021f0c8d0a34abb1f90e"}
,"C:\\Users\\lucas\\Desktop\\ingressoProject\\Frontend-Ingresso\\src\\Components\\HeaderComponents\\SecondContainer\\styled.ts": {"path":"C:\\Users\\lucas\\Desktop\\ingressoProject\\Frontend-Ingresso\\src\\Components\\HeaderComponents\\SecondContainer\\styled.ts","statementMap":{"0":{"start":{"line":4,"column":31},"end":{"line":10,"column":1}},"1":{"start":{"line":12,"column":30},"end":{"line":26,"column":1}},"2":{"start":{"line":14,"column":35},"end":{"line":25,"column":3}},"3":{"start":{"line":28,"column":35},"end":{"line":32,"column":1}},"4":{"start":{"line":34,"column":33},"end":{"line":49,"column":1}},"5":{"start":{"line":37,"column":35},"end":{"line":48,"column":3}},"6":{"start":{"line":51,"column":20},"end":{"line":61,"column":1}},"7":{"start":{"line":63,"column":33},"end":{"line":79,"column":1}},"8":{"start":{"line":67,"column":35},"end":{"line":78,"column":3}}},"fnMap":{"0":{"name":"(anonymous_0)","decl":{"start":{"line":14,"column":4},"end":{"line":14,"column":5}},"loc":{"start":{"line":14,"column":35},"end":{"line":25,"column":3}},"line":14},"1":{"name":"(anonymous_1)","decl":{"start":{"line":37,"column":4},"end":{"line":37,"column":5}},"loc":{"start":{"line":37,"column":35},"end":{"line":48,"column":3}},"line":37},"2":{"name":"(anonymous_2)","decl":{"start":{"line":67,"column":4},"end":{"line":67,"column":5}},"loc":{"start":{"line":67,"column":35},"end":{"line":78,"column":3}},"line":67}},"branchMap":{},"s":{"0":1,"1":1,"2":6,"3":1,"4":1,"5":6,"6":1,"7":1,"8":6},"f":{"0":6,"1":6,"2":6},"b":{},"_coverageSchema":"1a1c01bbd47fc00a2c39e90264f33305004495a9","hash":"a8f6a1ccebf0f351e76a274774870f63144ecc4e"}
,"C:\\Users\\lucas\\Desktop\\ingressoProject\\Frontend-Ingresso\\src\\Components\\IngressoTopBanner\\IngressoTopBanner.tsx": {"path":"C:\\Users\\lucas\\Desktop\\ingressoProject\\Frontend-Ingresso\\src\\Components\\IngressoTopBanner\\IngressoTopBanner.tsx","statementMap":{"0":{"start":{"line":5,"column":26},"end":{"line":17,"column":1}},"1":{"start":{"line":6,"column":14},"end":{"line":6,"column":27}},"2":{"start":{"line":8,"column":30},"end":{"line":10,"column":3}},"3":{"start":{"line":9,"column":4},"end":{"line":9,"column":13}},"4":{"start":{"line":12,"column":2},"end":{"line":16,"column":4}}},"fnMap":{"0":{"name":"(anonymous_0)","decl":{"start":{"line":5,"column":26},"end":{"line":5,"column":27}},"loc":{"start":{"line":5,"column":32},"end":{"line":17,"column":1}},"line":5},"1":{"name":"(anonymous_1)","decl":{"start":{"line":8,"column":30},"end":{"line":8,"column":31}},"loc":{"start":{"line":8,"column":36},"end":{"line":10,"column":3}},"line":8}},"branchMap":{},"s":{"0":3,"1":6,"2":6,"3":0,"4":6},"f":{"0":6,"1":0},"b":{},"_coverageSchema":"1a1c01bbd47fc00a2c39e90264f33305004495a9","hash":"4b8ecffad89212dfba6906e6866a69a17508f4b9"}
,"C:\\Users\\lucas\\Desktop\\ingressoProject\\Frontend-Ingresso\\src\\Components\\IngressoTopBanner\\styled.ts": {"path":"C:\\Users\\lucas\\Desktop\\ingressoProject\\Frontend-Ingresso\\src\\Components\\IngressoTopBanner\\styled.ts","statementMap":{"0":{"start":{"line":3,"column":36},"end":{"line":16,"column":1}}},"fnMap":{},"branchMap":{},"s":{"0":3},"f":{},"b":{},"_coverageSchema":"1a1c01bbd47fc00a2c39e90264f33305004495a9","hash":"bd1cdbe272d1d27a5047e8ed988db7ee12b7ed29"}
,"C:\\Users\\lucas\\Desktop\\ingressoProject\\Frontend-Ingresso\\src\\Components\\LoginComponents\\BenefitsBeUserCompo\\BenefitsBeUserCompo.tsx": {"path":"C:\\Users\\lucas\\Desktop\\ingressoProject\\Frontend-Ingresso\\src\\Components\\LoginComponents\\BenefitsBeUserCompo\\BenefitsBeUserCompo.tsx","statementMap":{"0":{"start":{"line":3,"column":28},"end":{"line":10,"column":1}},"1":{"start":{"line":4,"column":2},"end":{"line":9,"column":4}}},"fnMap":{"0":{"name":"(anonymous_0)","decl":{"start":{"line":3,"column":28},"end":{"line":3,"column":29}},"loc":{"start":{"line":3,"column":47},"end":{"line":10,"column":1}},"line":3}},"branchMap":{},"s":{"0":1,"1":4},"f":{"0":4},"b":{},"_coverageSchema":"1a1c01bbd47fc00a2c39e90264f33305004495a9","hash":"f62fd48fef04691eba86acbb56e7f20e04b795b5"}
,"C:\\Users\\lucas\\Desktop\\ingressoProject\\Frontend-Ingresso\\src\\Components\\LoginComponents\\BenefitsBeUserCompo\\styled.ts": {"path":"C:\\Users\\lucas\\Desktop\\ingressoProject\\Frontend-Ingresso\\src\\Components\\LoginComponents\\BenefitsBeUserCompo\\styled.ts","statementMap":{"0":{"start":{"line":3,"column":32},"end":{"line":8,"column":1}},"1":{"start":{"line":10,"column":28},"end":{"line":17,"column":1}},"2":{"start":{"line":19,"column":20},"end":{"line":24,"column":1}}},"fnMap":{},"branchMap":{},"s":{"0":1,"1":1,"2":1},"f":{},"b":{},"_coverageSchema":"1a1c01bbd47fc00a2c39e90264f33305004495a9","hash":"2209a89eeb2f39f939568f71ac1d5683262ffbe0"}
,"C:\\Users\\lucas\\Desktop\\ingressoProject\\Frontend-Ingresso\\src\\Components\\LoginComponents\\LoginWithGoogle\\LoginWithGoogle.tsx": {"path":"C:\\Users\\lucas\\Desktop\\ingressoProject\\Frontend-Ingresso\\src\\Components\\LoginComponents\\LoginWithGoogle\\LoginWithGoogle.tsx","statementMap":{"0":{"start":{"line":4,"column":24},"end":{"line":18,"column":1}},"1":{"start":{"line":5,"column":2},"end":{"line":17,"column":4}}},"fnMap":{"0":{"name":"(anonymous_0)","decl":{"start":{"line":4,"column":24},"end":{"line":4,"column":25}},"loc":{"start":{"line":4,"column":30},"end":{"line":18,"column":1}},"line":4}},"branchMap":{},"s":{"0":1,"1":1},"f":{"0":1},"b":{},"_coverageSchema":"1a1c01bbd47fc00a2c39e90264f33305004495a9","hash":"1776e47fb45e729acb653bb7943f4659283078e6"}
,"C:\\Users\\lucas\\Desktop\\ingressoProject\\Frontend-Ingresso\\src\\Components\\LoginComponents\\LoginWithGoogle\\styled.ts": {"path":"C:\\Users\\lucas\\Desktop\\ingressoProject\\Frontend-Ingresso\\src\\Components\\LoginComponents\\LoginWithGoogle\\styled.ts","statementMap":{"0":{"start":{"line":3,"column":44},"end":{"line":9,"column":1}},"1":{"start":{"line":11,"column":40},"end":{"line":16,"column":1}},"2":{"start":{"line":18,"column":18},"end":{"line":21,"column":1}},"3":{"start":{"line":23,"column":31},"end":{"line":28,"column":1}},"4":{"start":{"line":30,"column":34},"end":{"line":34,"column":1}},"5":{"start":{"line":36,"column":20},"end":{"line":39,"column":1}}},"fnMap":{},"branchMap":{},"s":{"0":1,"1":1,"2":1,"3":1,"4":1,"5":1},"f":{},"b":{},"_coverageSchema":"1a1c01bbd47fc00a2c39e90264f33305004495a9","hash":"8ce5bd5eef2e38f64852fb370d9fbdb3ebc3448c"}
,"C:\\Users\\lucas\\Desktop\\ingressoProject\\Frontend-Ingresso\\src\\Components\\LoginComponents\\SectionFirst\\ContinuationFormReq\\ContinuationFormReq.tsx": {"path":"C:\\Users\\lucas\\Desktop\\ingressoProject\\Frontend-Ingresso\\src\\Components\\LoginComponents\\SectionFirst\\ContinuationFormReq\\ContinuationFormReq.tsx","statementMap":{"0":{"start":{"line":9,"column":28},"end":{"line":50,"column":1}},"1":{"start":{"line":10,"column":40},"end":{"line":10,"column":55}},"2":{"start":{"line":12,"column":27},"end":{"line":14,"column":3}},"3":{"start":{"line":13,"column":4},"end":{"line":13,"column":36}},"4":{"start":{"line":13,"column":29},"end":{"line":13,"column":34}},"5":{"start":{"line":16,"column":27},"end":{"line":19,"column":3}},"6":{"start":{"line":17,"column":4},"end":{"line":17,"column":23}},"7":{"start":{"line":18,"column":4},"end":{"line":18,"column":24}},"8":{"start":{"line":21,"column":2},"end":{"line":49,"column":4}}},"fnMap":{"0":{"name":"(anonymous_0)","decl":{"start":{"line":9,"column":28},"end":{"line":9,"column":29}},"loc":{"start":{"line":9,"column":77},"end":{"line":50,"column":1}},"line":9},"1":{"name":"(anonymous_1)","decl":{"start":{"line":12,"column":27},"end":{"line":12,"column":28}},"loc":{"start":{"line":12,"column":33},"end":{"line":14,"column":3}},"line":12},"2":{"name":"(anonymous_2)","decl":{"start":{"line":13,"column":19},"end":{"line":13,"column":20}},"loc":{"start":{"line":13,"column":29},"end":{"line":13,"column":34}},"line":13},"3":{"name":"(anonymous_3)","decl":{"start":{"line":16,"column":27},"end":{"line":16,"column":28}},"loc":{"start":{"line":16,"column":83},"end":{"line":19,"column":3}},"line":16}},"branchMap":{"0":{"loc":{"start":{"line":26,"column":13},"end":{"line":26,"column":40}},"type":"binary-expr","locations":[{"start":{"line":26,"column":13},"end":{"line":26,"column":24}},{"start":{"line":26,"column":28},"end":{"line":26,"column":40}}],"line":26}},"s":{"0":1,"1":1,"2":1,"3":0,"4":0,"5":1,"6":0,"7":0,"8":1},"f":{"0":1,"1":0,"2":0,"3":0},"b":{"0":[1,0]},"_coverageSchema":"1a1c01bbd47fc00a2c39e90264f33305004495a9","hash":"f078a041554b50bc78d0e3301f04cbc49ad3cdf4"}
,"C:\\Users\\lucas\\Desktop\\ingressoProject\\Frontend-Ingresso\\src\\Components\\LoginComponents\\SectionFirst\\ContinuationFormReq\\styled.ts": {"path":"C:\\Users\\lucas\\Desktop\\ingressoProject\\Frontend-Ingresso\\src\\Components\\LoginComponents\\SectionFirst\\ContinuationFormReq\\styled.ts","statementMap":{"0":{"start":{"line":3,"column":46},"end":{"line":8,"column":1}},"1":{"start":{"line":10,"column":52},"end":{"line":14,"column":1}},"2":{"start":{"line":16,"column":33},"end":{"line":21,"column":1}},"3":{"start":{"line":27,"column":21},"end":{"line":59,"column":1}},"4":{"start":{"line":53,"column":33},"end":{"line":53,"column":73}},"5":{"start":{"line":61,"column":35},"end":{"line":61,"column":47}},"6":{"start":{"line":63,"column":34},"end":{"line":65,"column":1}},"7":{"start":{"line":67,"column":31},"end":{"line":71,"column":1}},"8":{"start":{"line":73,"column":22},"end":{"line":84,"column":1}},"9":{"start":{"line":90,"column":20},"end":{"line":123,"column":1}},"10":{"start":{"line":94,"column":26},"end":{"line":94,"column":54}},"11":{"start":{"line":96,"column":24},"end":{"line":96,"column":53}},"12":{"start":{"line":97,"column":20},"end":{"line":97,"column":52}},"13":{"start":{"line":98,"column":26},"end":{"line":98,"column":54}},"14":{"start":{"line":99,"column":26},"end":{"line":99,"column":55}},"15":{"start":{"line":100,"column":21},"end":{"line":100,"column":53}},"16":{"start":{"line":104,"column":24},"end":{"line":104,"column":53}},"17":{"start":{"line":105,"column":20},"end":{"line":105,"column":52}},"18":{"start":{"line":106,"column":26},"end":{"line":106,"column":54}},"19":{"start":{"line":107,"column":26},"end":{"line":107,"column":54}},"20":{"start":{"line":108,"column":21},"end":{"line":108,"column":53}},"21":{"start":{"line":111,"column":22},"end":{"line":111,"column":54}},"22":{"start":{"line":112,"column":22},"end":{"line":112,"column":54}},"23":{"start":{"line":115,"column":20},"end":{"line":115,"column":61}},"24":{"start":{"line":116,"column":26},"end":{"line":116,"column":54}},"25":{"start":{"line":117,"column":26},"end":{"line":117,"column":54}},"26":{"start":{"line":119,"column":26},"end":{"line":119,"column":54}},"27":{"start":{"line":120,"column":26},"end":{"line":120,"column":54}},"28":{"start":{"line":121,"column":20},"end":{"line":121,"column":49}},"29":{"start":{"line":122,"column":26},"end":{"line":122,"column":54}}},"fnMap":{"0":{"name":"(anonymous_0)","decl":{"start":{"line":53,"column":24},"end":{"line":53,"column":25}},"loc":{"start":{"line":53,"column":33},"end":{"line":53,"column":73}},"line":53},"1":{"name":"(anonymous_1)","decl":{"start":{"line":94,"column":17},"end":{"line":94,"column":18}},"loc":{"start":{"line":94,"column":26},"end":{"line":94,"column":54}},"line":94},"2":{"name":"(anonymous_2)","decl":{"start":{"line":96,"column":15},"end":{"line":96,"column":16}},"loc":{"start":{"line":96,"column":24},"end":{"line":96,"column":53}},"line":96},"3":{"name":"(anonymous_3)","decl":{"start":{"line":97,"column":11},"end":{"line":97,"column":12}},"loc":{"start":{"line":97,"column":20},"end":{"line":97,"column":52}},"line":97},"4":{"name":"(anonymous_4)","decl":{"start":{"line":98,"column":17},"end":{"line":98,"column":18}},"loc":{"start":{"line":98,"column":26},"end":{"line":98,"column":54}},"line":98},"5":{"name":"(anonymous_5)","decl":{"start":{"line":99,"column":17},"end":{"line":99,"column":18}},"loc":{"start":{"line":99,"column":26},"end":{"line":99,"column":55}},"line":99},"6":{"name":"(anonymous_6)","decl":{"start":{"line":100,"column":12},"end":{"line":100,"column":13}},"loc":{"start":{"line":100,"column":21},"end":{"line":100,"column":53}},"line":100},"7":{"name":"(anonymous_7)","decl":{"start":{"line":104,"column":15},"end":{"line":104,"column":16}},"loc":{"start":{"line":104,"column":24},"end":{"line":104,"column":53}},"line":104},"8":{"name":"(anonymous_8)","decl":{"start":{"line":105,"column":11},"end":{"line":105,"column":12}},"loc":{"start":{"line":105,"column":20},"end":{"line":105,"column":52}},"line":105},"9":{"name":"(anonymous_9)","decl":{"start":{"line":106,"column":17},"end":{"line":106,"column":18}},"loc":{"start":{"line":106,"column":26},"end":{"line":106,"column":54}},"line":106},"10":{"name":"(anonymous_10)","decl":{"start":{"line":107,"column":17},"end":{"line":107,"column":18}},"loc":{"start":{"line":107,"column":26},"end":{"line":107,"column":54}},"line":107},"11":{"name":"(anonymous_11)","decl":{"start":{"line":108,"column":12},"end":{"line":108,"column":13}},"loc":{"start":{"line":108,"column":21},"end":{"line":108,"column":53}},"line":108},"12":{"name":"(anonymous_12)","decl":{"start":{"line":111,"column":13},"end":{"line":111,"column":14}},"loc":{"start":{"line":111,"column":22},"end":{"line":111,"column":54}},"line":111},"13":{"name":"(anonymous_13)","decl":{"start":{"line":112,"column":13},"end":{"line":112,"column":14}},"loc":{"start":{"line":112,"column":22},"end":{"line":112,"column":54}},"line":112},"14":{"name":"(anonymous_14)","decl":{"start":{"line":115,"column":11},"end":{"line":115,"column":12}},"loc":{"start":{"line":115,"column":20},"end":{"line":115,"column":61}},"line":115},"15":{"name":"(anonymous_15)","decl":{"start":{"line":116,"column":17},"end":{"line":116,"column":18}},"loc":{"start":{"line":116,"column":26},"end":{"line":116,"column":54}},"line":116},"16":{"name":"(anonymous_16)","decl":{"start":{"line":117,"column":17},"end":{"line":117,"column":18}},"loc":{"start":{"line":117,"column":26},"end":{"line":117,"column":54}},"line":117},"17":{"name":"(anonymous_17)","decl":{"start":{"line":119,"column":17},"end":{"line":119,"column":18}},"loc":{"start":{"line":119,"column":26},"end":{"line":119,"column":54}},"line":119},"18":{"name":"(anonymous_18)","decl":{"start":{"line":120,"column":17},"end":{"line":120,"column":18}},"loc":{"start":{"line":120,"column":26},"end":{"line":120,"column":54}},"line":120},"19":{"name":"(anonymous_19)","decl":{"start":{"line":121,"column":11},"end":{"line":121,"column":12}},"loc":{"start":{"line":121,"column":20},"end":{"line":121,"column":49}},"line":121},"20":{"name":"(anonymous_20)","decl":{"start":{"line":122,"column":17},"end":{"line":122,"column":18}},"loc":{"start":{"line":122,"column":26},"end":{"line":122,"column":54}},"line":122}},"branchMap":{"0":{"loc":{"start":{"line":53,"column":33},"end":{"line":53,"column":73}},"type":"binary-expr","locations":[{"start":{"line":53,"column":33},"end":{"line":53,"column":62}},{"start":{"line":53,"column":66},"end":{"line":53,"column":73}}],"line":53},"1":{"loc":{"start":{"line":94,"column":26},"end":{"line":94,"column":54}},"type":"binary-expr","locations":[{"start":{"line":94,"column":26},"end":{"line":94,"column":45}},{"start":{"line":94,"column":49},"end":{"line":94,"column":54}}],"line":94},"2":{"loc":{"start":{"line":96,"column":24},"end":{"line":96,"column":53}},"type":"binary-expr","locations":[{"start":{"line":96,"column":24},"end":{"line":96,"column":43}},{"start":{"line":96,"column":47},"end":{"line":96,"column":53}}],"line":96},"3":{"loc":{"start":{"line":97,"column":20},"end":{"line":97,"column":52}},"type":"binary-expr","locations":[{"start":{"line":97,"column":20},"end":{"line":97,"column":39}},{"start":{"line":97,"column":43},"end":{"line":97,"column":52}}],"line":97},"4":{"loc":{"start":{"line":98,"column":26},"end":{"line":98,"column":54}},"type":"binary-expr","locations":[{"start":{"line":98,"column":26},"end":{"line":98,"column":45}},{"start":{"line":98,"column":49},"end":{"line":98,"column":54}}],"line":98},"5":{"loc":{"start":{"line":99,"column":26},"end":{"line":99,"column":55}},"type":"binary-expr","locations":[{"start":{"line":99,"column":26},"end":{"line":99,"column":45}},{"start":{"line":99,"column":49},"end":{"line":99,"column":55}}],"line":99},"6":{"loc":{"start":{"line":100,"column":21},"end":{"line":100,"column":53}},"type":"binary-expr","locations":[{"start":{"line":100,"column":21},"end":{"line":100,"column":40}},{"start":{"line":100,"column":44},"end":{"line":100,"column":53}}],"line":100},"7":{"loc":{"start":{"line":104,"column":24},"end":{"line":104,"column":53}},"type":"binary-expr","locations":[{"start":{"line":104,"column":24},"end":{"line":104,"column":43}},{"start":{"line":104,"column":47},"end":{"line":104,"column":53}}],"line":104},"8":{"loc":{"start":{"line":105,"column":20},"end":{"line":105,"column":52}},"type":"binary-expr","locations":[{"start":{"line":105,"column":20},"end":{"line":105,"column":39}},{"start":{"line":105,"column":43},"end":{"line":105,"column":52}}],"line":105},"9":{"loc":{"start":{"line":106,"column":26},"end":{"line":106,"column":54}},"type":"binary-expr","locations":[{"start":{"line":106,"column":26},"end":{"line":106,"column":45}},{"start":{"line":106,"column":49},"end":{"line":106,"column":54}}],"line":106},"10":{"loc":{"start":{"line":107,"column":26},"end":{"line":107,"column":54}},"type":"binary-expr","locations":[{"start":{"line":107,"column":26},"end":{"line":107,"column":45}},{"start":{"line":107,"column":49},"end":{"line":107,"column":54}}],"line":107},"11":{"loc":{"start":{"line":108,"column":21},"end":{"line":108,"column":53}},"type":"binary-expr","locations":[{"start":{"line":108,"column":21},"end":{"line":108,"column":40}},{"start":{"line":108,"column":44},"end":{"line":108,"column":53}}],"line":108},"12":{"loc":{"start":{"line":111,"column":22},"end":{"line":111,"column":54}},"type":"binary-expr","locations":[{"start":{"line":111,"column":22},"end":{"line":111,"column":41}},{"start":{"line":111,"column":45},"end":{"line":111,"column":54}}],"line":111},"13":{"loc":{"start":{"line":112,"column":22},"end":{"line":112,"column":54}},"type":"binary-expr","locations":[{"start":{"line":112,"column":22},"end":{"line":112,"column":41}},{"start":{"line":112,"column":45},"end":{"line":112,"column":54}}],"line":112},"14":{"loc":{"start":{"line":115,"column":20},"end":{"line":115,"column":61}},"type":"binary-expr","locations":[{"start":{"line":115,"column":20},"end":{"line":115,"column":39}},{"start":{"line":115,"column":43},"end":{"line":115,"column":61}}],"line":115},"15":{"loc":{"start":{"line":116,"column":26},"end":{"line":116,"column":54}},"type":"binary-expr","locations":[{"start":{"line":116,"column":26},"end":{"line":116,"column":45}},{"start":{"line":116,"column":49},"end":{"line":116,"column":54}}],"line":116},"16":{"loc":{"start":{"line":117,"column":26},"end":{"line":117,"column":54}},"type":"binary-expr","locations":[{"start":{"line":117,"column":26},"end":{"line":117,"column":45}},{"start":{"line":117,"column":49},"end":{"line":117,"column":54}}],"line":117},"17":{"loc":{"start":{"line":119,"column":26},"end":{"line":119,"column":54}},"type":"binary-expr","locations":[{"start":{"line":119,"column":26},"end":{"line":119,"column":45}},{"start":{"line":119,"column":49},"end":{"line":119,"column":54}}],"line":119},"18":{"loc":{"start":{"line":120,"column":26},"end":{"line":120,"column":54}},"type":"binary-expr","locations":[{"start":{"line":120,"column":26},"end":{"line":120,"column":45}},{"start":{"line":120,"column":49},"end":{"line":120,"column":54}}],"line":120},"19":{"loc":{"start":{"line":121,"column":20},"end":{"line":121,"column":49}},"type":"binary-expr","locations":[{"start":{"line":121,"column":20},"end":{"line":121,"column":39}},{"start":{"line":121,"column":43},"end":{"line":121,"column":49}}],"line":121},"20":{"loc":{"start":{"line":122,"column":26},"end":{"line":122,"column":54}},"type":"binary-expr","locations":[{"start":{"line":122,"column":26},"end":{"line":122,"column":45}},{"start":{"line":122,"column":49},"end":{"line":122,"column":54}}],"line":122}},"s":{"0":1,"1":1,"2":1,"3":1,"4":1,"5":1,"6":1,"7":1,"8":1,"9":1,"10":7,"11":7,"12":7,"13":7,"14":7,"15":7,"16":7,"17":7,"18":7,"19":7,"20":7,"21":7,"22":7,"23":7,"24":7,"25":7,"26":7,"27":7,"28":7,"29":7},"f":{"0":1,"1":7,"2":7,"3":7,"4":7,"5":7,"6":7,"7":7,"8":7,"9":7,"10":7,"11":7,"12":7,"13":7,"14":7,"15":7,"16":7,"17":7,"18":7,"19":7,"20":7},"b":{"0":[1,0],"1":[7,1],"2":[7,1],"3":[7,1],"4":[7,1],"5":[7,1],"6":[7,1],"7":[7,1],"8":[7,1],"9":[7,1],"10":[7,1],"11":[7,1],"12":[7,1],"13":[7,1],"14":[7,1],"15":[7,1],"16":[7,1],"17":[7,1],"18":[7,2],"19":[7,2],"20":[7,2]},"_coverageSchema":"1a1c01bbd47fc00a2c39e90264f33305004495a9","hash":"9c3423a0fcf7e63d1fc7870e58afcf0d4c049039"}
,"C:\\Users\\lucas\\Desktop\\ingressoProject\\Frontend-Ingresso\\src\\Components\\LoginComponents\\SectionFirst\\FieldsetComp\\FieldsetComp.tsx": {"path":"C:\\Users\\lucas\\Desktop\\ingressoProject\\Frontend-Ingresso\\src\\Components\\LoginComponents\\SectionFirst\\FieldsetComp\\FieldsetComp.tsx","statementMap":{"0":{"start":{"line":17,"column":21},"end":{"line":147,"column":1}},"1":{"start":{"line":18,"column":40},"end":{"line":18,"column":55}},"2":{"start":{"line":19,"column":56},"end":{"line":19,"column":71}},"3":{"start":{"line":20,"column":52},"end":{"line":20,"column":67}},"4":{"start":{"line":21,"column":60},"end":{"line":21,"column":75}},"5":{"start":{"line":23,"column":24},"end":{"line":23,"column":61}},"6":{"start":{"line":24,"column":27},"end":{"line":24,"column":64}},"7":{"start":{"line":26,"column":48},"end":{"line":26,"column":60}},"8":{"start":{"line":28,"column":4},"end":{"line":28,"column":53}},"9":{"start":{"line":30,"column":19},"end":{"line":30,"column":32}},"10":{"start":{"line":31,"column":16},"end":{"line":31,"column":21}},"11":{"start":{"line":32,"column":2},"end":{"line":57,"column":26}},"12":{"start":{"line":33,"column":4},"end":{"line":56,"column":5}},"13":{"start":{"line":34,"column":21},"end":{"line":34,"column":57}},"14":{"start":{"line":35,"column":20},"end":{"line":35,"column":39}},"15":{"start":{"line":37,"column":6},"end":{"line":55,"column":7}},"16":{"start":{"line":38,"column":25},"end":{"line":38,"column":45}},"17":{"start":{"line":40,"column":8},"end":{"line":40,"column":28}},"18":{"start":{"line":40,"column":21},"end":{"line":40,"column":28}},"19":{"start":{"line":41,"column":8},"end":{"line":41,"column":23}},"20":{"start":{"line":43,"column":28},"end":{"line":43,"column":45}},"21":{"start":{"line":45,"column":31},"end":{"line":45,"column":70}},"22":{"start":{"line":46,"column":35},"end":{"line":46,"column":59}},"23":{"start":{"line":48,"column":31},"end":{"line":48,"column":73}},"24":{"start":{"line":50,"column":27},"end":{"line":50,"column":51}},"25":{"start":{"line":52,"column":8},"end":{"line":54,"column":9}},"26":{"start":{"line":53,"column":10},"end":{"line":53,"column":34}},"27":{"start":{"line":59,"column":27},"end":{"line":66,"column":3}},"28":{"start":{"line":60,"column":16},"end":{"line":60,"column":65}},"29":{"start":{"line":61,"column":4},"end":{"line":65,"column":5}},"30":{"start":{"line":62,"column":19},"end":{"line":62,"column":35}},"31":{"start":{"line":63,"column":23},"end":{"line":63,"column":32}},"32":{"start":{"line":64,"column":6},"end":{"line":64,"column":42}},"33":{"start":{"line":75,"column":32},"end":{"line":82,"column":3}},"34":{"start":{"line":76,"column":4},"end":{"line":81,"column":5}},"35":{"start":{"line":77,"column":6},"end":{"line":77,"column":33}},"36":{"start":{"line":78,"column":6},"end":{"line":78,"column":41}},"37":{"start":{"line":80,"column":6},"end":{"line":80,"column":34}},"38":{"start":{"line":84,"column":36},"end":{"line":91,"column":3}},"39":{"start":{"line":85,"column":4},"end":{"line":90,"column":5}},"40":{"start":{"line":86,"column":6},"end":{"line":86,"column":37}},"41":{"start":{"line":87,"column":6},"end":{"line":87,"column":41}},"42":{"start":{"line":89,"column":6},"end":{"line":89,"column":38}},"43":{"start":{"line":93,"column":22},"end":{"line":95,"column":3}},"44":{"start":{"line":94,"column":4},"end":{"line":94,"column":25}},"45":{"start":{"line":97,"column":21},"end":{"line":99,"column":3}},"46":{"start":{"line":98,"column":4},"end":{"line":98,"column":26}},"47":{"start":{"line":101,"column":30},"end":{"line":103,"column":3}},"48":{"start":{"line":102,"column":4},"end":{"line":102,"column":33}},"49":{"start":{"line":105,"column":29},"end":{"line":107,"column":3}},"50":{"start":{"line":106,"column":4},"end":{"line":106,"column":34}},"51":{"start":{"line":109,"column":2},"end":{"line":146,"column":4}}},"fnMap":{"0":{"name":"(anonymous_0)","decl":{"start":{"line":17,"column":21},"end":{"line":17,"column":22}},"loc":{"start":{"line":17,"column":27},"end":{"line":147,"column":1}},"line":17},"1":{"name":"(anonymous_1)","decl":{"start":{"line":32,"column":12},"end":{"line":32,"column":13}},"loc":{"start":{"line":32,"column":18},"end":{"line":57,"column":3}},"line":32},"2":{"name":"(anonymous_2)","decl":{"start":{"line":59,"column":27},"end":{"line":59,"column":28}},"loc":{"start":{"line":59,"column":52},"end":{"line":66,"column":3}},"line":59},"3":{"name":"(anonymous_3)","decl":{"start":{"line":75,"column":32},"end":{"line":75,"column":33}},"loc":{"start":{"line":75,"column":76},"end":{"line":82,"column":3}},"line":75},"4":{"name":"(anonymous_4)","decl":{"start":{"line":84,"column":36},"end":{"line":84,"column":37}},"loc":{"start":{"line":84,"column":80},"end":{"line":91,"column":3}},"line":84},"5":{"name":"(anonymous_5)","decl":{"start":{"line":93,"column":22},"end":{"line":93,"column":23}},"loc":{"start":{"line":93,"column":28},"end":{"line":95,"column":3}},"line":93},"6":{"name":"(anonymous_6)","decl":{"start":{"line":97,"column":21},"end":{"line":97,"column":22}},"loc":{"start":{"line":97,"column":27},"end":{"line":99,"column":3}},"line":97},"7":{"name":"(anonymous_7)","decl":{"start":{"line":101,"column":30},"end":{"line":101,"column":31}},"loc":{"start":{"line":101,"column":36},"end":{"line":103,"column":3}},"line":101},"8":{"name":"(anonymous_8)","decl":{"start":{"line":105,"column":29},"end":{"line":105,"column":30}},"loc":{"start":{"line":105,"column":35},"end":{"line":107,"column":3}},"line":105}},"branchMap":{"0":{"loc":{"start":{"line":33,"column":4},"end":{"line":56,"column":5}},"type":"if","locations":[{"start":{"line":33,"column":4},"end":{"line":56,"column":5}},{"start":{},"end":{}}],"line":33},"1":{"loc":{"start":{"line":37,"column":6},"end":{"line":55,"column":7}},"type":"if","locations":[{"start":{"line":37,"column":6},"end":{"line":55,"column":7}},{"start":{},"end":{}}],"line":37},"2":{"loc":{"start":{"line":37,"column":10},"end":{"line":37,"column":45}},"type":"binary-expr","locations":[{"start":{"line":37,"column":10},"end":{"line":37,"column":24}},{"start":{"line":37,"column":28},"end":{"line":37,"column":45}}],"line":37},"3":{"loc":{"start":{"line":40,"column":8},"end":{"line":40,"column":28}},"type":"if","locations":[{"start":{"line":40,"column":8},"end":{"line":40,"column":28}},{"start":{},"end":{}}],"line":40},"4":{"loc":{"start":{"line":52,"column":8},"end":{"line":54,"column":9}},"type":"if","locations":[{"start":{"line":52,"column":8},"end":{"line":54,"column":9}},{"start":{},"end":{}}],"line":52},"5":{"loc":{"start":{"line":61,"column":4},"end":{"line":65,"column":5}},"type":"if","locations":[{"start":{"line":61,"column":4},"end":{"line":65,"column":5}},{"start":{},"end":{}}],"line":61},"6":{"loc":{"start":{"line":76,"column":4},"end":{"line":81,"column":5}},"type":"if","locations":[{"start":{"line":76,"column":4},"end":{"line":81,"column":5}},{"start":{"line":79,"column":11},"end":{"line":81,"column":5}}],"line":76},"7":{"loc":{"start":{"line":85,"column":4},"end":{"line":90,"column":5}},"type":"if","locations":[{"start":{"line":85,"column":4},"end":{"line":90,"column":5}},{"start":{"line":88,"column":11},"end":{"line":90,"column":5}}],"line":85}},"s":{"0":2,"1":2,"2":2,"3":2,"4":2,"5":2,"6":2,"7":2,"8":2,"9":2,"10":2,"11":2,"12":2,"13":0,"14":0,"15":0,"16":0,"17":0,"18":0,"19":0,"20":0,"21":0,"22":0,"23":0,"24":0,"25":0,"26":0,"27":2,"28":0,"29":0,"30":0,"31":0,"32":0,"33":2,"34":0,"35":0,"36":0,"37":0,"38":2,"39":0,"40":0,"41":0,"42":0,"43":2,"44":0,"45":2,"46":0,"47":2,"48":0,"49":2,"50":0,"51":2},"f":{"0":2,"1":2,"2":0,"3":0,"4":0,"5":0,"6":0,"7":0,"8":0},"b":{"0":[0,2],"1":[0,0],"2":[0,0],"3":[0,0],"4":[0,0],"5":[0,0],"6":[0,0],"7":[0,0]},"_coverageSchema":"1a1c01bbd47fc00a2c39e90264f33305004495a9","hash":"b626a13789dd473219bd1c09f260e007009b0834"}
,"C:\\Users\\lucas\\Desktop\\ingressoProject\\Frontend-Ingresso\\src\\Components\\LoginComponents\\SectionFirst\\FieldsetComp\\styled.ts": {"path":"C:\\Users\\lucas\\Desktop\\ingressoProject\\Frontend-Ingresso\\src\\Components\\LoginComponents\\SectionFirst\\FieldsetComp\\styled.ts","statementMap":{"0":{"start":{"line":3,"column":24},"end":{"line":11,"column":1}},"1":{"start":{"line":17,"column":37},"end":{"line":28,"column":1}},"2":{"start":{"line":25,"column":28},"end":{"line":25,"column":83}},"3":{"start":{"line":34,"column":33},"end":{"line":47,"column":1}},"4":{"start":{"line":45,"column":22},"end":{"line":45,"column":71}},"5":{"start":{"line":53,"column":27},"end":{"line":61,"column":1}},"6":{"start":{"line":56,"column":18},"end":{"line":56,"column":66}},"7":{"start":{"line":57,"column":24},"end":{"line":57,"column":73}},"8":{"start":{"line":67,"column":21},"end":{"line":76,"column":1}},"9":{"start":{"line":72,"column":22},"end":{"line":72,"column":74}},"10":{"start":{"line":73,"column":26},"end":{"line":73,"column":71}},"11":{"start":{"line":74,"column":27},"end":{"line":74,"column":72}},"12":{"start":{"line":75,"column":29},"end":{"line":75,"column":73}}},"fnMap":{"0":{"name":"(anonymous_0)","decl":{"start":{"line":25,"column":18},"end":{"line":25,"column":19}},"loc":{"start":{"line":25,"column":28},"end":{"line":25,"column":83}},"line":25},"1":{"name":"(anonymous_1)","decl":{"start":{"line":45,"column":12},"end":{"line":45,"column":13}},"loc":{"start":{"line":45,"column":22},"end":{"line":45,"column":71}},"line":45},"2":{"name":"(anonymous_2)","decl":{"start":{"line":56,"column":9},"end":{"line":56,"column":10}},"loc":{"start":{"line":56,"column":18},"end":{"line":56,"column":66}},"line":56},"3":{"name":"(anonymous_3)","decl":{"start":{"line":57,"column":15},"end":{"line":57,"column":16}},"loc":{"start":{"line":57,"column":24},"end":{"line":57,"column":73}},"line":57},"4":{"name":"(anonymous_4)","decl":{"start":{"line":72,"column":13},"end":{"line":72,"column":14}},"loc":{"start":{"line":72,"column":22},"end":{"line":72,"column":74}},"line":72},"5":{"name":"(anonymous_5)","decl":{"start":{"line":73,"column":17},"end":{"line":73,"column":18}},"loc":{"start":{"line":73,"column":26},"end":{"line":73,"column":71}},"line":73},"6":{"name":"(anonymous_6)","decl":{"start":{"line":74,"column":18},"end":{"line":74,"column":19}},"loc":{"start":{"line":74,"column":27},"end":{"line":74,"column":72}},"line":74},"7":{"name":"(anonymous_7)","decl":{"start":{"line":75,"column":20},"end":{"line":75,"column":21}},"loc":{"start":{"line":75,"column":29},"end":{"line":75,"column":73}},"line":75}},"branchMap":{"0":{"loc":{"start":{"line":25,"column":28},"end":{"line":25,"column":83}},"type":"cond-expr","locations":[{"start":{"line":25,"column":60},"end":{"line":25,"column":69}},{"start":{"line":25,"column":72},"end":{"line":25,"column":83}}],"line":25},"1":{"loc":{"start":{"line":45,"column":22},"end":{"line":45,"column":71}},"type":"cond-expr","locations":[{"start":{"line":45,"column":48},"end":{"line":45,"column":57}},{"start":{"line":45,"column":60},"end":{"line":45,"column":71}}],"line":45},"2":{"loc":{"start":{"line":56,"column":18},"end":{"line":56,"column":66}},"type":"cond-expr","locations":[{"start":{"line":56,"column":52},"end":{"line":56,"column":57}},{"start":{"line":56,"column":60},"end":{"line":56,"column":66}}],"line":56},"3":{"loc":{"start":{"line":57,"column":24},"end":{"line":57,"column":73}},"type":"cond-expr","locations":[{"start":{"line":57,"column":58},"end":{"line":57,"column":64}},{"start":{"line":57,"column":67},"end":{"line":57,"column":73}}],"line":57},"4":{"loc":{"start":{"line":72,"column":22},"end":{"line":72,"column":74}},"type":"cond-expr","locations":[{"start":{"line":72,"column":60},"end":{"line":72,"column":65}},{"start":{"line":72,"column":68},"end":{"line":72,"column":74}}],"line":72},"5":{"loc":{"start":{"line":73,"column":26},"end":{"line":73,"column":71}},"type":"binary-expr","locations":[{"start":{"line":73,"column":26},"end":{"line":73,"column":61}},{"start":{"line":73,"column":65},"end":{"line":73,"column":71}}],"line":73},"6":{"loc":{"start":{"line":74,"column":27},"end":{"line":74,"column":72}},"type":"binary-expr","locations":[{"start":{"line":74,"column":27},"end":{"line":74,"column":62}},{"start":{"line":74,"column":66},"end":{"line":74,"column":72}}],"line":74},"7":{"loc":{"start":{"line":75,"column":29},"end":{"line":75,"column":73}},"type":"binary-expr","locations":[{"start":{"line":75,"column":29},"end":{"line":75,"column":64}},{"start":{"line":75,"column":68},"end":{"line":75,"column":73}}],"line":75}},"s":{"0":2,"1":2,"2":4,"3":2,"4":4,"5":2,"6":4,"7":4,"8":2,"9":4,"10":4,"11":4,"12":4},"f":{"0":4,"1":4,"2":4,"3":4,"4":4,"5":4,"6":4,"7":4},"b":{"0":[0,4],"1":[0,4],"2":[0,4],"3":[0,4],"4":[0,4],"5":[4,0],"6":[4,0],"7":[4,0]},"_coverageSchema":"1a1c01bbd47fc00a2c39e90264f33305004495a9","hash":"e7864fc4c0b18fbbcb5adb4ed8c5d8c5f77c84a7"}
,"C:\\Users\\lucas\\Desktop\\ingressoProject\\Frontend-Ingresso\\src\\Components\\LoginComponents\\SectionFirst\\Form\\Form.tsx": {"path":"C:\\Users\\lucas\\Desktop\\ingressoProject\\Frontend-Ingresso\\src\\Components\\LoginComponents\\SectionFirst\\Form\\Form.tsx","statementMap":{"0":{"start":{"line":6,"column":13},"end":{"line":15,"column":1}},"1":{"start":{"line":7,"column":38},"end":{"line":7,"column":53}},"2":{"start":{"line":9,"column":2},"end":{"line":14,"column":4}}},"fnMap":{"0":{"name":"(anonymous_0)","decl":{"start":{"line":6,"column":13},"end":{"line":6,"column":14}},"loc":{"start":{"line":6,"column":19},"end":{"line":15,"column":1}},"line":6}},"branchMap":{},"s":{"0":1,"1":1,"2":1},"f":{"0":1},"b":{},"_coverageSchema":"1a1c01bbd47fc00a2c39e90264f33305004495a9","hash":"0da4b93c3c53426f6f2e5c095935b87317ebe362"}
,"C:\\Users\\lucas\\Desktop\\ingressoProject\\Frontend-Ingresso\\src\\Components\\LoginComponents\\SectionFirst\\Form\\styled.ts": {"path":"C:\\Users\\lucas\\Desktop\\ingressoProject\\Frontend-Ingresso\\src\\Components\\LoginComponents\\SectionFirst\\Form\\styled.ts","statementMap":{"0":{"start":{"line":3,"column":29},"end":{"line":3,"column":42}}},"fnMap":{},"branchMap":{},"s":{"0":1},"f":{},"b":{},"_coverageSchema":"1a1c01bbd47fc00a2c39e90264f33305004495a9","hash":"56eb651f4a19da5f473c2a8031e8ff20df1a70a4"}
,"C:\\Users\\lucas\\Desktop\\ingressoProject\\Frontend-Ingresso\\src\\Components\\LoginComponents\\SectionFirst\\Header\\Header.tsx": {"path":"C:\\Users\\lucas\\Desktop\\ingressoProject\\Frontend-Ingresso\\src\\Components\\LoginComponents\\SectionFirst\\Header\\Header.tsx","statementMap":{"0":{"start":{"line":3,"column":15},"end":{"line":9,"column":1}},"1":{"start":{"line":4,"column":2},"end":{"line":8,"column":4}}},"fnMap":{"0":{"name":"(anonymous_0)","decl":{"start":{"line":3,"column":15},"end":{"line":3,"column":16}},"loc":{"start":{"line":3,"column":21},"end":{"line":9,"column":1}},"line":3}},"branchMap":{},"s":{"0":1,"1":1},"f":{"0":1},"b":{},"_coverageSchema":"1a1c01bbd47fc00a2c39e90264f33305004495a9","hash":"607f099dd3bc4888a4a61eeacfbbe54453bc8729"}
,"C:\\Users\\lucas\\Desktop\\ingressoProject\\Frontend-Ingresso\\src\\Components\\LoginComponents\\SectionFirst\\Header\\styled.ts": {"path":"C:\\Users\\lucas\\Desktop\\ingressoProject\\Frontend-Ingresso\\src\\Components\\LoginComponents\\SectionFirst\\Header\\styled.ts","statementMap":{"0":{"start":{"line":3,"column":31},"end":{"line":3,"column":46}},"1":{"start":{"line":5,"column":18},"end":{"line":8,"column":1}}},"fnMap":{},"branchMap":{},"s":{"0":1,"1":1},"f":{},"b":{},"_coverageSchema":"1a1c01bbd47fc00a2c39e90264f33305004495a9","hash":"2f9b5b9a1c309063ea3408a11337cbad9c2d17e2"}
,"C:\\Users\\lucas\\Desktop\\ingressoProject\\Frontend-Ingresso\\src\\Components\\RegistrationComponents\\AdditionalMessages\\AdditionalMessages.tsx": {"path":"C:\\Users\\lucas\\Desktop\\ingressoProject\\Frontend-Ingresso\\src\\Components\\RegistrationComponents\\AdditionalMessages\\AdditionalMessages.tsx","statementMap":{"0":{"start":{"line":15,"column":27},"end":{"line":70,"column":1}},"1":{"start":{"line":16,"column":40},"end":{"line":16,"column":55}},"2":{"start":{"line":18,"column":27},"end":{"line":20,"column":3}},"3":{"start":{"line":19,"column":4},"end":{"line":19,"column":36}},"4":{"start":{"line":19,"column":29},"end":{"line":19,"column":34}},"5":{"start":{"line":22,"column":2},"end":{"line":32,"column":9}},"6":{"start":{"line":23,"column":19},"end":{"line":23,"column":51}},"7":{"start":{"line":24,"column":4},"end":{"line":24,"column":59}},"8":{"start":{"line":25,"column":4},"end":{"line":25,"column":24}},"9":{"start":{"line":26,"column":4},"end":{"line":26,"column":24}},"10":{"start":{"line":27,"column":4},"end":{"line":27,"column":38}},"11":{"start":{"line":29,"column":4},"end":{"line":31,"column":6}},"12":{"start":{"line":30,"column":6},"end":{"line":30,"column":40}},"13":{"start":{"line":34,"column":2},"end":{"line":36,"column":9}},"14":{"start":{"line":35,"column":4},"end":{"line":35,"column":49}},"15":{"start":{"line":38,"column":2},"end":{"line":69,"column":4}}},"fnMap":{"0":{"name":"(anonymous_0)","decl":{"start":{"line":15,"column":27},"end":{"line":15,"column":28}},"loc":{"start":{"line":15,"column":79},"end":{"line":70,"column":1}},"line":15},"1":{"name":"(anonymous_1)","decl":{"start":{"line":18,"column":27},"end":{"line":18,"column":28}},"loc":{"start":{"line":18,"column":33},"end":{"line":20,"column":3}},"line":18},"2":{"name":"(anonymous_2)","decl":{"start":{"line":19,"column":19},"end":{"line":19,"column":20}},"loc":{"start":{"line":19,"column":29},"end":{"line":19,"column":34}},"line":19},"3":{"name":"(anonymous_3)","decl":{"start":{"line":22,"column":12},"end":{"line":22,"column":13}},"loc":{"start":{"line":22,"column":18},"end":{"line":32,"column":3}},"line":22},"4":{"name":"(anonymous_4)","decl":{"start":{"line":29,"column":11},"end":{"line":29,"column":12}},"loc":{"start":{"line":29,"column":17},"end":{"line":31,"column":5}},"line":29},"5":{"name":"(anonymous_5)","decl":{"start":{"line":34,"column":12},"end":{"line":34,"column":13}},"loc":{"start":{"line":34,"column":18},"end":{"line":36,"column":3}},"line":34}},"branchMap":{"0":{"loc":{"start":{"line":43,"column":13},"end":{"line":43,"column":40}},"type":"binary-expr","locations":[{"start":{"line":43,"column":13},"end":{"line":43,"column":24}},{"start":{"line":43,"column":28},"end":{"line":43,"column":40}}],"line":43}},"s":{"0":1,"1":4,"2":4,"3":0,"4":0,"5":4,"6":2,"7":2,"8":2,"9":2,"10":2,"11":2,"12":2,"13":4,"14":2,"15":4},"f":{"0":4,"1":0,"2":0,"3":2,"4":2,"5":2},"b":{"0":[4,0]},"_coverageSchema":"1a1c01bbd47fc00a2c39e90264f33305004495a9","hash":"83952b65b5af1f2446b46ed91032a4d0777e01eb"}
,"C:\\Users\\lucas\\Desktop\\ingressoProject\\Frontend-Ingresso\\src\\Components\\RegistrationComponents\\AdditionalMessages\\styled.ts": {"path":"C:\\Users\\lucas\\Desktop\\ingressoProject\\Frontend-Ingresso\\src\\Components\\RegistrationComponents\\AdditionalMessages\\styled.ts","statementMap":{"0":{"start":{"line":3,"column":32},"end":{"line":5,"column":1}},"1":{"start":{"line":7,"column":54},"end":{"line":11,"column":1}},"2":{"start":{"line":13,"column":33},"end":{"line":17,"column":1}},"3":{"start":{"line":23,"column":21},"end":{"line":55,"column":1}},"4":{"start":{"line":49,"column":33},"end":{"line":49,"column":73}},"5":{"start":{"line":61,"column":17},"end":{"line":69,"column":1}},"6":{"start":{"line":64,"column":25},"end":{"line":64,"column":53}},"7":{"start":{"line":65,"column":28},"end":{"line":65,"column":57}},"8":{"start":{"line":66,"column":24},"end":{"line":66,"column":53}},"9":{"start":{"line":67,"column":25},"end":{"line":67,"column":54}},"10":{"start":{"line":68,"column":25},"end":{"line":68,"column":54}},"11":{"start":{"line":75,"column":20},"end":{"line":84,"column":1}},"12":{"start":{"line":78,"column":20},"end":{"line":78,"column":52}},"13":{"start":{"line":79,"column":21},"end":{"line":79,"column":53}},"14":{"start":{"line":82,"column":22},"end":{"line":82,"column":56}},"15":{"start":{"line":86,"column":34},"end":{"line":86,"column":46}}},"fnMap":{"0":{"name":"(anonymous_0)","decl":{"start":{"line":49,"column":24},"end":{"line":49,"column":25}},"loc":{"start":{"line":49,"column":33},"end":{"line":49,"column":73}},"line":49},"1":{"name":"(anonymous_1)","decl":{"start":{"line":64,"column":16},"end":{"line":64,"column":17}},"loc":{"start":{"line":64,"column":25},"end":{"line":64,"column":53}},"line":64},"2":{"name":"(anonymous_2)","decl":{"start":{"line":65,"column":19},"end":{"line":65,"column":20}},"loc":{"start":{"line":65,"column":28},"end":{"line":65,"column":57}},"line":65},"3":{"name":"(anonymous_3)","decl":{"start":{"line":66,"column":15},"end":{"line":66,"column":16}},"loc":{"start":{"line":66,"column":24},"end":{"line":66,"column":53}},"line":66},"4":{"name":"(anonymous_4)","decl":{"start":{"line":67,"column":16},"end":{"line":67,"column":17}},"loc":{"start":{"line":67,"column":25},"end":{"line":67,"column":54}},"line":67},"5":{"name":"(anonymous_5)","decl":{"start":{"line":68,"column":16},"end":{"line":68,"column":17}},"loc":{"start":{"line":68,"column":25},"end":{"line":68,"column":54}},"line":68},"6":{"name":"(anonymous_6)","decl":{"start":{"line":78,"column":11},"end":{"line":78,"column":12}},"loc":{"start":{"line":78,"column":20},"end":{"line":78,"column":52}},"line":78},"7":{"name":"(anonymous_7)","decl":{"start":{"line":79,"column":12},"end":{"line":79,"column":13}},"loc":{"start":{"line":79,"column":21},"end":{"line":79,"column":53}},"line":79},"8":{"name":"(anonymous_8)","decl":{"start":{"line":82,"column":13},"end":{"line":82,"column":14}},"loc":{"start":{"line":82,"column":22},"end":{"line":82,"column":56}},"line":82}},"branchMap":{"0":{"loc":{"start":{"line":49,"column":33},"end":{"line":49,"column":73}},"type":"binary-expr","locations":[{"start":{"line":49,"column":33},"end":{"line":49,"column":62}},{"start":{"line":49,"column":66},"end":{"line":49,"column":73}}],"line":49},"1":{"loc":{"start":{"line":64,"column":25},"end":{"line":64,"column":53}},"type":"binary-expr","locations":[{"start":{"line":64,"column":25},"end":{"line":64,"column":44}},{"start":{"line":64,"column":48},"end":{"line":64,"column":53}}],"line":64},"2":{"loc":{"start":{"line":65,"column":28},"end":{"line":65,"column":57}},"type":"binary-expr","locations":[{"start":{"line":65,"column":28},"end":{"line":65,"column":47}},{"start":{"line":65,"column":51},"end":{"line":65,"column":57}}],"line":65},"3":{"loc":{"start":{"line":66,"column":24},"end":{"line":66,"column":53}},"type":"binary-expr","locations":[{"start":{"line":66,"column":24},"end":{"line":66,"column":43}},{"start":{"line":66,"column":47},"end":{"line":66,"column":53}}],"line":66},"4":{"loc":{"start":{"line":67,"column":25},"end":{"line":67,"column":54}},"type":"binary-expr","locations":[{"start":{"line":67,"column":25},"end":{"line":67,"column":44}},{"start":{"line":67,"column":48},"end":{"line":67,"column":54}}],"line":67},"5":{"loc":{"start":{"line":68,"column":25},"end":{"line":68,"column":54}},"type":"binary-expr","locations":[{"start":{"line":68,"column":25},"end":{"line":68,"column":44}},{"start":{"line":68,"column":48},"end":{"line":68,"column":54}}],"line":68},"6":{"loc":{"start":{"line":78,"column":20},"end":{"line":78,"column":52}},"type":"binary-expr","locations":[{"start":{"line":78,"column":20},"end":{"line":78,"column":39}},{"start":{"line":78,"column":43},"end":{"line":78,"column":52}}],"line":78},"7":{"loc":{"start":{"line":79,"column":21},"end":{"line":79,"column":53}},"type":"binary-expr","locations":[{"start":{"line":79,"column":21},"end":{"line":79,"column":40}},{"start":{"line":79,"column":44},"end":{"line":79,"column":53}}],"line":79},"8":{"loc":{"start":{"line":82,"column":22},"end":{"line":82,"column":56}},"type":"binary-expr","locations":[{"start":{"line":82,"column":22},"end":{"line":82,"column":41}},{"start":{"line":82,"column":45},"end":{"line":82,"column":56}}],"line":82}},"s":{"0":1,"1":1,"2":1,"3":1,"4":4,"5":1,"6":12,"7":12,"8":12,"9":12,"10":12,"11":1,"12":28,"13":28,"14":28,"15":1},"f":{"0":4,"1":12,"2":12,"3":12,"4":12,"5":12,"6":28,"7":28,"8":28},"b":{"0":[4,0],"1":[12,0],"2":[12,0],"3":[12,4],"4":[12,4],"5":[12,8],"6":[28,24],"7":[28,24],"8":[28,24]},"_coverageSchema":"1a1c01bbd47fc00a2c39e90264f33305004495a9","hash":"c4ee34996dd966a7daae4cc4f72e418492c2e6a7"}
,"C:\\Users\\lucas\\Desktop\\ingressoProject\\Frontend-Ingresso\\src\\Components\\RegistrationComponents\\BirthdayAndGender\\BirthdayAndGender.tsx": {"path":"C:\\Users\\lucas\\Desktop\\ingressoProject\\Frontend-Ingresso\\src\\Components\\RegistrationComponents\\BirthdayAndGender\\BirthdayAndGender.tsx","statementMap":{"0":{"start":{"line":12,"column":26},"end":{"line":187,"column":1}},"1":{"start":{"line":13,"column":43},"end":{"line":13,"column":58}},"2":{"start":{"line":14,"column":51},"end":{"line":14,"column":66}},"3":{"start":{"line":15,"column":55},"end":{"line":15,"column":70}},"4":{"start":{"line":16,"column":31},"end":{"line":16,"column":58}},"5":{"start":{"line":17,"column":25},"end":{"line":17,"column":63}},"6":{"start":{"line":18,"column":30},"end":{"line":18,"column":68}},"7":{"start":{"line":19,"column":24},"end":{"line":19,"column":62}},"8":{"start":{"line":20,"column":26},"end":{"line":20,"column":64}},"9":{"start":{"line":21,"column":19},"end":{"line":21,"column":39}},"10":{"start":{"line":23,"column":2},"end":{"line":49,"column":22}},"11":{"start":{"line":24,"column":23},"end":{"line":24,"column":47}},"12":{"start":{"line":25,"column":16},"end":{"line":25,"column":44}},"13":{"start":{"line":26,"column":17},"end":{"line":26,"column":65}},"14":{"start":{"line":27,"column":22},"end":{"line":27,"column":36}},"15":{"start":{"line":29,"column":17},"end":{"line":29,"column":53}},"16":{"start":{"line":30,"column":24},"end":{"line":30,"column":44}},"17":{"start":{"line":31,"column":18},"end":{"line":31,"column":20}},"18":{"start":{"line":33,"column":4},"end":{"line":35,"column":5}},"19":{"start":{"line":33,"column":17},"end":{"line":33,"column":18}},"20":{"start":{"line":34,"column":6},"end":{"line":34,"column":20}},"21":{"start":{"line":36,"column":4},"end":{"line":36,"column":22}},"22":{"start":{"line":38,"column":24},"end":{"line":38,"column":44}},"23":{"start":{"line":39,"column":22},"end":{"line":39,"column":32}},"24":{"start":{"line":41,"column":24},"end":{"line":41,"column":82}},"25":{"start":{"line":42,"column":4},"end":{"line":42,"column":44}},"26":{"start":{"line":42,"column":37},"end":{"line":42,"column":44}},"27":{"start":{"line":44,"column":4},"end":{"line":48,"column":7}},"28":{"start":{"line":45,"column":6},"end":{"line":47,"column":7}},"29":{"start":{"line":46,"column":8},"end":{"line":46,"column":52}},"30":{"start":{"line":51,"column":28},"end":{"line":53,"column":3}},"31":{"start":{"line":52,"column":4},"end":{"line":52,"column":37}},"32":{"start":{"line":52,"column":30},"end":{"line":52,"column":35}},"33":{"start":{"line":55,"column":32},"end":{"line":57,"column":3}},"34":{"start":{"line":56,"column":4},"end":{"line":56,"column":41}},"35":{"start":{"line":56,"column":34},"end":{"line":56,"column":39}},"36":{"start":{"line":59,"column":34},"end":{"line":61,"column":3}},"37":{"start":{"line":60,"column":4},"end":{"line":60,"column":43}},"38":{"start":{"line":60,"column":36},"end":{"line":60,"column":41}},"39":{"start":{"line":63,"column":2},"end":{"line":92,"column":93}},"40":{"start":{"line":64,"column":14},"end":{"line":64,"column":57}},"41":{"start":{"line":65,"column":16},"end":{"line":65,"column":44}},"42":{"start":{"line":66,"column":15},"end":{"line":66,"column":52}},"43":{"start":{"line":67,"column":24},"end":{"line":67,"column":45}},"44":{"start":{"line":69,"column":4},"end":{"line":91,"column":5}},"45":{"start":{"line":70,"column":25},"end":{"line":70,"column":27}},"46":{"start":{"line":71,"column":6},"end":{"line":75,"column":7}},"47":{"start":{"line":72,"column":8},"end":{"line":72,"column":57}},"48":{"start":{"line":73,"column":8},"end":{"line":73,"column":34}},"49":{"start":{"line":74,"column":8},"end":{"line":74,"column":15}},"50":{"start":{"line":77,"column":6},"end":{"line":85,"column":7}},"51":{"start":{"line":78,"column":8},"end":{"line":78,"column":56}},"52":{"start":{"line":79,"column":8},"end":{"line":79,"column":34}},"53":{"start":{"line":80,"column":8},"end":{"line":80,"column":15}},"54":{"start":{"line":81,"column":13},"end":{"line":85,"column":7}},"55":{"start":{"line":82,"column":8},"end":{"line":82,"column":56}},"56":{"start":{"line":83,"column":8},"end":{"line":83,"column":34}},"57":{"start":{"line":84,"column":8},"end":{"line":84,"column":15}},"58":{"start":{"line":87,"column":6},"end":{"line":87,"column":53}},"59":{"start":{"line":88,"column":6},"end":{"line":88,"column":32}},"60":{"start":{"line":90,"column":6},"end":{"line":90,"column":22}},"61":{"start":{"line":94,"column":25},"end":{"line":139,"column":3}},"62":{"start":{"line":95,"column":22},"end":{"line":95,"column":23}},"63":{"start":{"line":97,"column":4},"end":{"line":137,"column":5}},"64":{"start":{"line":99,"column":8},"end":{"line":99,"column":24}},"65":{"start":{"line":100,"column":8},"end":{"line":100,"column":14}},"66":{"start":{"line":102,"column":8},"end":{"line":102,"column":24}},"67":{"start":{"line":103,"column":8},"end":{"line":103,"column":14}},"68":{"start":{"line":105,"column":8},"end":{"line":105,"column":24}},"69":{"start":{"line":106,"column":8},"end":{"line":106,"column":14}},"70":{"start":{"line":108,"column":8},"end":{"line":108,"column":24}},"71":{"start":{"line":109,"column":8},"end":{"line":109,"column":14}},"72":{"start":{"line":111,"column":8},"end":{"line":111,"column":24}},"73":{"start":{"line":112,"column":8},"end":{"line":112,"column":14}},"74":{"start":{"line":114,"column":8},"end":{"line":114,"column":24}},"75":{"start":{"line":115,"column":8},"end":{"line":115,"column":14}},"76":{"start":{"line":117,"column":8},"end":{"line":117,"column":24}},"77":{"start":{"line":118,"column":8},"end":{"line":118,"column":14}},"78":{"start":{"line":120,"column":8},"end":{"line":120,"column":24}},"79":{"start":{"line":121,"column":8},"end":{"line":121,"column":14}},"80":{"start":{"line":123,"column":8},"end":{"line":123,"column":24}},"81":{"start":{"line":124,"column":8},"end":{"line":124,"column":14}},"82":{"start":{"line":126,"column":8},"end":{"line":126,"column":25}},"83":{"start":{"line":127,"column":8},"end":{"line":127,"column":14}},"84":{"start":{"line":129,"column":8},"end":{"line":129,"column":25}},"85":{"start":{"line":130,"column":8},"end":{"line":130,"column":14}},"86":{"start":{"line":132,"column":8},"end":{"line":132,"column":25}},"87":{"start":{"line":133,"column":8},"end":{"line":133,"column":14}},"88":{"start":{"line":135,"column":8},"end":{"line":135,"column":25}},"89":{"start":{"line":136,"column":8},"end":{"line":136,"column":14}},"90":{"start":{"line":138,"column":4},"end":{"line":138,"column":23}},"91":{"start":{"line":141,"column":2},"end":{"line":144,"column":53}},"92":{"start":{"line":142,"column":19},"end":{"line":142,"column":48}},"93":{"start":{"line":143,"column":4},"end":{"line":143,"column":22}},"94":{"start":{"line":146,"column":2},"end":{"line":186,"column":4}},"95":{"start":{"line":174,"column":12},"end":{"line":174,"column":68}}},"fnMap":{"0":{"name":"(anonymous_0)","decl":{"start":{"line":12,"column":26},"end":{"line":12,"column":27}},"loc":{"start":{"line":12,"column":82},"end":{"line":187,"column":1}},"line":12},"1":{"name":"(anonymous_1)","decl":{"start":{"line":23,"column":12},"end":{"line":23,"column":13}},"loc":{"start":{"line":23,"column":18},"end":{"line":49,"column":3}},"line":23},"2":{"name":"(anonymous_2)","decl":{"start":{"line":44,"column":24},"end":{"line":44,"column":25}},"loc":{"start":{"line":44,"column":34},"end":{"line":48,"column":5}},"line":44},"3":{"name":"(anonymous_3)","decl":{"start":{"line":51,"column":28},"end":{"line":51,"column":29}},"loc":{"start":{"line":51,"column":34},"end":{"line":53,"column":3}},"line":51},"4":{"name":"(anonymous_4)","decl":{"start":{"line":52,"column":20},"end":{"line":52,"column":21}},"loc":{"start":{"line":52,"column":30},"end":{"line":52,"column":35}},"line":52},"5":{"name":"(anonymous_5)","decl":{"start":{"line":55,"column":32},"end":{"line":55,"column":33}},"loc":{"start":{"line":55,"column":38},"end":{"line":57,"column":3}},"line":55},"6":{"name":"(anonymous_6)","decl":{"start":{"line":56,"column":24},"end":{"line":56,"column":25}},"loc":{"start":{"line":56,"column":34},"end":{"line":56,"column":39}},"line":56},"7":{"name":"(anonymous_7)","decl":{"start":{"line":59,"column":34},"end":{"line":59,"column":35}},"loc":{"start":{"line":59,"column":40},"end":{"line":61,"column":3}},"line":59},"8":{"name":"(anonymous_8)","decl":{"start":{"line":60,"column":26},"end":{"line":60,"column":27}},"loc":{"start":{"line":60,"column":36},"end":{"line":60,"column":41}},"line":60},"9":{"name":"(anonymous_9)","decl":{"start":{"line":63,"column":12},"end":{"line":63,"column":13}},"loc":{"start":{"line":63,"column":18},"end":{"line":92,"column":3}},"line":63},"10":{"name":"(anonymous_10)","decl":{"start":{"line":94,"column":25},"end":{"line":94,"column":26}},"loc":{"start":{"line":94,"column":44},"end":{"line":139,"column":3}},"line":94},"11":{"name":"(anonymous_11)","decl":{"start":{"line":141,"column":12},"end":{"line":141,"column":13}},"loc":{"start":{"line":141,"column":18},"end":{"line":144,"column":3}},"line":141},"12":{"name":"(anonymous_12)","decl":{"start":{"line":173,"column":32},"end":{"line":173,"column":33}},"loc":{"start":{"line":174,"column":12},"end":{"line":174,"column":68}},"line":174}},"branchMap":{"0":{"loc":{"start":{"line":42,"column":4},"end":{"line":42,"column":44}},"type":"if","locations":[{"start":{"line":42,"column":4},"end":{"line":42,"column":44}},{"start":{},"end":{}}],"line":42},"1":{"loc":{"start":{"line":45,"column":6},"end":{"line":47,"column":7}},"type":"if","locations":[{"start":{"line":45,"column":6},"end":{"line":47,"column":7}},{"start":{},"end":{}}],"line":45},"2":{"loc":{"start":{"line":69,"column":4},"end":{"line":91,"column":5}},"type":"if","locations":[{"start":{"line":69,"column":4},"end":{"line":91,"column":5}},{"start":{"line":89,"column":11},"end":{"line":91,"column":5}}],"line":69},"3":{"loc":{"start":{"line":69,"column":8},"end":{"line":69,"column":50}},"type":"binary-expr","locations":[{"start":{"line":69,"column":8},"end":{"line":69,"column":23}},{"start":{"line":69,"column":27},"end":{"line":69,"column":34}},{"start":{"line":69,"column":38},"end":{"line":69,"column":50}}],"line":69},"4":{"loc":{"start":{"line":71,"column":6},"end":{"line":75,"column":7}},"type":"if","locations":[{"start":{"line":71,"column":6},"end":{"line":75,"column":7}},{"start":{},"end":{}}],"line":71},"5":{"loc":{"start":{"line":71,"column":10},"end":{"line":71,"column":38}},"type":"binary-expr","locations":[{"start":{"line":71,"column":10},"end":{"line":71,"column":18}},{"start":{"line":71,"column":22},"end":{"line":71,"column":38}}],"line":71},"6":{"loc":{"start":{"line":77,"column":6},"end":{"line":85,"column":7}},"type":"if","locations":[{"start":{"line":77,"column":6},"end":{"line":85,"column":7}},{"start":{"line":81,"column":13},"end":{"line":85,"column":7}}],"line":77},"7":{"loc":{"start":{"line":81,"column":13},"end":{"line":85,"column":7}},"type":"if","locations":[{"start":{"line":81,"column":13},"end":{"line":85,"column":7}},{"start":{},"end":{}}],"line":81},"8":{"loc":{"start":{"line":97,"column":4},"end":{"line":137,"column":5}},"type":"switch","locations":[{"start":{"line":98,"column":6},"end":{"line":100,"column":14}},{"start":{"line":101,"column":6},"end":{"line":103,"column":14}},{"start":{"line":104,"column":6},"end":{"line":106,"column":14}},{"start":{"line":107,"column":6},"end":{"line":109,"column":14}},{"start":{"line":110,"column":6},"end":{"line":112,"column":14}},{"start":{"line":113,"column":6},"end":{"line":115,"column":14}},{"start":{"line":116,"column":6},"end":{"line":118,"column":14}},{"start":{"line":119,"column":6},"end":{"line":121,"column":14}},{"start":{"line":122,"column":6},"end":{"line":124,"column":14}},{"start":{"line":125,"column":6},"end":{"line":127,"column":14}},{"start":{"line":128,"column":6},"end":{"line":130,"column":14}},{"start":{"line":131,"column":6},"end":{"line":133,"column":14}},{"start":{"line":134,"column":6},"end":{"line":136,"column":14}}],"line":97}},"s":{"0":2,"1":8,"2":8,"3":8,"4":8,"5":8,"6":8,"7":8,"8":8,"9":8,"10":8,"11":4,"12":4,"13":4,"14":4,"15":4,"16":4,"17":4,"18":4,"19":4,"20":0,"21":4,"22":4,"23":4,"24":4,"25":4,"26":0,"27":4,"28":496,"29":496,"30":8,"31":0,"32":0,"33":8,"34":0,"35":0,"36":8,"37":0,"38":0,"39":8,"40":4,"41":4,"42":4,"43":4,"44":4,"45":0,"46":0,"47":0,"48":0,"49":0,"50":0,"51":0,"52":0,"53":0,"54":0,"55":0,"56":0,"57":0,"58":0,"59":0,"60":4,"61":8,"62":4,"63":4,"64":0,"65":0,"66":0,"67":0,"68":0,"69":0,"70":0,"71":0,"72":0,"73":0,"74":0,"75":0,"76":0,"77":0,"78":0,"79":0,"80":0,"81":0,"82":0,"83":0,"84":0,"85":0,"86":0,"87":0,"88":4,"89":4,"90":4,"91":8,"92":8,"93":8,"94":8,"95":496},"f":{"0":8,"1":4,"2":496,"3":0,"4":0,"5":0,"6":0,"7":0,"8":0,"9":4,"10":4,"11":8,"12":496},"b":{"0":[0,4],"1":[496,0],"2":[0,4],"3":[4,0,0],"4":[0,0],"5":[0,0],"6":[0,0],"7":[0,0],"8":[0,0,0,0,0,0,0,0,0,0,0,0,4]},"_coverageSchema":"1a1c01bbd47fc00a2c39e90264f33305004495a9","hash":"4f3c935b096016512bd5a44e4d3cff813c4a981f"}
,"C:\\Users\\lucas\\Desktop\\ingressoProject\\Frontend-Ingresso\\src\\Components\\RegistrationComponents\\BirthdayAndGender\\styled.ts": {"path":"C:\\Users\\lucas\\Desktop\\ingressoProject\\Frontend-Ingresso\\src\\Components\\RegistrationComponents\\BirthdayAndGender\\styled.ts","statementMap":{"0":{"start":{"line":3,"column":41},"end":{"line":7,"column":1}},"1":{"start":{"line":9,"column":31},"end":{"line":12,"column":1}},"2":{"start":{"line":14,"column":22},"end":{"line":25,"column":1}},"3":{"start":{"line":27,"column":22},"end":{"line":27,"column":37}}},"fnMap":{},"branchMap":{},"s":{"0":2,"1":2,"2":2,"3":2},"f":{},"b":{},"_coverageSchema":"1a1c01bbd47fc00a2c39e90264f33305004495a9","hash":"a654988da2b326e7eca4ac4ff68b29b3f09ba4e7"}
,"C:\\Users\\lucas\\Desktop\\ingressoProject\\Frontend-Ingresso\\src\\Components\\RegistrationComponents\\ButtonAllComponent\\ButtonAllComponent.tsx": {"path":"C:\\Users\\lucas\\Desktop\\ingressoProject\\Frontend-Ingresso\\src\\Components\\RegistrationComponents\\ButtonAllComponent\\ButtonAllComponent.tsx","statementMap":{"0":{"start":{"line":29,"column":27},"end":{"line":189,"column":1}},"1":{"start":{"line":49,"column":44},"end":{"line":49,"column":59}},"2":{"start":{"line":50,"column":50},"end":{"line":50,"column":65}},"3":{"start":{"line":51,"column":14},"end":{"line":51,"column":27}},"4":{"start":{"line":53,"column":23},"end":{"line":55,"column":3}},"5":{"start":{"line":54,"column":4},"end":{"line":54,"column":23}},"6":{"start":{"line":57,"column":25},"end":{"line":62,"column":3}},"7":{"start":{"line":58,"column":4},"end":{"line":58,"column":23}},"8":{"start":{"line":60,"column":4},"end":{"line":60,"column":26}},"9":{"start":{"line":61,"column":4},"end":{"line":61,"column":27}},"10":{"start":{"line":64,"column":2},"end":{"line":136,"column":5}},"11":{"start":{"line":65,"column":38},"end":{"line":65,"column":85}},"12":{"start":{"line":66,"column":38},"end":{"line":66,"column":85}},"13":{"start":{"line":67,"column":29},"end":{"line":67,"column":70}},"14":{"start":{"line":69,"column":4},"end":{"line":118,"column":5}},"15":{"start":{"line":79,"column":18},"end":{"line":95,"column":7}},"16":{"start":{"line":96,"column":6},"end":{"line":110,"column":7}},"17":{"start":{"line":97,"column":30},"end":{"line":108,"column":9}},"18":{"start":{"line":98,"column":22},"end":{"line":104,"column":12}},"19":{"start":{"line":105,"column":10},"end":{"line":107,"column":11}},"20":{"start":{"line":106,"column":12},"end":{"line":106,"column":38}},"21":{"start":{"line":109,"column":8},"end":{"line":109,"column":24}},"22":{"start":{"line":112,"column":6},"end":{"line":117,"column":7}},"23":{"start":{"line":113,"column":8},"end":{"line":116,"column":11}},"24":{"start":{"line":138,"column":2},"end":{"line":144,"column":25}},"25":{"start":{"line":139,"column":4},"end":{"line":143,"column":5}},"26":{"start":{"line":140,"column":6},"end":{"line":140,"column":46}},"27":{"start":{"line":142,"column":6},"end":{"line":142,"column":47}},"28":{"start":{"line":146,"column":26},"end":{"line":148,"column":3}},"29":{"start":{"line":147,"column":4},"end":{"line":147,"column":31}},"30":{"start":{"line":150,"column":30},"end":{"line":152,"column":3}},"31":{"start":{"line":151,"column":4},"end":{"line":151,"column":30}},"32":{"start":{"line":154,"column":2},"end":{"line":188,"column":4}}},"fnMap":{"0":{"name":"(anonymous_0)","decl":{"start":{"line":29,"column":27},"end":{"line":29,"column":28}},"loc":{"start":{"line":48,"column":31},"end":{"line":189,"column":1}},"line":48},"1":{"name":"(anonymous_1)","decl":{"start":{"line":53,"column":23},"end":{"line":53,"column":24}},"loc":{"start":{"line":53,"column":79},"end":{"line":55,"column":3}},"line":53},"2":{"name":"(anonymous_2)","decl":{"start":{"line":57,"column":25},"end":{"line":57,"column":26}},"loc":{"start":{"line":57,"column":81},"end":{"line":62,"column":3}},"line":57},"3":{"name":"(anonymous_3)","decl":{"start":{"line":64,"column":12},"end":{"line":64,"column":13}},"loc":{"start":{"line":64,"column":18},"end":{"line":119,"column":3}},"line":64},"4":{"name":"(anonymous_4)","decl":{"start":{"line":97,"column":30},"end":{"line":97,"column":31}},"loc":{"start":{"line":97,"column":42},"end":{"line":108,"column":9}},"line":97},"5":{"name":"(anonymous_5)","decl":{"start":{"line":138,"column":12},"end":{"line":138,"column":13}},"loc":{"start":{"line":138,"column":18},"end":{"line":144,"column":3}},"line":138},"6":{"name":"(anonymous_6)","decl":{"start":{"line":146,"column":26},"end":{"line":146,"column":27}},"loc":{"start":{"line":146,"column":32},"end":{"line":148,"column":3}},"line":146},"7":{"name":"(anonymous_7)","decl":{"start":{"line":150,"column":30},"end":{"line":150,"column":31}},"loc":{"start":{"line":150,"column":36},"end":{"line":152,"column":3}},"line":150}},"branchMap":{"0":{"loc":{"start":{"line":69,"column":4},"end":{"line":118,"column":5}},"type":"if","locations":[{"start":{"line":69,"column":4},"end":{"line":118,"column":5}},{"start":{"line":111,"column":11},"end":{"line":118,"column":5}}],"line":69},"1":{"loc":{"start":{"line":70,"column":6},"end":{"line":77,"column":22}},"type":"binary-expr","locations":[{"start":{"line":70,"column":6},"end":{"line":70,"column":29}},{"start":{"line":71,"column":6},"end":{"line":71,"column":29}},{"start":{"line":72,"column":6},"end":{"line":72,"column":41}},{"start":{"line":73,"column":6},"end":{"line":73,"column":42}},{"start":{"line":74,"column":6},"end":{"line":74,"column":33}},{"start":{"line":75,"column":6},"end":{"line":75,"column":31}},{"start":{"line":76,"column":6},"end":{"line":76,"column":31}},{"start":{"line":77,"column":6},"end":{"line":77,"column":22}}],"line":70},"2":{"loc":{"start":{"line":96,"column":6},"end":{"line":110,"column":7}},"type":"if","locations":[{"start":{"line":96,"column":6},"end":{"line":110,"column":7}},{"start":{},"end":{}}],"line":96},"3":{"loc":{"start":{"line":105,"column":10},"end":{"line":107,"column":11}},"type":"if","locations":[{"start":{"line":105,"column":10},"end":{"line":107,"column":11}},{"start":{},"end":{}}],"line":105},"4":{"loc":{"start":{"line":112,"column":6},"end":{"line":117,"column":7}},"type":"if","locations":[{"start":{"line":112,"column":6},"end":{"line":117,"column":7}},{"start":{},"end":{}}],"line":112},"5":{"loc":{"start":{"line":139,"column":4},"end":{"line":143,"column":5}},"type":"if","locations":[{"start":{"line":139,"column":4},"end":{"line":143,"column":5}},{"start":{"line":141,"column":11},"end":{"line":143,"column":5}}],"line":139},"6":{"loc":{"start":{"line":167,"column":7},"end":{"line":186,"column":7}},"type":"binary-expr","locations":[{"start":{"line":167,"column":7},"end":{"line":167,"column":23}},{"start":{"line":168,"column":8},"end":{"line":185,"column":30}}],"line":167}},"s":{"0":2,"1":5,"2":5,"3":5,"4":5,"5":0,"6":5,"7":0,"8":0,"9":0,"10":5,"11":5,"12":5,"13":5,"14":5,"15":0,"16":0,"17":0,"18":0,"19":0,"20":0,"21":0,"22":5,"23":0,"24":5,"25":3,"26":0,"27":3,"28":5,"29":0,"30":5,"31":0,"32":5},"f":{"0":5,"1":0,"2":0,"3":5,"4":0,"5":3,"6":0,"7":0},"b":{"0":[0,5],"1":[5,0,0,0,0,0,0,0],"2":[0,0],"3":[0,0],"4":[0,5],"5":[0,3],"6":[5,0]},"_coverageSchema":"1a1c01bbd47fc00a2c39e90264f33305004495a9","hash":"0594a939089a3d564b1bdeb380264895e4dae247"}
,"C:\\Users\\lucas\\Desktop\\ingressoProject\\Frontend-Ingresso\\src\\Components\\RegistrationComponents\\ButtonAllComponent\\styled.ts": {"path":"C:\\Users\\lucas\\Desktop\\ingressoProject\\Frontend-Ingresso\\src\\Components\\RegistrationComponents\\ButtonAllComponent\\styled.ts","statementMap":{"0":{"start":{"line":3,"column":45},"end":{"line":7,"column":1}},"1":{"start":{"line":14,"column":22},"end":{"line":36,"column":1}},"2":{"start":{"line":20,"column":25},"end":{"line":20,"column":69}},"3":{"start":{"line":21,"column":20},"end":{"line":21,"column":52}},"4":{"start":{"line":32,"column":27},"end":{"line":32,"column":71}},"5":{"start":{"line":34,"column":27},"end":{"line":34,"column":104}},"6":{"start":{"line":38,"column":28},"end":{"line":49,"column":1}},"7":{"start":{"line":51,"column":38},"end":{"line":62,"column":1}},"8":{"start":{"line":64,"column":30},"end":{"line":77,"column":1}},"9":{"start":{"line":79,"column":33},"end":{"line":84,"column":1}},"10":{"start":{"line":86,"column":26},"end":{"line":89,"column":1}},"11":{"start":{"line":91,"column":19},"end":{"line":95,"column":1}},"12":{"start":{"line":97,"column":18},"end":{"line":100,"column":1}},"13":{"start":{"line":102,"column":20},"end":{"line":105,"column":1}},"14":{"start":{"line":107,"column":30},"end":{"line":122,"column":1}}},"fnMap":{"0":{"name":"(anonymous_0)","decl":{"start":{"line":20,"column":16},"end":{"line":20,"column":17}},"loc":{"start":{"line":20,"column":25},"end":{"line":20,"column":69}},"line":20},"1":{"name":"(anonymous_1)","decl":{"start":{"line":21,"column":11},"end":{"line":21,"column":12}},"loc":{"start":{"line":21,"column":20},"end":{"line":21,"column":52}},"line":21},"2":{"name":"(anonymous_2)","decl":{"start":{"line":32,"column":18},"end":{"line":32,"column":19}},"loc":{"start":{"line":32,"column":27},"end":{"line":32,"column":71}},"line":32},"3":{"name":"(anonymous_3)","decl":{"start":{"line":34,"column":18},"end":{"line":34,"column":19}},"loc":{"start":{"line":34,"column":27},"end":{"line":34,"column":104}},"line":34}},"branchMap":{"0":{"loc":{"start":{"line":20,"column":25},"end":{"line":20,"column":69}},"type":"binary-expr","locations":[{"start":{"line":20,"column":25},"end":{"line":20,"column":46}},{"start":{"line":20,"column":50},"end":{"line":20,"column":69}}],"line":20},"1":{"loc":{"start":{"line":21,"column":20},"end":{"line":21,"column":52}},"type":"binary-expr","locations":[{"start":{"line":21,"column":20},"end":{"line":21,"column":41}},{"start":{"line":21,"column":45},"end":{"line":21,"column":52}}],"line":21},"2":{"loc":{"start":{"line":32,"column":27},"end":{"line":32,"column":71}},"type":"binary-expr","locations":[{"start":{"line":32,"column":27},"end":{"line":32,"column":48}},{"start":{"line":32,"column":52},"end":{"line":32,"column":71}}],"line":32},"3":{"loc":{"start":{"line":34,"column":27},"end":{"line":34,"column":104}},"type":"binary-expr","locations":[{"start":{"line":34,"column":27},"end":{"line":34,"column":48}},{"start":{"line":34,"column":52},"end":{"line":34,"column":84}},{"start":{"line":34,"column":88},"end":{"line":34,"column":104}}],"line":34}},"s":{"0":2,"1":2,"2":10,"3":10,"4":10,"5":10,"6":2,"7":2,"8":2,"9":2,"10":2,"11":2,"12":2,"13":2,"14":2},"f":{"0":10,"1":10,"2":10,"3":10},"b":{"0":[10,5],"1":[10,5],"2":[10,5],"3":[10,5,0]},"_coverageSchema":"1a1c01bbd47fc00a2c39e90264f33305004495a9","hash":"eca2a2fab762b65fdfce2630bd2cd2c95946fd26"}
[...]
,"C:\\Users\\lucas\\Desktop\\ingressoProject\\Frontend-Ingresso\\src\\Svg\\CardSvg.tsx": {"path":"C:\\Users\\lucas\\Desktop\\ingressoProject\\Frontend-Ingresso\\src\\Svg\\CardSvg.tsx","statementMap":{"0":{"start":{"line":1,"column":16},"end":{"line":7,"column":1}},"1":{"start":{"line":2,"column":2},"end":{"line":6,"column":4}}},"fnMap":{"0":{"name":"(anonymous_0)","decl":{"start":{"line":1,"column":16},"end":{"line":1,"column":17}},"loc":{"start":{"line":1,"column":22},"end":{"line":7,"column":1}},"line":1}},"branchMap":{},"s":{"0":1,"1":1},"f":{"0":1},"b":{},"_coverageSchema":"1a1c01bbd47fc00a2c39e90264f33305004495a9","hash":"13710079e728c60ecab05756a66e0311b13678bc"}
,"C:\\Users\\lucas\\Desktop\\ingressoProject\\Frontend-Ingresso\\src\\Svg\\CheckSvg.tsx": {"path":"C:\\Users\\lucas\\Desktop\\ingressoProject\\Frontend-Ingresso\\src\\Svg\\CheckSvg.tsx","statementMap":{"0":{"start":{"line":1,"column":17},"end":{"line":7,"column":1}},"1":{"start":{"line":2,"column":2},"end":{"line":6,"column":4}}},"fnMap":{"0":{"name":"(anonymous_0)","decl":{"start":{"line":1,"column":17},"end":{"line":1,"column":18}},"loc":{"start":{"line":1,"column":23},"end":{"line":7,"column":1}},"line":1}},"branchMap":{},"s":{"0":2,"1":0},"f":{"0":0},"b":{},"_coverageSchema":"1a1c01bbd47fc00a2c39e90264f33305004495a9","hash":"5d56450e6de5c6574465bc5378a40a11fe697a9a"}
,"C:\\Users\\lucas\\Desktop\\ingressoProject\\Frontend-Ingresso\\src\\Svg\\EmailSvg.tsx": {"path":"C:\\Users\\lucas\\Desktop\\ingressoProject\\Frontend-Ingresso\\src\\Svg\\EmailSvg.tsx","statementMap":{"0":{"start":{"line":1,"column":17},"end":{"line":12,"column":1}},"1":{"start":{"line":2,"column":2},"end":{"line":11,"column":4}}},"fnMap":{"0":{"name":"(anonymous_0)","decl":{"start":{"line":1,"column":17},"end":{"line":1,"column":18}},"loc":{"start":{"line":1,"column":23},"end":{"line":12,"column":1}},"line":1}},"branchMap":{},"s":{"0":2,"1":14},"f":{"0":14},"b":{},"_coverageSchema":"1a1c01bbd47fc00a2c39e90264f33305004495a9","hash":"f895aba1eb53e61183bb89da8c3f958c1bab93f8"}
,"C:\\Users\\lucas\\Desktop\\ingressoProject\\Frontend-Ingresso\\src\\Svg\\GoogleSvg.tsx": {"path":"C:\\Users\\lucas\\Desktop\\ingressoProject\\Frontend-Ingresso\\src\\Svg\\GoogleSvg.tsx","statementMap":{"0":{"start":{"line":1,"column":18},"end":{"line":25,"column":1}},"1":{"start":{"line":2,"column":2},"end":{"line":24,"column":4}}},"fnMap":{"0":{"name":"(anonymous_0)","decl":{"start":{"line":1,"column":18},"end":{"line":1,"column":19}},"loc":{"start":{"line":1,"column":24},"end":{"line":25,"column":1}},"line":1}},"branchMap":{},"s":{"0":1,"1":1},"f":{"0":1},"b":{},"_coverageSchema":"1a1c01bbd47fc00a2c39e90264f33305004495a9","hash":"14f9943acfc67d84e0152858078d8a74053335c8"}
,"C:\\Users\\lucas\\Desktop\\ingressoProject\\Frontend-Ingresso\\src\\Svg\\HeartSvg.tsx": {"path":"C:\\Users\\lucas\\Desktop\\ingressoProject\\Frontend-Ingresso\\src\\Svg\\HeartSvg.tsx","statementMap":{"0":{"start":{"line":1,"column":17},"end":{"line":10,"column":1}},"1":{"start":{"line":2,"column":2},"end":{"line":9,"column":4}}},"fnMap":{"0":{"name":"(anonymous_0)","decl":{"start":{"line":1,"column":17},"end":{"line":1,"column":18}},"loc":{"start":{"line":1,"column":23},"end":{"line":10,"column":1}},"line":1}},"branchMap":{},"s":{"0":1,"1":1},"f":{"0":1},"b":{},"_coverageSchema":"1a1c01bbd47fc00a2c39e90264f33305004495a9","hash":"59275bea9cb1a8b74c63743d813213ce3a67dec8"}
,"C:\\Users\\lucas\\Desktop\\ingressoProject\\Frontend-Ingresso\\src\\Svg\\IngressoSvg.tsx": {"path":"C:\\Users\\lucas\\Desktop\\ingressoProject\\Frontend-Ingresso\\src\\Svg\\IngressoSvg.tsx","statementMap":{"0":{"start":{"line":1,"column":20},"end":{"line":10,"column":1}},"1":{"start":{"line":2,"column":2},"end":{"line":9,"column":4}}},"fnMap":{"0":{"name":"(anonymous_0)","decl":{"start":{"line":1,"column":20},"end":{"line":1,"column":21}},"loc":{"start":{"line":1,"column":26},"end":{"line":10,"column":1}},"line":1}},"branchMap":{},"s":{"0":3,"1":6},"f":{"0":6},"b":{},"_coverageSchema":"1a1c01bbd47fc00a2c39e90264f33305004495a9","hash":"ddfdc4846274f66020ea620dcf5896875254c015"}
,"C:\\Users\\lucas\\Desktop\\ingressoProject\\Frontend-Ingresso\\src\\Svg\\LocationSvg.tsx": {"path":"C:\\Users\\lucas\\Desktop\\ingressoProject\\Frontend-Ingresso\\src\\Svg\\LocationSvg.tsx","statementMap":{"0":{"start":{"line":1,"column":20},"end":{"line":7,"column":1}},"1":{"start":{"line":2,"column":2},"end":{"line":6,"column":4}}},"fnMap":{"0":{"name":"(anonymous_0)","decl":{"start":{"line":1,"column":20},"end":{"line":1,"column":21}},"loc":{"start":{"line":1,"column":26},"end":{"line":7,"column":1}},"line":1}},"branchMap":{},"s":{"0":1,"1":5},"f":{"0":5},"b":{},"_coverageSchema":"1a1c01bbd47fc00a2c39e90264f33305004495a9","hash":"684f5b80c5da6c7a9569b0a9406d541fa779d948"}
,"C:\\Users\\lucas\\Desktop\\ingressoProject\\Frontend-Ingresso\\src\\Svg\\Padlock.tsx": {"path":"C:\\Users\\lucas\\Desktop\\ingressoProject\\Frontend-Ingresso\\src\\Svg\\Padlock.tsx","statementMap":{"0":{"start":{"line":1,"column":16},"end":{"line":9,"column":1}},"1":{"start":{"line":2,"column":2},"end":{"line":8,"column":4}}},"fnMap":{"0":{"name":"(anonymous_0)","decl":{"start":{"line":1,"column":16},"end":{"line":1,"column":17}},"loc":{"start":{"line":1,"column":22},"end":{"line":9,"column":1}},"line":1}},"branchMap":{},"s":{"0":2,"1":2},"f":{"0":2},"b":{},"_coverageSchema":"1a1c01bbd47fc00a2c39e90264f33305004495a9","hash":"c0d1dd55abe2af7cbd012442f27f5ac8b5874367"}
,"C:\\Users\\lucas\\Desktop\\ingressoProject\\Frontend-Ingresso\\src\\Svg\\PasswordSvg.tsx": {"path":"C:\\Users\\lucas\\Desktop\\ingressoProject\\Frontend-Ingresso\\src\\Svg\\PasswordSvg.tsx","statementMap":{"0":{"start":{"line":1,"column":20},"end":{"line":9,"column":1}},"1":{"start":{"line":2,"column":2},"end":{"line":8,"column":4}}},"fnMap":{"0":{"name":"(anonymous_0)","decl":{"start":{"line":1,"column":20},"end":{"line":1,"column":21}},"loc":{"start":{"line":1,"column":26},"end":{"line":9,"column":1}},"line":1}},"branchMap":{},"s":{"0":2,"1":8},"f":{"0":8},"b":{},"_coverageSchema":"1a1c01bbd47fc00a2c39e90264f33305004495a9","hash":"8c2363140df5f9a54aa4955e86d6691bb1e50ce7"}
,"C:\\Users\\lucas\\Desktop\\ingressoProject\\Frontend-Ingresso\\src\\Svg\\QuestionMarkSvg.tsx": {"path":"C:\\Users\\lucas\\Desktop\\ingressoProject\\Frontend-Ingresso\\src\\Svg\\QuestionMarkSvg.tsx","statementMap":{"0":{"start":{"line":1,"column":24},"end":{"line":7,"column":1}},"1":{"start":{"line":2,"column":2},"end":{"line":6,"column":4}}},"fnMap":{"0":{"name":"(anonymous_0)","decl":{"start":{"line":1,"column":24},"end":{"line":1,"column":25}},"loc":{"start":{"line":1,"column":30},"end":{"line":7,"column":1}},"line":1}},"branchMap":{},"s":{"0":1,"1":6},"f":{"0":6},"b":{},"_coverageSchema":"1a1c01bbd47fc00a2c39e90264f33305004495a9","hash":"03395b37644c2fcd6c9f9cea9a790340ed011eeb"}
,"C:\\Users\\lucas\\Desktop\\ingressoProject\\Frontend-Ingresso\\src\\Svg\\TicketSvg.tsx": {"path":"C:\\Users\\lucas\\Desktop\\ingressoProject\\Frontend-Ingresso\\src\\Svg\\TicketSvg.tsx","statementMap":{"0":{"start":{"line":1,"column":18},"end":{"line":7,"column":1}},"1":{"start":{"line":2,"column":2},"end":{"line":6,"column":4}}},"fnMap":{"0":{"name":"(anonymous_0)","decl":{"start":{"line":1,"column":18},"end":{"line":1,"column":19}},"loc":{"start":{"line":1,"column":24},"end":{"line":7,"column":1}},"line":1}},"branchMap":{},"s":{"0":1,"1":1},"f":{"0":1},"b":{},"_coverageSchema":"1a1c01bbd47fc00a2c39e90264f33305004495a9","hash":"35ae3354bf638017461ab51fb454896977c07109"}
,"C:\\Users\\lucas\\Desktop\\ingressoProject\\Frontend-Ingresso\\src\\Svg\\UserLogoSvg.tsx": {"path":"C:\\Users\\lucas\\Desktop\\ingressoProject\\Frontend-Ingresso\\src\\Svg\\UserLogoSvg.tsx","statementMap":{"0":{"start":{"line":1,"column":20},"end":{"line":10,"column":1}},"1":{"start":{"line":2,"column":2},"end":{"line":9,"column":4}}},"fnMap":{"0":{"name":"(anonymous_0)","decl":{"start":{"line":1,"column":20},"end":{"line":1,"column":21}},"loc":{"start":{"line":1,"column":26},"end":{"line":10,"column":1}},"line":1}},"branchMap":{},"s":{"0":1,"1":6},"f":{"0":6},"b":{},"_coverageSchema":"1a1c01bbd47fc00a2c39e90264f33305004495a9","hash":"da119892bf5f0cce50ea13133c609398df228698"}
,"C:\\Users\\lucas\\Desktop\\ingressoProject\\Frontend-Ingresso\\src\\Svg\\UserSvg.tsx": {"path":"C:\\Users\\lucas\\Desktop\\ingressoProject\\Frontend-Ingresso\\src\\Svg\\UserSvg.tsx","statementMap":{"0":{"start":{"line":1,"column":16},"end":{"line":12,"column":1}},"1":{"start":{"line":2,"column":2},"end":{"line":11,"column":4}}},"fnMap":{"0":{"name":"(anonymous_0)","decl":{"start":{"line":1,"column":16},"end":{"line":1,"column":17}},"loc":{"start":{"line":1,"column":22},"end":{"line":12,"column":1}},"line":1}},"branchMap":{},"s":{"0":2,"1":2},"f":{"0":2},"b":{},"_coverageSchema":"1a1c01bbd47fc00a2c39e90264f33305004495a9","hash":"c423aca0d41fa6de14307c3b3fda44bca1a98330"}
,"C:\\Users\\lucas\\Desktop\\ingressoProject\\Frontend-Ingresso\\src\\Svg\\WithdrawSvg.tsx": {"path":"C:\\Users\\lucas\\Desktop\\ingressoProject\\Frontend-Ingresso\\src\\Svg\\WithdrawSvg.tsx","statementMap":{"0":{"start":{"line":1,"column":20},"end":{"line":11,"column":1}},"1":{"start":{"line":2,"column":2},"end":{"line":10,"column":4}}},"fnMap":{"0":{"name":"(anonymous_0)","decl":{"start":{"line":1,"column":20},"end":{"line":1,"column":21}},"loc":{"start":{"line":1,"column":26},"end":{"line":11,"column":1}},"line":1}},"branchMap":{},"s":{"0":1,"1":1},"f":{"0":1},"b":{},"_coverageSchema":"1a1c01bbd47fc00a2c39e90264f33305004495a9","hash":"52fc1bc6c500d8cec35330e0d61acee5bad80219"}
,"C:\\Users\\lucas\\Desktop\\ingressoProject\\Frontend-Ingresso\\src\\Svg\\XExitSvg.tsx": {"path":"C:\\Users\\lucas\\Desktop\\ingressoProject\\Frontend-Ingresso\\src\\Svg\\XExitSvg.tsx","statementMap":{"0":{"start":{"line":1,"column":17},"end":{"line":31,"column":1}},"1":{"start":{"line":2,"column":2},"end":{"line":30,"column":4}}},"fnMap":{"0":{"name":"(anonymous_0)","decl":{"start":{"line":1,"column":17},"end":{"line":1,"column":18}},"loc":{"start":{"line":1,"column":23},"end":{"line":31,"column":1}},"line":1}},"branchMap":{},"s":{"0":2,"1":0},"f":{"0":0},"b":{},"_coverageSchema":"1a1c01bbd47fc00a2c39e90264f33305004495a9","hash":"19e5080c6c62c7f68eedbd17ac195fc7e6c75bf8"}
,"C:\\Users\\lucas\\Desktop\\ingressoProject\\Frontend-Ingresso\\src\\Svg\\loupeSvg.tsx": {"path":"C:\\Users\\lucas\\Desktop\\ingressoProject\\Frontend-Ingresso\\src\\Svg\\loupeSvg.tsx","statementMap":{"0":{"start":{"line":1,"column":17},"end":{"line":10,"column":1}},"1":{"start":{"line":2,"column":2},"end":{"line":9,"column":4}}},"fnMap":{"0":{"name":"(anonymous_0)","decl":{"start":{"line":1,"column":17},"end":{"line":1,"column":18}},"loc":{"start":{"line":1,"column":23},"end":{"line":10,"column":1}},"line":1}},"branchMap":{},"s":{"0":1,"1":6},"f":{"0":6},"b":{},"_coverageSchema":"1a1c01bbd47fc00a2c39e90264f33305004495a9","hash":"d0b87e7002df2c9549bc7376cead550b34784dc6"}
,"C:\\Users\\lucas\\Desktop\\ingressoProject\\Frontend-Ingresso\\src\\Templates\\Login\\Login.tsx": {"path":"C:\\Users\\lucas\\Desktop\\ingressoProject\\Frontend-Ingresso\\src\\Templates\\Login\\Login.tsx","statementMap":{"0":{"start":{"line":13,"column":14},"end":{"line":44,"column":1}},"1":{"start":{"line":14,"column":2},"end":{"line":43,"column":4}}},"fnMap":{"0":{"name":"(anonymous_0)","decl":{"start":{"line":13,"column":14},"end":{"line":13,"column":15}},"loc":{"start":{"line":13,"column":20},"end":{"line":44,"column":1}},"line":13}},"branchMap":{},"s":{"0":1,"1":1},"f":{"0":1},"b":{},"_coverageSchema":"1a1c01bbd47fc00a2c39e90264f33305004495a9","hash":"0b7e2b1f699c1cc07e9f07f49fe2db165b969891"}
,"C:\\Users\\lucas\\Desktop\\ingressoProject\\Frontend-Ingresso\\src\\Templates\\Login\\styled.ts": {"path":"C:\\Users\\lucas\\Desktop\\ingressoProject\\Frontend-Ingresso\\src\\Templates\\Login\\styled.ts","statementMap":{"0":{"start":{"line":4,"column":29},"end":{"line":13,"column":1}},"1":{"start":{"line":5,"column":35},"end":{"line":7,"column":3}},"2":{"start":{"line":15,"column":33},"end":{"line":20,"column":1}},"3":{"start":{"line":22,"column":61},"end":{"line":27,"column":1}},"4":{"start":{"line":33,"column":23},"end":{"line":41,"column":1}},"5":{"start":{"line":35,"column":20},"end":{"line":35,"column":51}},"6":{"start":{"line":36,"column":27},"end":{"line":36,"column":74}},"7":{"start":{"line":37,"column":20},"end":{"line":37,"column":51}},"8":{"start":{"line":40,"column":18},"end":{"line":40,"column":50}},"9":{"start":{"line":43,"column":22},"end":{"line":43,"column":37}},"10":{"start":{"line":45,"column":41},"end":{"line":45,"column":53}},"11":{"start":{"line":47,"column":18},"end":{"line":50,"column":1}},"12":{"start":{"line":52,"column":17},"end":{"line":55,"column":1}},"13":{"start":{"line":57,"column":39},"end":{"line":60,"column":1}},"14":{"start":{"line":62,"column":22},"end":{"line":73,"column":1}}},"fnMap":{"0":{"name":"(anonymous_0)","decl":{"start":{"line":5,"column":4},"end":{"line":5,"column":5}},"loc":{"start":{"line":5,"column":35},"end":{"line":7,"column":3}},"line":5},"1":{"name":"(anonymous_1)","decl":{"start":{"line":35,"column":11},"end":{"line":35,"column":12}},"loc":{"start":{"line":35,"column":20},"end":{"line":35,"column":51}},"line":35},"2":{"name":"(anonymous_2)","decl":{"start":{"line":36,"column":18},"end":{"line":36,"column":19}},"loc":{"start":{"line":36,"column":27},"end":{"line":36,"column":74}},"line":36},"3":{"name":"(anonymous_3)","decl":{"start":{"line":37,"column":11},"end":{"line":37,"column":12}},"loc":{"start":{"line":37,"column":20},"end":{"line":37,"column":51}},"line":37},"4":{"name":"(anonymous_4)","decl":{"start":{"line":40,"column":9},"end":{"line":40,"column":10}},"loc":{"start":{"line":40,"column":18},"end":{"line":40,"column":50}},"line":40}},"branchMap":{"0":{"loc":{"start":{"line":35,"column":20},"end":{"line":35,"column":51}},"type":"binary-expr","locations":[{"start":{"line":35,"column":20},"end":{"line":35,"column":42}},{"start":{"line":35,"column":46},"end":{"line":35,"column":51}}],"line":35},"1":{"loc":{"start":{"line":36,"column":27},"end":{"line":36,"column":74}},"type":"binary-expr","locations":[{"start":{"line":36,"column":27},"end":{"line":36,"column":49}},{"start":{"line":36,"column":53},"end":{"line":36,"column":74}}],"line":36},"2":{"loc":{"start":{"line":37,"column":20},"end":{"line":37,"column":51}},"type":"binary-expr","locations":[{"start":{"line":37,"column":20},"end":{"line":37,"column":42}},{"start":{"line":37,"column":46},"end":{"line":37,"column":51}}],"line":37},"3":{"loc":{"start":{"line":40,"column":18},"end":{"line":40,"column":50}},"type":"binary-expr","locations":[{"start":{"line":40,"column":18},"end":{"line":40,"column":40}},{"start":{"line":40,"column":44},"end":{"line":40,"column":50}}],"line":40}},"s":{"0":1,"1":1,"2":1,"3":1,"4":1,"5":2,"6":2,"7":2,"8":2,"9":1,"10":1,"11":1,"12":1,"13":1,"14":1},"f":{"0":1,"1":2,"2":2,"3":2,"4":2},"b":{"0":[2,1],"1":[2,1],"2":[2,1],"3":[2,1]},"_coverageSchema":"1a1c01bbd47fc00a2c39e90264f33305004495a9","hash":"7b93125a9cfe56dd4cb8efc8e2cdca8037085086"}
,"C:\\Users\\lucas\\Desktop\\ingressoProject\\Frontend-Ingresso\\src\\Templates\\Registration\\Registration.tsx": {"path":"C:\\Users\\lucas\\Desktop\\ingressoProject\\Frontend-Ingresso\\src\\Templates\\Registration\\Registration.tsx","statementMap":{"0":{"start":{"line":16,"column":21},"end":{"line":112,"column":1}},"1":{"start":{"line":17,"column":48},"end":{"line":17,"column":74}},"2":{"start":{"line":18,"column":44},"end":{"line":18,"column":58}},"3":{"start":{"line":19,"column":42},"end":{"line":19,"column":57}},"4":{"start":{"line":21,"column":40},"end":{"line":21,"column":52}},"5":{"start":{"line":22,"column":38},"end":{"line":22,"column":50}},"6":{"start":{"line":23,"column":42},"end":{"line":23,"column":54}},"7":{"start":{"line":24,"column":56},"end":{"line":24,"column":68}},"8":{"start":{"line":25,"column":48},"end":{"line":25,"column":60}},"9":{"start":{"line":26,"column":34},"end":{"line":26,"column":46}},"10":{"start":{"line":27,"column":30},"end":{"line":27,"column":42}},"11":{"start":{"line":28,"column":28},"end":{"line":28,"column":40}},"12":{"start":{"line":29,"column":24},"end":{"line":29,"column":36}},"13":{"start":{"line":30,"column":38},"end":{"line":30,"column":50}},"14":{"start":{"line":31,"column":30},"end":{"line":31,"column":42}},"15":{"start":{"line":32,"column":40},"end":{"line":32,"column":52}},"16":{"start":{"line":33,"column":38},"end":{"line":33,"column":50}},"17":{"start":{"line":34,"column":30},"end":{"line":34,"column":42}},"18":{"start":{"line":35,"column":30},"end":{"line":35,"column":42}},"19":{"start":{"line":36,"column":30},"end":{"line":36,"column":42}},"20":{"start":{"line":38,"column":28},"end":{"line":40,"column":3}},"21":{"start":{"line":39,"column":4},"end":{"line":39,"column":28}},"22":{"start":{"line":42,"column":2},"end":{"line":111,"column":4}}},"fnMap":{"0":{"name":"(anonymous_0)","decl":{"start":{"line":16,"column":21},"end":{"line":16,"column":22}},"loc":{"start":{"line":16,"column":27},"end":{"line":112,"column":1}},"line":16},"1":{"name":"(anonymous_1)","decl":{"start":{"line":38,"column":28},"end":{"line":38,"column":29}},"loc":{"start":{"line":38,"column":34},"end":{"line":40,"column":3}},"line":38}},"branchMap":{},"s":{"0":1,"1":6,"2":6,"3":6,"4":6,"5":6,"6":6,"7":6,"8":6,"9":6,"10":6,"11":6,"12":6,"13":6,"14":6,"15":6,"16":6,"17":6,"18":6,"19":6,"20":6,"21":0,"22":6},"f":{"0":6,"1":0},"b":{},"_coverageSchema":"1a1c01bbd47fc00a2c39e90264f33305004495a9","hash":"034009785a50e258bb04addb81c9d2fd0416c909"}
,"C:\\Users\\lucas\\Desktop\\ingressoProject\\Frontend-Ingresso\\src\\Templates\\Registration\\styled.ts": {"path":"C:\\Users\\lucas\\Desktop\\ingressoProject\\Frontend-Ingresso\\src\\Templates\\Registration\\styled.ts","statementMap":{"0":{"start":{"line":3,"column":29},"end":{"line":3,"column":41}},"1":{"start":{"line":5,"column":41},"end":{"line":12,"column":1}},"2":{"start":{"line":14,"column":33},"end":{"line":20,"column":1}},"3":{"start":{"line":22,"column":18},"end":{"line":25,"column":1}},"4":{"start":{"line":31,"column":17},"end":{"line":36,"column":1}},"5":{"start":{"line":34,"column":25},"end":{"line":34,"column":53}},"6":{"start":{"line":35,"column":28},"end":{"line":35,"column":57}},"7":{"start":{"line":38,"column":20},"end":{"line":42,"column":1}},"8":{"start":{"line":44,"column":34},"end":{"line":50,"column":1}}},"fnMap":{"0":{"name":"(anonymous_0)","decl":{"start":{"line":34,"column":16},"end":{"line":34,"column":17}},"loc":{"start":{"line":34,"column":25},"end":{"line":34,"column":53}},"line":34},"1":{"name":"(anonymous_1)","decl":{"start":{"line":35,"column":19},"end":{"line":35,"column":20}},"loc":{"start":{"line":35,"column":28},"end":{"line":35,"column":57}},"line":35}},"branchMap":{"0":{"loc":{"start":{"line":34,"column":25},"end":{"line":34,"column":53}},"type":"binary-expr","locations":[{"start":{"line":34,"column":25},"end":{"line":34,"column":44}},{"start":{"line":34,"column":48},"end":{"line":34,"column":53}}],"line":34},"1":{"loc":{"start":{"line":35,"column":28},"end":{"line":35,"column":57}},"type":"binary-expr","locations":[{"start":{"line":35,"column":28},"end":{"line":35,"column":47}},{"start":{"line":35,"column":51},"end":{"line":35,"column":57}}],"line":35}},"s":{"0":1,"1":1,"2":1,"3":1,"4":1,"5":8,"6":8,"7":1,"8":1},"f":{"0":8,"1":8},"b":{"0":[8,4],"1":[8,4]},"_coverageSchema":"1a1c01bbd47fc00a2c39e90264f33305004495a9","hash":"210238a674897481cdfdd2ae61751a49185ef193"}
,"C:\\Users\\lucas\\Desktop\\ingressoProject\\Frontend-Ingresso\\src\\Utils\\Url.tsx": {"path":"C:\\Users\\lucas\\Desktop\\ingressoProject\\Frontend-Ingresso\\src\\Utils\\Url.tsx","statementMap":{"0":{"start":{"line":1,"column":19},"end":{"line":1,"column":46}}},"fnMap":{},"branchMap":{},"s":{"0":4},"f":{},"b":{},"_coverageSchema":"1a1c01bbd47fc00a2c39e90264f33305004495a9","hash":"cbc7e4f0b25a5b122bb59d6d4f375f08bbcc8c9a"}
}
