TN:
SF:src\Components\AddressCompany\AddressCompany.tsx
FN:3,(anonymous_0)
FNF:1
FNH:1
FNDA:5,(anonymous_0)
DA:3,2
DA:4,5
LF:2
LH:2
BRF:0
BRH:0
end_of_record
TN:
SF:src\Components\AddressCompany\styled.ts
FNF:0
FNH:0
DA:3,2
DA:8,2
DA:13,2
DA:19,2
DA:26,2
LF:5
LH:5
BRF:0
BRH:0
end_of_record
TN:
SF:src\Components\HeaderComponents\EnterOrRegister\EnterOrRegister.tsx
FN:6,(anonymous_0)
FN:8,(anonymous_1)
FN:12,(anonymous_2)
FNF:3
FNH:1
FNDA:13,(anonymous_0)
FNDA:0,(anonymous_1)
FNDA:0,(anonymous_2)
DA:6,2
DA:7,13
DA:8,13
DA:9,0
DA:12,13
DA:13,0
DA:16,13
LF:7
LH:5
BRDA:18,0,0,13
BRDA:18,0,1,7
BRF:2
BRH:2
end_of_record
TN:
SF:src\Components\HeaderComponents\EnterOrRegister\styled.ts
FNF:0
FNH:0
DA:3,2
DA:22,2
DA:27,2
DA:33,2
DA:39,2
DA:44,2
DA:55,2
DA:60,2
DA:68,2
LF:9
LH:9
BRF:0
BRH:0
end_of_record
TN:
SF:src\Components\HeaderComponents\FirstContainer\FirstContainer.tsx
FN:4,(anonymous_0)
FNF:1
FNH:1
FNDA:5,(anonymous_0)
DA:4,1
DA:5,5
LF:2
LH:2
BRF:0
BRH:0
end_of_record
TN:
SF:src\Components\HeaderComponents\FirstContainer\styled.ts
FN:29,(anonymous_0)
FNF:1
FNH:1
FNDA:5,(anonymous_0)
DA:4,1
DA:8,1
DA:13,1
DA:19,1
DA:21,1
DA:23,1
DA:29,5
DA:52,1
LF:8
LH:8
BRF:0
BRH:0
end_of_record
TN:
SF:src\Components\HeaderComponents\SecondContainer\SecondContainer.tsx
FN:8,(anonymous_0)
FN:12,(anonymous_1)
FN:13,(anonymous_2)
FN:16,(anonymous_3)
FN:20,(anonymous_4)
FN:24,(anonymous_5)
FN:29,(anonymous_6)
FN:33,(anonymous_7)
FNF:8
FNH:3
FNDA:6,(anonymous_0)
FNDA:0,(anonymous_1)
FNDA:0,(anonymous_2)
FNDA:0,(anonymous_3)
FNDA:6,(anonymous_4)
FNDA:6,(anonymous_5)
FNDA:0,(anonymous_6)
FNDA:0,(anonymous_7)
DA:8,1
DA:9,6
DA:10,6
DA:12,6
DA:13,0
DA:16,6
DA:17,0
DA:20,6
DA:21,6
DA:22,6
DA:24,6
DA:25,6
DA:29,6
DA:30,0
DA:33,6
DA:34,0
DA:37,6
LF:17
LH:13
BRDA:21,0,0,0
BRDA:21,0,1,6
BRF:2
BRH:1
end_of_record
TN:
SF:src\Components\HeaderComponents\SecondContainer\styled.ts
FN:14,(anonymous_0)
FN:37,(anonymous_1)
FN:67,(anonymous_2)
FNF:3
FNH:3
FNDA:6,(anonymous_0)
FNDA:6,(anonymous_1)
FNDA:6,(anonymous_2)
DA:4,1
DA:12,1
DA:14,6
DA:28,1
DA:34,1
DA:37,6
DA:51,1
DA:63,1
DA:67,6
LF:9
LH:9
BRF:0
BRH:0
end_of_record
TN:
SF:src\Components\IngressoTopBanner\IngressoTopBanner.tsx
FN:5,(anonymous_0)
FN:8,(anonymous_1)
FNF:2
FNH:1
FNDA:6,(anonymous_0)
FNDA:0,(anonymous_1)
DA:5,3
DA:6,6
DA:8,6
DA:9,0
DA:12,6
LF:5
LH:4
BRF:0
BRH:0
end_of_record
TN:
SF:src\Components\IngressoTopBanner\styled.ts
FNF:0
FNH:0
DA:3,3
LF:1
LH:1
BRF:0
BRH:0
end_of_record
TN:
SF:src\Components\LoginComponents\BenefitsBeUserCompo\BenefitsBeUserCompo.tsx
FN:3,(anonymous_0)
FNF:1
FNH:1
FNDA:4,(anonymous_0)
DA:3,1
DA:4,4
LF:2
LH:2
BRF:0
BRH:0
end_of_record
TN:
SF:src\Components\LoginComponents\BenefitsBeUserCompo\styled.ts
FNF:0
FNH:0
DA:3,1
DA:10,1
DA:19,1
LF:3
LH:3
BRF:0
BRH:0
end_of_record
TN:
SF:src\Components\LoginComponents\LoginWithGoogle\LoginWithGoogle.tsx
FN:4,(anonymous_0)
FNF:1
FNH:1
FNDA:1,(anonymous_0)
DA:4,1
DA:5,1
LF:2
LH:2
BRF:0
BRH:0
end_of_record
TN:
SF:src\Components\LoginComponents\LoginWithGoogle\styled.ts
FNF:0
FNH:0
DA:3,1
DA:11,1
DA:18,1
DA:23,1
DA:30,1
DA:36,1
LF:6
LH:6
BRF:0
BRH:0
end_of_record
TN:
SF:src\Components\LoginComponents\SectionFirst\ContinuationFormReq\ContinuationFormReq.tsx
FN:9,(anonymous_0)
FN:12,(anonymous_1)
FN:13,(anonymous_2)
FN:16,(anonymous_3)
FNF:4
FNH:1
FNDA:1,(anonymous_0)
FNDA:0,(anonymous_1)
FNDA:0,(anonymous_2)
FNDA:0,(anonymous_3)
DA:9,1
DA:10,1
DA:12,1
DA:13,0
DA:16,1
DA:17,0
DA:18,0
DA:21,1
LF:8
LH:5
BRDA:26,0,0,1
BRDA:26,0,1,0
BRF:2
BRH:1
end_of_record
TN:
SF:src\Components\LoginComponents\SectionFirst\ContinuationFormReq\styled.ts
FN:53,(anonymous_0)
FN:94,(anonymous_1)
FN:96,(anonymous_2)
FN:97,(anonymous_3)
FN:98,(anonymous_4)
FN:99,(anonymous_5)
FN:100,(anonymous_6)
FN:104,(anonymous_7)
FN:105,(anonymous_8)
FN:106,(anonymous_9)
FN:107,(anonymous_10)
FN:108,(anonymous_11)
FN:111,(anonymous_12)
FN:112,(anonymous_13)
FN:115,(anonymous_14)
FN:116,(anonymous_15)
FN:117,(anonymous_16)
FN:119,(anonymous_17)
FN:120,(anonymous_18)
FN:121,(anonymous_19)
FN:122,(anonymous_20)
FNF:21
FNH:21
FNDA:1,(anonymous_0)
FNDA:7,(anonymous_1)
FNDA:7,(anonymous_2)
FNDA:7,(anonymous_3)
FNDA:7,(anonymous_4)
FNDA:7,(anonymous_5)
FNDA:7,(anonymous_6)
FNDA:7,(anonymous_7)
FNDA:7,(anonymous_8)
FNDA:7,(anonymous_9)
FNDA:7,(anonymous_10)
FNDA:7,(anonymous_11)
FNDA:7,(anonymous_12)
FNDA:7,(anonymous_13)
FNDA:7,(anonymous_14)
FNDA:7,(anonymous_15)
FNDA:7,(anonymous_16)
FNDA:7,(anonymous_17)
FNDA:7,(anonymous_18)
FNDA:7,(anonymous_19)
FNDA:7,(anonymous_20)
DA:3,1
DA:10,1
DA:16,1
DA:27,1
DA:53,1
DA:61,1
DA:63,1
DA:67,1
DA:73,1
DA:90,1
DA:94,7
DA:96,7
DA:97,7
DA:98,7
DA:99,7
DA:100,7
DA:104,7
DA:105,7
DA:106,7
DA:107,7
DA:108,7
DA:111,7
DA:112,7
DA:115,7
DA:116,7
DA:117,7
DA:119,7
DA:120,7
DA:121,7
DA:122,7
LF:30
LH:30
BRDA:53,0,0,1
BRDA:53,0,1,0
BRDA:94,1,0,7
BRDA:94,1,1,1
BRDA:96,2,0,7
BRDA:96,2,1,1
BRDA:97,3,0,7
BRDA:97,3,1,1
BRDA:98,4,0,7
BRDA:98,4,1,1
BRDA:99,5,0,7
BRDA:99,5,1,1
BRDA:100,6,0,7
BRDA:100,6,1,1
BRDA:104,7,0,7
BRDA:104,7,1,1
BRDA:105,8,0,7
BRDA:105,8,1,1
BRDA:106,9,0,7
BRDA:106,9,1,1
BRDA:107,10,0,7
BRDA:107,10,1,1
BRDA:108,11,0,7
BRDA:108,11,1,1
BRDA:111,12,0,7
BRDA:111,12,1,1
BRDA:112,13,0,7
BRDA:112,13,1,1
BRDA:115,14,0,7
BRDA:115,14,1,1
BRDA:116,15,0,7
BRDA:116,15,1,1
BRDA:117,16,0,7
BRDA:117,16,1,1
BRDA:119,17,0,7
BRDA:119,17,1,1
BRDA:120,18,0,7
BRDA:120,18,1,2
BRDA:121,19,0,7
BRDA:121,19,1,2
BRDA:122,20,0,7
BRDA:122,20,1,2
BRF:42
BRH:41
end_of_record
TN:
SF:src\Components\LoginComponents\SectionFirst\FieldsetComp\FieldsetComp.tsx
FN:17,(anonymous_0)
FN:32,(anonymous_1)
FN:59,(anonymous_2)
FN:75,(anonymous_3)
FN:84,(anonymous_4)
FN:93,(anonymous_5)
FN:97,(anonymous_6)
FN:101,(anonymous_7)
FN:105,(anonymous_8)
FNF:9
FNH:2
FNDA:2,(anonymous_0)
FNDA:2,(anonymous_1)
FNDA:0,(anonymous_2)
FNDA:0,(anonymous_3)
FNDA:0,(anonymous_4)
FNDA:0,(anonymous_5)
FNDA:0,(anonymous_6)
FNDA:0,(anonymous_7)
FNDA:0,(anonymous_8)
DA:17,2
DA:18,2
DA:19,2
DA:20,2
DA:21,2
DA:23,2
DA:24,2
DA:26,2
DA:28,2
DA:30,2
DA:31,2
DA:32,2
DA:33,2
DA:34,0
DA:35,0
DA:37,0
DA:38,0
DA:40,0
DA:41,0
DA:43,0
DA:45,0
DA:46,0
DA:48,0
DA:50,0
DA:52,0
DA:53,0
DA:59,2
DA:60,0
DA:61,0
DA:62,0
DA:63,0
DA:64,0
DA:75,2
DA:76,0
DA:77,0
DA:78,0
DA:80,0
DA:84,2
DA:85,0
DA:86,0
DA:87,0
DA:89,0
DA:93,2
DA:94,0
DA:97,2
DA:98,0
DA:101,2
DA:102,0
DA:105,2
DA:106,0
DA:109,2
LF:51
LH:21
BRDA:33,0,0,0
BRDA:33,0,1,2
BRDA:37,1,0,0
BRDA:37,1,1,0
BRDA:37,2,0,0
BRDA:37,2,1,0
BRDA:40,3,0,0
BRDA:40,3,1,0
BRDA:52,4,0,0
BRDA:52,4,1,0
BRDA:61,5,0,0
BRDA:61,5,1,0
BRDA:76,6,0,0
BRDA:76,6,1,0
BRDA:85,7,0,0
BRDA:85,7,1,0
BRF:16
BRH:1
end_of_record
TN:
SF:src\Components\LoginComponents\SectionFirst\FieldsetComp\styled.ts
FN:25,(anonymous_0)
FN:45,(anonymous_1)
FN:56,(anonymous_2)
FN:57,(anonymous_3)
FN:72,(anonymous_4)
FN:73,(anonymous_5)
FN:74,(anonymous_6)
FN:75,(anonymous_7)
FNF:8
FNH:8
FNDA:4,(anonymous_0)
FNDA:4,(anonymous_1)
FNDA:4,(anonymous_2)
FNDA:4,(anonymous_3)
FNDA:4,(anonymous_4)
FNDA:4,(anonymous_5)
FNDA:4,(anonymous_6)
FNDA:4,(anonymous_7)
DA:3,2
DA:17,2
DA:25,4
DA:34,2
DA:45,4
DA:53,2
DA:56,4
DA:57,4
DA:67,2
DA:72,4
DA:73,4
DA:74,4
DA:75,4
LF:13
LH:13
BRDA:25,0,0,0
BRDA:25,0,1,4
BRDA:45,1,0,0
BRDA:45,1,1,4
BRDA:56,2,0,0
BRDA:56,2,1,4
BRDA:57,3,0,0
BRDA:57,3,1,4
BRDA:72,4,0,0
BRDA:72,4,1,4
BRDA:73,5,0,4
BRDA:73,5,1,0
BRDA:74,6,0,4
BRDA:74,6,1,0
BRDA:75,7,0,4
BRDA:75,7,1,0
BRF:16
BRH:8
end_of_record
TN:
SF:src\Components\LoginComponents\SectionFirst\Form\Form.tsx
FN:6,(anonymous_0)
FNF:1
FNH:1
FNDA:1,(anonymous_0)
DA:6,1
DA:7,1
DA:9,1
LF:3
LH:3
BRF:0
BRH:0
end_of_record
TN:
SF:src\Components\LoginComponents\SectionFirst\Form\styled.ts
FNF:0
FNH:0
DA:3,1
LF:1
LH:1
BRF:0
BRH:0
end_of_record
TN:
SF:src\Components\LoginComponents\SectionFirst\Header\Header.tsx
FN:3,(anonymous_0)
FNF:1
FNH:1
FNDA:1,(anonymous_0)
DA:3,1
DA:4,1
LF:2
LH:2
BRF:0
BRH:0
end_of_record
TN:
SF:src\Components\LoginComponents\SectionFirst\Header\styled.ts
FNF:0
FNH:0
DA:3,1
DA:5,1
LF:2
LH:2
BRF:0
BRH:0
end_of_record
TN:
SF:src\Components\RegistrationComponents\AdditionalMessages\AdditionalMessages.tsx
FN:15,(anonymous_0)
FN:18,(anonymous_1)
FN:19,(anonymous_2)
FN:22,(anonymous_3)
FN:29,(anonymous_4)
FN:34,(anonymous_5)
FNF:6
FNH:4
FNDA:4,(anonymous_0)
FNDA:0,(anonymous_1)
FNDA:0,(anonymous_2)
FNDA:2,(anonymous_3)
FNDA:2,(anonymous_4)
FNDA:2,(anonymous_5)
DA:15,1
DA:16,4
DA:18,4
DA:19,0
DA:22,4
DA:23,2
DA:24,2
DA:25,2
DA:26,2
DA:27,2
DA:29,2
DA:30,2
DA:34,4
DA:35,2
DA:38,4
LF:15
LH:14
BRDA:43,0,0,4
BRDA:43,0,1,0
BRF:2
BRH:1
end_of_record
TN:
SF:src\Components\RegistrationComponents\AdditionalMessages\styled.ts
FN:49,(anonymous_0)
FN:64,(anonymous_1)
FN:65,(anonymous_2)
FN:66,(anonymous_3)
FN:67,(anonymous_4)
FN:68,(anonymous_5)
FN:78,(anonymous_6)
FN:79,(anonymous_7)
FN:82,(anonymous_8)
FNF:9
FNH:9
FNDA:4,(anonymous_0)
FNDA:12,(anonymous_1)
FNDA:12,(anonymous_2)
FNDA:12,(anonymous_3)
FNDA:12,(anonymous_4)
FNDA:12,(anonymous_5)
FNDA:28,(anonymous_6)
FNDA:28,(anonymous_7)
FNDA:28,(anonymous_8)
DA:3,1
DA:7,1
DA:13,1
DA:23,1
DA:49,4
DA:61,1
DA:64,12
DA:65,12
DA:66,12
DA:67,12
DA:68,12
DA:75,1
DA:78,28
DA:79,28
DA:82,28
DA:86,1
LF:16
LH:16
BRDA:49,0,0,4
BRDA:49,0,1,0
BRDA:64,1,0,12
BRDA:64,1,1,0
BRDA:65,2,0,12
BRDA:65,2,1,0
BRDA:66,3,0,12
BRDA:66,3,1,4
BRDA:67,4,0,12
BRDA:67,4,1,4
BRDA:68,5,0,12
BRDA:68,5,1,8
BRDA:78,6,0,28
BRDA:78,6,1,24
BRDA:79,7,0,28
BRDA:79,7,1,24
BRDA:82,8,0,28
BRDA:82,8,1,24
BRF:18
BRH:15
end_of_record
TN:
SF:src\Components\RegistrationComponents\BirthdayAndGender\BirthdayAndGender.tsx
FN:12,(anonymous_0)
FN:23,(anonymous_1)
FN:44,(anonymous_2)
FN:51,(anonymous_3)
FN:52,(anonymous_4)
FN:55,(anonymous_5)
FN:56,(anonymous_6)
FN:59,(anonymous_7)
FN:60,(anonymous_8)
FN:63,(anonymous_9)
FN:94,(anonymous_10)
FN:141,(anonymous_11)
FN:173,(anonymous_12)
FNF:13
FNH:7
FNDA:8,(anonymous_0)
FNDA:4,(anonymous_1)
FNDA:496,(anonymous_2)
FNDA:0,(anonymous_3)
FNDA:0,(anonymous_4)
FNDA:0,(anonymous_5)
FNDA:0,(anonymous_6)
FNDA:0,(anonymous_7)
FNDA:0,(anonymous_8)
FNDA:4,(anonymous_9)
FNDA:4,(anonymous_10)
FNDA:8,(anonymous_11)
FNDA:496,(anonymous_12)
DA:12,2
DA:13,8
DA:14,8
DA:15,8
DA:16,8
DA:17,8
DA:18,8
DA:19,8
DA:20,8
DA:21,8
DA:23,8
DA:24,4
DA:25,4
DA:26,4
DA:27,4
DA:29,4
DA:30,4
DA:31,4
DA:33,4
DA:34,0
DA:36,4
DA:38,4
DA:39,4
DA:41,4
DA:42,4
DA:44,4
DA:45,496
DA:46,496
DA:51,8
DA:52,0
DA:55,8
DA:56,0
DA:59,8
DA:60,0
DA:63,8
DA:64,4
DA:65,4
DA:66,4
DA:67,4
DA:69,4
DA:70,0
DA:71,0
DA:72,0
DA:73,0
DA:74,0
DA:77,0
DA:78,0
DA:79,0
DA:80,0
DA:81,0
DA:82,0
DA:83,0
DA:84,0
DA:87,0
DA:88,0
DA:90,4
DA:94,8
DA:95,4
DA:97,4
DA:99,0
DA:100,0
DA:102,0
DA:103,0
DA:105,0
DA:106,0
DA:108,0
DA:109,0
DA:111,0
DA:112,0
DA:114,0
DA:115,0
DA:117,0
DA:118,0
DA:120,0
DA:121,0
DA:123,0
DA:124,0
DA:126,0
DA:127,0
DA:129,0
DA:130,0
DA:132,0
DA:133,0
DA:135,4
DA:136,4
DA:138,4
DA:141,8
DA:142,8
DA:143,8
DA:146,8
DA:174,496
LF:91
LH:48
BRDA:42,0,0,0
BRDA:42,0,1,4
BRDA:45,1,0,496
BRDA:45,1,1,0
BRDA:69,2,0,0
BRDA:69,2,1,4
BRDA:69,3,0,4
BRDA:69,3,1,0
BRDA:69,3,2,0
BRDA:71,4,0,0
BRDA:71,4,1,0
BRDA:71,5,0,0
BRDA:71,5,1,0
BRDA:77,6,0,0
BRDA:77,6,1,0
BRDA:81,7,0,0
BRDA:81,7,1,0
BRDA:97,8,0,0
BRDA:97,8,1,0
BRDA:97,8,2,0
BRDA:97,8,3,0
BRDA:97,8,4,0
BRDA:97,8,5,0
BRDA:97,8,6,0
BRDA:97,8,7,0
BRDA:97,8,8,0
BRDA:97,8,9,0
BRDA:97,8,10,0
BRDA:97,8,11,0
BRDA:97,8,12,4
BRF:30
BRH:5
end_of_record
TN:
SF:src\Components\RegistrationComponents\BirthdayAndGender\styled.ts
FNF:0
FNH:0
DA:3,2
DA:9,2
DA:14,2
DA:27,2
LF:4
LH:4
BRF:0
BRH:0
end_of_record
TN:
SF:src\Components\RegistrationComponents\ButtonAllComponent\ButtonAllComponent.tsx
FN:29,(anonymous_0)
FN:53,(anonymous_1)
FN:57,(anonymous_2)
FN:64,(anonymous_3)
FN:97,(anonymous_4)
FN:138,(anonymous_5)
FN:146,(anonymous_6)
FN:150,(anonymous_7)
FNF:8
FNH:3
FNDA:5,(anonymous_0)
FNDA:0,(anonymous_1)
FNDA:0,(anonymous_2)
FNDA:5,(anonymous_3)
FNDA:0,(anonymous_4)
FNDA:3,(anonymous_5)
FNDA:0,(anonymous_6)
FNDA:0,(anonymous_7)
DA:29,2
DA:49,5
DA:50,5
DA:51,5
DA:53,5
DA:54,0
DA:57,5
DA:58,0
DA:60,0
DA:61,0
DA:64,5
DA:65,5
DA:66,5
DA:67,5
DA:69,5
DA:79,0
DA:96,0
DA:97,0
DA:98,0
DA:105,0
DA:106,0
DA:109,0
DA:112,5
DA:113,0
DA:138,5
DA:139,3
DA:140,0
DA:142,3
DA:146,5
DA:147,0
DA:150,5
DA:151,0
DA:154,5
LF:33
LH:18
BRDA:69,0,0,0
BRDA:69,0,1,5
BRDA:70,1,0,5
BRDA:70,1,1,0
BRDA:70,1,2,0
BRDA:70,1,3,0
BRDA:70,1,4,0
BRDA:70,1,5,0
BRDA:70,1,6,0
BRDA:70,1,7,0
BRDA:96,2,0,0
BRDA:96,2,1,0
BRDA:105,3,0,0
BRDA:105,3,1,0
BRDA:112,4,0,0
BRDA:112,4,1,5
BRDA:139,5,0,0
BRDA:139,5,1,3
BRDA:167,6,0,5
BRDA:167,6,1,0
BRF:20
BRH:5
end_of_record
TN:
SF:src\Components\RegistrationComponents\ButtonAllComponent\styled.ts
FN:20,(anonymous_0)
FN:21,(anonymous_1)
FN:32,(anonymous_2)
FN:34,(anonymous_3)
FNF:4
FNH:4
FNDA:10,(anonymous_0)
FNDA:10,(anonymous_1)
FNDA:10,(anonymous_2)
FNDA:10,(anonymous_3)
DA:3,2
DA:14,2
DA:20,10
DA:21,10
DA:32,10
DA:34,10
DA:38,2
DA:51,2
DA:64,2
DA:79,2
DA:86,2
DA:91,2
DA:97,2
DA:102,2
DA:107,2
LF:15
LH:15
BRDA:20,0,0,10
BRDA:20,0,1,5
BRDA:21,1,0,10
BRDA:21,1,1,5
BRDA:32,2,0,10
BRDA:32,2,1,5
BRDA:34,3,0,10
BRDA:34,3,1,5
BRDA:34,3,2,0
BRF:9
BRH:8
end_of_record
TN:
SF:src\Components\RegistrationComponents\DDD\DDD.tsx
FN:8,(anonymous_0)
FN:21,(anonymous_1)
FN:38,(anonymous_2)
FN:54,(anonymous_3)
FN:57,(anonymous_4)
FN:62,(anonymous_5)
FN:63,(anonymous_6)
FN:95,(anonymous_7)
FN:112,(anonymous_8)
FN:121,(anonymous_9)
FN:129,(anonymous_10)
FN:137,(anonymous_11)
FN:141,(anonymous_12)
FN:145,(anonymous_13)
FNF:14
FNH:7
FNDA:5,(anonymous_0)
FNDA:5,(anonymous_1)
FNDA:0,(anonymous_2)
FNDA:2,(anonymous_3)
FNDA:2,(anonymous_4)
FNDA:0,(anonymous_5)
FNDA:0,(anonymous_6)
FNDA:0,(anonymous_7)
FNDA:2,(anonymous_8)
FNDA:2,(anonymous_9)
FNDA:2,(anonymous_10)
FNDA:0,(anonymous_11)
FNDA:0,(anonymous_12)
FNDA:0,(anonymous_13)
DA:8,2
DA:9,5
DA:10,5
DA:11,5
DA:12,5
DA:14,5
DA:15,5
DA:16,5
DA:17,5
DA:18,5
DA:19,5
DA:21,5
DA:22,5
DA:24,5
DA:25,5
DA:26,0
DA:27,0
DA:30,5
DA:31,5
DA:32,0
DA:34,5
DA:38,5
DA:39,0
DA:40,0
DA:42,0
DA:45,0
DA:46,0
DA:47,0
DA:48,0
DA:50,0
DA:54,5
DA:55,2
DA:57,2
DA:58,2
DA:62,5
DA:63,0
DA:64,0
DA:65,0
DA:67,0
DA:68,0
DA:70,0
DA:72,0
DA:76,0
DA:79,0
DA:82,0
DA:83,0
DA:85,0
DA:86,0
DA:90,0
DA:91,0
DA:92,0
DA:93,0
DA:95,0
DA:96,0
DA:97,0
DA:98,0
DA:99,0
DA:101,0
DA:105,0
DA:106,0
DA:107,0
DA:112,5
DA:113,2
DA:114,2
DA:115,0
DA:117,2
DA:121,5
DA:122,2
DA:123,2
DA:124,2
DA:129,5
DA:130,2
DA:131,2
DA:132,2
DA:137,5
DA:138,0
DA:141,5
DA:142,0
DA:145,5
DA:146,0
DA:147,0
DA:149,0
DA:153,5
LF:83
LH:40
BRDA:26,0,0,0
BRDA:26,0,1,0
BRDA:31,1,0,0
BRDA:31,1,1,5
BRDA:39,2,0,0
BRDA:39,2,1,0
BRDA:45,3,0,0
BRDA:45,3,1,0
BRDA:64,4,0,0
BRDA:64,4,1,0
BRDA:67,5,0,0
BRDA:67,5,1,0
BRDA:70,6,0,0
BRDA:70,6,1,0
BRDA:82,7,0,0
BRDA:82,7,1,0
BRDA:90,8,0,0
BRDA:90,8,1,0
BRDA:96,9,0,0
BRDA:96,9,1,0
BRDA:96,10,0,0
BRDA:96,10,1,0
BRDA:106,11,0,0
BRDA:106,11,1,0
BRDA:114,12,0,0
BRDA:114,12,1,2
BRDA:122,13,0,2
BRDA:122,13,1,0
BRDA:123,14,0,2
BRDA:123,14,1,0
BRDA:130,15,0,2
BRDA:130,15,1,0
BRDA:131,16,0,2
BRDA:131,16,1,0
BRDA:146,17,0,0
BRDA:146,17,1,0
BRDA:160,18,0,0
BRDA:160,18,1,5
BRF:38
BRH:7
end_of_record
TN:
SF:src\Components\RegistrationComponents\DDD\styled.ts
FN:19,(anonymous_0)
FN:31,(anonymous_1)
FN:32,(anonymous_2)
FN:47,(anonymous_3)
FN:48,(anonymous_4)
FN:49,(anonymous_5)
FN:50,(anonymous_6)
FNF:7
FNH:7
FNDA:5,(anonymous_0)
FNDA:5,(anonymous_1)
FNDA:5,(anonymous_2)
FNDA:5,(anonymous_3)
FNDA:5,(anonymous_4)
FNDA:5,(anonymous_5)
FNDA:5,(anonymous_6)
DA:3,2
DA:11,2
DA:19,5
DA:28,2
DA:31,5
DA:32,5
DA:42,2
DA:47,5
DA:48,5
DA:49,5
DA:50,5
LF:11
LH:11
BRDA:19,0,0,0
BRDA:19,0,1,5
BRDA:31,1,0,0
BRDA:31,1,1,5
BRDA:32,2,0,0
BRDA:32,2,1,5
BRDA:47,3,0,0
BRDA:47,3,1,5
BRDA:48,4,0,5
BRDA:48,4,1,0
BRDA:49,5,0,5
BRDA:49,5,1,0
BRDA:50,6,0,5
BRDA:50,6,1,0
BRF:14
BRH:7
end_of_record
TN:
SF:src\Components\RegistrationComponents\DayMonth\DayMonth.tsx
FN:9,(anonymous_0)
FN:15,(anonymous_1)
FNF:2
FNH:2
FNDA:9,(anonymous_0)
FNDA:3,(anonymous_1)
DA:9,3
DA:10,9
DA:16,3
LF:3
LH:3
BRDA:13,0,0,1
BRDA:13,0,1,8
BRF:2
BRH:2
end_of_record
TN:
SF:src\Components\RegistrationComponents\DayMonth\styled.ts
FNF:0
FNH:0
DA:3,3
DA:8,3
DA:21,3
LF:3
LH:3
BRF:0
BRH:0
end_of_record
TN:
SF:src\Components\RegistrationComponents\EmailAndConfirmEmail\EmailAndConfirmEmail.tsx
FN:14,(anonymous_0)
FN:36,(anonymous_1)
FN:49,(anonymous_2)
FN:55,(anonymous_3)
FN:61,(anonymous_4)
FN:70,(anonymous_5)
FN:94,(anonymous_6)
FN:120,(anonymous_7)
FN:143,(anonymous_8)
FN:147,(anonymous_9)
FN:151,(anonymous_10)
FN:155,(anonymous_11)
FNF:12
FNH:5
FNDA:7,(anonymous_0)
FNDA:5,(anonymous_1)
FNDA:5,(anonymous_2)
FNDA:5,(anonymous_3)
FNDA:0,(anonymous_4)
FNDA:7,(anonymous_5)
FNDA:0,(anonymous_6)
FNDA:0,(anonymous_7)
FNDA:0,(anonymous_8)
FNDA:0,(anonymous_9)
FNDA:0,(anonymous_10)
FNDA:0,(anonymous_11)
DA:14,2
DA:20,7
DA:21,7
DA:23,7
DA:24,7
DA:25,7
DA:27,7
DA:28,7
DA:29,7
DA:31,7
DA:32,7
DA:33,7
DA:34,7
DA:36,7
DA:37,5
DA:41,5
DA:42,5
DA:43,0
DA:45,0
DA:49,7
DA:50,5
DA:51,5
DA:55,7
DA:56,5
DA:57,0
DA:58,0
DA:61,0
DA:62,0
DA:63,0
DA:65,0
DA:70,7
DA:71,7
DA:72,0
DA:73,0
DA:74,0
DA:75,0
DA:76,0
DA:79,0
DA:80,0
DA:81,0
DA:82,0
DA:83,0
DA:84,0
DA:86,0
DA:87,0
DA:88,0
DA:94,7
DA:95,0
DA:96,0
DA:97,0
DA:99,0
DA:102,0
DA:103,0
DA:104,0
DA:106,0
DA:109,0
DA:112,0
DA:113,0
DA:114,0
DA:116,0
DA:120,7
DA:121,0
DA:122,0
DA:123,0
DA:125,0
DA:128,0
DA:129,0
DA:130,0
DA:132,0
DA:133,0
DA:135,0
DA:138,0
DA:143,7
DA:144,0
DA:147,7
DA:148,0
DA:151,7
DA:152,0
DA:155,7
DA:156,0
DA:159,7
LF:81
LH:31
BRDA:50,0,0,5
BRDA:50,0,1,0
BRDA:56,1,0,5
BRDA:56,1,1,0
BRDA:57,2,0,0
BRDA:57,2,1,0
BRDA:62,3,0,0
BRDA:62,3,1,0
BRDA:71,4,0,0
BRDA:71,4,1,7
BRDA:74,5,0,0
BRDA:74,5,1,0
BRDA:81,6,0,0
BRDA:81,6,1,0
BRDA:86,7,0,0
BRDA:86,7,1,0
BRDA:95,8,0,0
BRDA:95,8,1,0
BRDA:102,9,0,0
BRDA:102,9,1,0
BRDA:103,10,0,0
BRDA:103,10,1,0
BRDA:112,11,0,0
BRDA:112,11,1,0
BRDA:122,12,0,0
BRDA:122,12,1,0
BRDA:128,13,0,0
BRDA:128,13,1,0
BRDA:132,14,0,0
BRDA:132,14,1,0
BRF:30
BRH:3
end_of_record
TN:
SF:src\Components\RegistrationComponents\EmailAndConfirmEmail\styled.ts
FN:13,(anonymous_0)
FN:29,(anonymous_1)
FN:50,(anonymous_2)
FN:61,(anonymous_3)
FN:62,(anonymous_4)
FN:77,(anonymous_5)
FN:78,(anonymous_6)
FN:79,(anonymous_7)
FN:80,(anonymous_8)
FN:92,(anonymous_9)
FN:93,(anonymous_10)
FN:94,(anonymous_11)
FN:95,(anonymous_12)
FNF:13
FNH:13
FNDA:14,(anonymous_0)
FNDA:14,(anonymous_1)
FNDA:14,(anonymous_2)
FNDA:14,(anonymous_3)
FNDA:14,(anonymous_4)
FNDA:7,(anonymous_5)
FNDA:7,(anonymous_6)
FNDA:7,(anonymous_7)
FNDA:7,(anonymous_8)
FNDA:7,(anonymous_9)
FNDA:7,(anonymous_10)
FNDA:7,(anonymous_11)
FNDA:7,(anonymous_12)
DA:3,2
DA:12,2
DA:13,14
DA:21,2
DA:29,14
DA:39,2
DA:50,14
DA:58,2
DA:61,14
DA:62,14
DA:72,2
DA:77,7
DA:78,7
DA:79,7
DA:80,7
DA:87,2
DA:92,7
DA:93,7
DA:94,7
DA:95,7
DA:99,2
LF:21
LH:21
BRDA:13,0,0,7
BRDA:13,0,1,7
BRDA:29,1,0,0
BRDA:29,1,1,14
BRDA:29,2,0,0
BRDA:29,2,1,14
BRDA:50,3,0,0
BRDA:50,3,1,14
BRDA:50,4,0,0
BRDA:50,4,1,14
BRDA:61,5,0,0
BRDA:61,5,1,14
BRDA:62,6,0,0
BRDA:62,6,1,14
BRDA:77,7,0,0
BRDA:77,7,1,7
BRDA:78,8,0,7
BRDA:78,8,1,0
BRDA:79,9,0,7
BRDA:79,9,1,0
BRDA:80,10,0,7
BRDA:80,10,1,0
BRDA:92,11,0,0
BRDA:92,11,1,7
BRDA:93,12,0,7
BRDA:93,12,1,0
BRDA:94,13,0,7
BRDA:94,13,1,0
BRDA:95,14,0,7
BRDA:95,14,1,0
BRF:30
BRH:16
end_of_record
TN:
SF:src\Components\RegistrationComponents\InputWarning\InputWarning.tsx
FN:10,(anonymous_0)
FNF:1
FNH:1
FNDA:48,(anonymous_0)
DA:10,6
DA:11,48
LF:2
LH:2
BRDA:13,0,0,48
BRDA:13,0,1,5
BRF:2
BRH:2
end_of_record
TN:
SF:src\Components\RegistrationComponents\InputWarning\styled.ts
FNF:0
FNH:0
DA:3,6
DA:16,6
LF:2
LH:2
BRF:0
BRH:0
end_of_record
TN:
SF:src\Components\RegistrationComponents\Password\Password.tsx
FN:13,(anonymous_0)
FN:23,(anonymous_1)
FN:61,(anonymous_2)
FN:96,(anonymous_3)
FN:116,(anonymous_4)
FN:120,(anonymous_5)
FNF:6
FNH:3
FNDA:8,(anonymous_0)
FNDA:4,(anonymous_1)
FNDA:0,(anonymous_2)
FNDA:4,(anonymous_3)
FNDA:0,(anonymous_4)
FNDA:0,(anonymous_5)
DA:13,2
DA:14,8
DA:15,8
DA:16,8
DA:17,8
DA:18,8
DA:19,8
DA:20,8
DA:21,8
DA:23,8
DA:24,4
DA:25,0
DA:26,0
DA:27,0
DA:28,0
DA:29,0
DA:30,0
DA:33,0
DA:35,0
DA:36,0
DA:37,0
DA:40,0
DA:42,0
DA:43,0
DA:44,0
DA:47,0
DA:49,0
DA:50,0
DA:51,0
DA:54,0
DA:55,0
DA:56,0
DA:61,8
DA:62,0
DA:63,0
DA:65,0
DA:68,0
DA:69,0
DA:70,0
DA:72,0
DA:75,0
DA:76,0
DA:77,0
DA:79,0
DA:82,0
DA:83,0
DA:84,0
DA:86,0
DA:89,0
DA:90,0
DA:92,0
DA:96,8
DA:97,4
DA:104,0
DA:106,4
DA:116,8
DA:117,0
DA:120,8
DA:121,0
DA:124,8
LF:60
LH:18
BRDA:24,0,0,0
BRDA:24,0,1,4
BRDA:28,1,0,0
BRDA:28,1,1,0
BRDA:35,2,0,0
BRDA:35,2,1,0
BRDA:42,3,0,0
BRDA:42,3,1,0
BRDA:49,4,0,0
BRDA:49,4,1,0
BRDA:54,5,0,0
BRDA:54,5,1,0
BRDA:62,6,0,0
BRDA:62,6,1,0
BRDA:69,7,0,0
BRDA:69,7,1,0
BRDA:76,8,0,0
BRDA:76,8,1,0
BRDA:83,9,0,0
BRDA:83,9,1,0
BRDA:89,10,0,0
BRDA:89,10,1,0
BRDA:97,11,0,0
BRDA:97,11,1,4
BRDA:98,12,0,4
BRDA:98,12,1,0
BRDA:98,12,2,0
BRDA:98,12,3,0
BRDA:98,12,4,0
BRF:29
BRH:3
end_of_record
TN:
SF:src\Components\RegistrationComponents\Password\styled.ts
FN:25,(anonymous_0)
FN:46,(anonymous_1)
FN:57,(anonymous_2)
FN:58,(anonymous_3)
FN:73,(anonymous_4)
FN:74,(anonymous_5)
FN:75,(anonymous_6)
FN:76,(anonymous_7)
FNF:8
FNH:8
FNDA:8,(anonymous_0)
FNDA:8,(anonymous_1)
FNDA:8,(anonymous_2)
FNDA:8,(anonymous_3)
FNDA:8,(anonymous_4)
FNDA:8,(anonymous_5)
FNDA:8,(anonymous_6)
FNDA:8,(anonymous_7)
DA:3,2
DA:8,2
DA:17,2
DA:25,8
DA:35,2
DA:46,8
DA:54,2
DA:57,8
DA:58,8
DA:68,2
DA:73,8
DA:74,8
DA:75,8
DA:76,8
LF:14
LH:14
BRDA:25,0,0,4
BRDA:25,0,1,4
BRDA:25,1,0,0
BRDA:25,1,1,4
BRDA:46,2,0,4
BRDA:46,2,1,4
BRDA:46,3,0,0
BRDA:46,3,1,4
BRDA:57,4,0,0
BRDA:57,4,1,8
BRDA:58,5,0,0
BRDA:58,5,1,8
BRDA:73,6,0,0
BRDA:73,6,1,8
BRDA:74,7,0,8
BRDA:74,7,1,0
BRDA:75,8,0,8
BRDA:75,8,1,0
BRDA:76,9,0,8
BRDA:76,9,1,0
BRF:20
BRH:12
end_of_record
TN:
SF:src\Components\RegistrationComponents\Phone\Phone.tsx
FN:8,(anonymous_0)
FN:22,(anonymous_1)
FN:39,(anonymous_2)
FN:54,(anonymous_3)
FN:57,(anonymous_4)
FN:62,(anonymous_5)
FN:63,(anonymous_6)
FN:99,(anonymous_7)
FN:116,(anonymous_8)
FN:125,(anonymous_9)
FN:133,(anonymous_10)
FN:141,(anonymous_11)
FN:145,(anonymous_12)
FN:149,(anonymous_13)
FNF:14
FNH:7
FNDA:5,(anonymous_0)
FNDA:5,(anonymous_1)
FNDA:0,(anonymous_2)
FNDA:2,(anonymous_3)
FNDA:2,(anonymous_4)
FNDA:0,(anonymous_5)
FNDA:0,(anonymous_6)
FNDA:0,(anonymous_7)
FNDA:2,(anonymous_8)
FNDA:2,(anonymous_9)
FNDA:2,(anonymous_10)
FNDA:0,(anonymous_11)
FNDA:0,(anonymous_12)
FNDA:0,(anonymous_13)
DA:8,2
DA:9,5
DA:10,5
DA:11,5
DA:12,5
DA:13,5
DA:15,5
DA:16,5
DA:17,5
DA:18,5
DA:20,5
DA:22,5
DA:23,5
DA:25,5
DA:26,5
DA:27,0
DA:28,0
DA:31,5
DA:32,5
DA:33,0
DA:35,5
DA:39,5
DA:40,0
DA:41,0
DA:43,0
DA:46,0
DA:47,0
DA:48,0
DA:50,0
DA:54,5
DA:55,2
DA:57,2
DA:58,2
DA:62,5
DA:63,0
DA:64,0
DA:65,0
DA:67,0
DA:68,0
DA:70,0
DA:71,0
DA:74,0
DA:76,0
DA:80,0
DA:83,0
DA:86,0
DA:87,0
DA:89,0
DA:90,0
DA:94,0
DA:95,0
DA:96,0
DA:97,0
DA:99,0
DA:100,0
DA:101,0
DA:102,0
DA:103,0
DA:105,0
DA:109,0
DA:110,0
DA:111,0
DA:116,5
DA:117,2
DA:118,2
DA:119,0
DA:121,2
DA:125,5
DA:126,2
DA:127,2
DA:128,2
DA:133,5
DA:134,2
DA:135,2
DA:136,2
DA:141,5
DA:142,0
DA:145,5
DA:146,0
DA:149,5
DA:150,0
DA:151,0
DA:153,0
DA:157,5
LF:84
LH:40
BRDA:27,0,0,0
BRDA:27,0,1,0
BRDA:32,1,0,0
BRDA:32,1,1,5
BRDA:40,2,0,0
BRDA:40,2,1,0
BRDA:46,3,0,0
BRDA:46,3,1,0
BRDA:64,4,0,0
BRDA:64,4,1,0
BRDA:67,5,0,0
BRDA:67,5,1,0
BRDA:70,6,0,0
BRDA:70,6,1,0
BRDA:70,7,0,0
BRDA:70,7,1,0
BRDA:74,8,0,0
BRDA:74,8,1,0
BRDA:86,9,0,0
BRDA:86,9,1,0
BRDA:94,10,0,0
BRDA:94,10,1,0
BRDA:100,11,0,0
BRDA:100,11,1,0
BRDA:100,12,0,0
BRDA:100,12,1,0
BRDA:110,13,0,0
BRDA:110,13,1,0
BRDA:118,14,0,0
BRDA:118,14,1,2
BRDA:126,15,0,2
BRDA:126,15,1,0
BRDA:127,16,0,2
BRDA:127,16,1,0
BRDA:134,17,0,2
BRDA:134,17,1,0
BRDA:135,18,0,2
BRDA:135,18,1,0
BRDA:150,19,0,0
BRDA:150,19,1,0
BRDA:164,20,0,0
BRDA:164,20,1,5
BRF:42
BRH:7
end_of_record
TN:
SF:src\Components\RegistrationComponents\Phone\styled.ts
FN:19,(anonymous_0)
FN:31,(anonymous_1)
FN:32,(anonymous_2)
FN:47,(anonymous_3)
FN:48,(anonymous_4)
FN:49,(anonymous_5)
FN:50,(anonymous_6)
FNF:7
FNH:7
FNDA:5,(anonymous_0)
FNDA:5,(anonymous_1)
FNDA:5,(anonymous_2)
FNDA:5,(anonymous_3)
FNDA:5,(anonymous_4)
FNDA:5,(anonymous_5)
FNDA:5,(anonymous_6)
DA:3,2
DA:11,2
DA:19,5
DA:28,2
DA:31,5
DA:32,5
DA:42,2
DA:47,5
DA:48,5
DA:49,5
DA:50,5
LF:11
LH:11
BRDA:19,0,0,0
BRDA:19,0,1,5
BRDA:31,1,0,0
BRDA:31,1,1,5
BRDA:32,2,0,0
BRDA:32,2,1,5
BRDA:47,3,0,0
BRDA:47,3,1,5
BRDA:48,4,0,5
BRDA:48,4,1,0
BRDA:49,5,0,5
BRDA:49,5,1,0
BRDA:50,6,0,5
BRDA:50,6,1,0
BRF:14
BRH:7
end_of_record
TN:
SF:src\Components\RegistrationComponents\PhoneNumber\PhoneNumber.tsx
FN:10,(anonymous_0)
FN:14,(anonymous_1)
FNF:2
FNH:2
FNDA:4,(anonymous_0)
FNDA:2,(anonymous_1)
DA:10,1
DA:11,4
DA:12,4
DA:14,4
DA:15,2
DA:16,0
DA:17,0
DA:21,4
LF:8
LH:6
BRDA:15,0,0,0
BRDA:15,0,1,2
BRDA:15,1,0,2
BRDA:15,1,1,0
BRF:4
BRH:2
end_of_record
TN:
SF:src\Components\RegistrationComponents\PhoneNumber\styled.ts
FNF:0
FNH:0
DA:3,1
LF:1
LH:1
BRF:0
BRH:0
end_of_record
TN:
SF:src\Components\RegistrationComponents\RequirementPassword\RequirementPassword.tsx
FN:10,(anonymous_0)
FNF:1
FNH:1
FNDA:10,(anonymous_0)
DA:10,3
DA:16,10
LF:2
LH:2
BRF:0
BRH:0
end_of_record
TN:
SF:src\Components\RegistrationComponents\RequirementPassword\styled.ts
FN:17,(anonymous_0)
FN:18,(anonymous_1)
FN:19,(anonymous_2)
FN:20,(anonymous_3)
FN:21,(anonymous_4)
FNF:5
FNH:5
FNDA:50,(anonymous_0)
FNDA:50,(anonymous_1)
FNDA:40,(anonymous_2)
FNDA:30,(anonymous_3)
FNDA:20,(anonymous_4)
DA:3,3
DA:14,3
DA:17,50
DA:18,50
DA:19,40
DA:20,30
DA:21,20
LF:7
LH:7
BRDA:17,0,0,50
BRDA:17,0,1,10
BRDA:18,1,0,10
BRDA:18,1,1,40
BRDA:18,2,0,1
BRDA:18,2,1,9
BRDA:19,3,0,10
BRDA:19,3,1,30
BRDA:19,4,0,1
BRDA:19,4,1,9
BRDA:20,5,0,10
BRDA:20,5,1,20
BRDA:20,6,0,1
BRDA:20,6,1,9
BRDA:21,7,0,10
BRDA:21,7,1,10
BRDA:21,8,0,1
BRDA:21,8,1,9
BRF:18
BRH:18
end_of_record
TN:
SF:src\Components\RegistrationComponents\UserLocation\Button\Button.tsx
FN:13,(anonymous_0)
FN:15,(anonymous_1)
FNF:2
FNH:2
FNDA:7,(anonymous_0)
FNDA:1,(anonymous_1)
DA:13,3
DA:14,7
DA:15,1
LF:3
LH:3
BRF:0
BRH:0
end_of_record
TN:
SF:src\Components\RegistrationComponents\UserLocation\Button\styled.ts
FN:12,(anonymous_0)
FN:13,(anonymous_1)
FNF:2
FNH:2
FNDA:7,(anonymous_0)
FNDA:7,(anonymous_1)
DA:7,3
DA:12,7
DA:13,7
LF:3
LH:3
BRDA:12,0,0,1
BRDA:12,0,1,6
BRDA:13,1,0,1
BRDA:13,1,1,6
BRF:4
BRH:4
end_of_record
TN:
SF:src\Components\RegistrationComponents\UserLocation\Cep\Cep.tsx
FN:12,(anonymous_0)
FN:26,(anonymous_1)
FN:42,(anonymous_2)
FN:57,(anonymous_3)
FN:60,(anonymous_4)
FN:65,(anonymous_5)
FN:66,(anonymous_6)
FN:102,(anonymous_7)
FN:121,(anonymous_8)
FN:139,(anonymous_9)
FN:147,(anonymous_10)
FN:155,(anonymous_11)
FN:159,(anonymous_12)
FN:163,(anonymous_13)
FN:171,(anonymous_14)
FN:184,(anonymous_15)
FN:193,(anonymous_16)
FN:228,(anonymous_17)
FNF:18
FNH:7
FNDA:6,(anonymous_0)
FNDA:6,(anonymous_1)
FNDA:0,(anonymous_2)
FNDA:2,(anonymous_3)
FNDA:2,(anonymous_4)
FNDA:0,(anonymous_5)
FNDA:0,(anonymous_6)
FNDA:0,(anonymous_7)
FNDA:2,(anonymous_8)
FNDA:2,(anonymous_9)
FNDA:2,(anonymous_10)
FNDA:0,(anonymous_11)
FNDA:0,(anonymous_12)
FNDA:0,(anonymous_13)
FNDA:0,(anonymous_14)
FNDA:0,(anonymous_15)
FNDA:0,(anonymous_16)
FNDA:0,(anonymous_17)
DA:12,2
DA:13,6
DA:14,6
DA:15,6
DA:16,6
DA:17,6
DA:19,6
DA:20,6
DA:21,6
DA:22,6
DA:23,6
DA:24,6
DA:26,6
DA:27,6
DA:28,6
DA:29,6
DA:30,0
DA:31,0
DA:34,6
DA:35,6
DA:36,0
DA:38,6
DA:42,6
DA:43,0
DA:44,0
DA:46,0
DA:49,0
DA:50,0
DA:51,0
DA:53,0
DA:57,6
DA:58,2
DA:60,2
DA:61,2
DA:65,6
DA:66,0
DA:67,0
DA:68,0
DA:70,0
DA:71,0
DA:73,0
DA:74,0
DA:77,0
DA:79,0
DA:83,0
DA:86,0
DA:89,0
DA:90,0
DA:92,0
DA:93,0
DA:97,0
DA:98,0
DA:99,0
DA:100,0
DA:102,0
DA:103,0
DA:104,0
DA:105,0
DA:106,0
DA:108,0
DA:112,0
DA:113,0
DA:114,0
DA:119,6
DA:121,6
DA:122,2
DA:123,2
DA:124,0
DA:126,2
DA:128,2
DA:131,2
DA:132,2
DA:133,0
DA:135,2
DA:139,6
DA:140,2
DA:141,2
DA:142,2
DA:147,6
DA:148,2
DA:149,2
DA:150,2
DA:155,6
DA:156,0
DA:159,6
DA:160,0
DA:163,6
DA:164,0
DA:165,0
DA:167,0
DA:171,6
DA:176,0
DA:178,0
DA:179,0
DA:180,0
DA:181,0
DA:182,0
DA:183,0
DA:185,0
DA:186,0
DA:187,0
DA:188,0
DA:189,0
DA:191,0
DA:193,0
DA:195,0
DA:203,0
DA:207,6
DA:228,0
LF:109
LH:47
BRDA:30,0,0,0
BRDA:30,0,1,0
BRDA:35,1,0,0
BRDA:35,1,1,6
BRDA:43,2,0,0
BRDA:43,2,1,0
BRDA:49,3,0,0
BRDA:49,3,1,0
BRDA:67,4,0,0
BRDA:67,4,1,0
BRDA:70,5,0,0
BRDA:70,5,1,0
BRDA:73,6,0,0
BRDA:73,6,1,0
BRDA:73,7,0,0
BRDA:73,7,1,0
BRDA:77,8,0,0
BRDA:77,8,1,0
BRDA:89,9,0,0
BRDA:89,9,1,0
BRDA:97,10,0,0
BRDA:97,10,1,0
BRDA:103,11,0,0
BRDA:103,11,1,0
BRDA:103,12,0,0
BRDA:103,12,1,0
BRDA:113,13,0,0
BRDA:113,13,1,0
BRDA:123,14,0,0
BRDA:123,14,1,2
BRDA:132,15,0,0
BRDA:132,15,1,2
BRDA:140,16,0,2
BRDA:140,16,1,0
BRDA:141,17,0,2
BRDA:141,17,1,0
BRDA:148,18,0,2
BRDA:148,18,1,0
BRDA:149,19,0,2
BRDA:149,19,1,0
BRDA:164,20,0,0
BRDA:164,20,1,0
BRDA:182,21,0,0
BRDA:182,21,1,0
BRDA:182,22,0,0
BRDA:182,22,1,0
BRDA:182,22,2,0
BRDA:182,22,3,0
BRDA:217,23,0,0
BRDA:217,23,1,6
BRF:50
BRH:8
end_of_record
TN:
SF:src\Components\RegistrationComponents\UserLocation\Cep\styled.ts
FN:20,(anonymous_0)
FN:32,(anonymous_1)
FN:33,(anonymous_2)
FN:48,(anonymous_3)
FN:49,(anonymous_4)
FN:50,(anonymous_5)
FN:51,(anonymous_6)
FN:68,(anonymous_7)
FN:69,(anonymous_8)
FN:72,(anonymous_9)
FN:85,(anonymous_10)
FN:86,(anonymous_11)
FNF:12
FNH:10
FNDA:6,(anonymous_0)
FNDA:6,(anonymous_1)
FNDA:6,(anonymous_2)
FNDA:6,(anonymous_3)
FNDA:6,(anonymous_4)
FNDA:6,(anonymous_5)
FNDA:6,(anonymous_6)
FNDA:6,(anonymous_7)
FNDA:6,(anonymous_8)
FNDA:6,(anonymous_9)
FNDA:0,(anonymous_10)
FNDA:0,(anonymous_11)
DA:3,2
DA:12,2
DA:20,6
DA:29,2
DA:32,6
DA:33,6
DA:43,2
DA:48,6
DA:49,6
DA:50,6
DA:51,6
DA:59,2
DA:68,6
DA:69,6
DA:72,6
DA:80,2
DA:85,0
DA:86,0
LF:18
LH:16
BRDA:20,0,0,0
BRDA:20,0,1,6
BRDA:20,1,0,0
BRDA:20,1,1,6
BRDA:32,2,0,0
BRDA:32,2,1,6
BRDA:33,3,0,0
BRDA:33,3,1,6
BRDA:48,4,0,0
BRDA:48,4,1,6
BRDA:49,5,0,6
BRDA:49,5,1,0
BRDA:50,6,0,6
BRDA:50,6,1,0
BRDA:51,7,0,6
BRDA:51,7,1,0
BRDA:68,8,0,0
BRDA:68,8,1,6
BRDA:69,9,0,0
BRDA:69,9,1,6
BRDA:72,10,0,0
BRDA:72,10,1,6
BRDA:85,11,0,0
BRDA:85,11,1,0
BRDA:86,12,0,0
BRDA:86,12,1,0
BRF:26
BRH:11
end_of_record
TN:
SF:src\Components\RegistrationComponents\UserLocation\ComponentReusable\ComponentReusable.tsx
FN:11,(anonymous_0)
FN:22,(anonymous_1)
FN:34,(anonymous_2)
FN:43,(anonymous_3)
FN:47,(anonymous_4)
FN:51,(anonymous_5)
FNF:6
FNH:3
FNDA:37,(anonymous_0)
FNDA:25,(anonymous_1)
FNDA:0,(anonymous_2)
FNDA:0,(anonymous_3)
FNDA:0,(anonymous_4)
FNDA:25,(anonymous_5)
DA:11,3
DA:17,37
DA:18,37
DA:19,37
DA:20,37
DA:22,37
DA:23,25
DA:24,4
DA:25,4
DA:26,4
DA:28,21
DA:29,21
DA:30,21
DA:34,37
DA:35,0
DA:36,0
DA:37,0
DA:39,0
DA:43,37
DA:44,0
DA:47,37
DA:48,0
DA:51,37
DA:52,25
DA:55,37
LF:25
LH:19
BRDA:13,0,0,0
BRDA:23,1,0,4
BRDA:23,1,1,21
BRDA:36,2,0,0
BRDA:36,2,1,0
BRF:5
BRH:2
end_of_record
TN:
SF:src\Components\RegistrationComponents\UserLocation\ComponentReusable\styled.ts
FN:10,(anonymous_0)
FN:25,(anonymous_1)
FN:36,(anonymous_2)
FN:37,(anonymous_3)
FN:53,(anonymous_4)
FN:54,(anonymous_5)
FN:55,(anonymous_6)
FN:56,(anonymous_7)
FN:58,(anonymous_8)
FN:60,(anonymous_9)
FN:61,(anonymous_10)
FNF:11
FNH:11
FNDA:37,(anonymous_0)
FNDA:37,(anonymous_1)
FNDA:37,(anonymous_2)
FNDA:37,(anonymous_3)
FNDA:37,(anonymous_4)
FNDA:37,(anonymous_5)
FNDA:37,(anonymous_6)
FNDA:37,(anonymous_7)
FNDA:37,(anonymous_8)
FNDA:37,(anonymous_9)
FNDA:37,(anonymous_10)
DA:7,3
DA:10,37
DA:17,3
DA:25,37
DA:33,3
DA:36,37
DA:37,37
DA:48,3
DA:53,37
DA:54,37
DA:55,37
DA:56,37
DA:58,37
DA:60,37
DA:61,37
LF:15
LH:15
BRDA:25,0,0,0
BRDA:25,0,1,37
BRDA:36,1,0,0
BRDA:36,1,1,37
BRDA:37,2,0,0
BRDA:37,2,1,37
BRDA:53,3,0,0
BRDA:53,3,1,37
BRDA:54,4,0,37
BRDA:54,4,1,0
BRDA:55,5,0,37
BRDA:55,5,1,0
BRDA:56,6,0,37
BRDA:56,6,1,0
BRDA:58,7,0,37
BRDA:58,7,1,0
BRDA:60,8,0,37
BRDA:60,8,1,0
BRDA:61,9,0,37
BRDA:61,9,1,0
BRF:20
BRH:10
end_of_record
TN:
SF:src\Components\RegistrationComponents\UserLocation\UserLocationData\UserLocationData.tsx
FN:17,(anonymous_0)
FN:31,(anonymous_1)
FN:40,(anonymous_2)
FN:48,(anonymous_3)
FN:49,(anonymous_4)
FNF:5
FNH:3
FNDA:6,(anonymous_0)
FNDA:4,(anonymous_1)
FNDA:6,(anonymous_2)
FNDA:0,(anonymous_3)
FNDA:0,(anonymous_4)
DA:17,2
DA:27,6
DA:28,6
DA:29,6
DA:31,6
DA:32,4
DA:33,2
DA:34,2
DA:36,2
DA:40,6
DA:41,6
DA:42,4
DA:44,2
DA:48,6
DA:49,0
DA:52,6
LF:16
LH:15
BRDA:32,0,0,2
BRDA:32,0,1,2
BRDA:41,1,0,4
BRDA:41,1,1,2
BRDA:58,2,0,2
BRDA:58,2,1,4
BRDA:74,3,0,2
BRDA:74,3,1,4
BRDA:112,4,0,2
BRDA:112,4,1,4
BRF:10
BRH:10
end_of_record
TN:
SF:src\Components\RegistrationComponents\UserLocation\UserLocationData\styled.ts
FN:29,(anonymous_0)
FN:34,(anonymous_1)
FN:35,(anonymous_2)
FN:36,(anonymous_3)
FNF:4
FNH:4
FNDA:6,(anonymous_0)
FNDA:6,(anonymous_1)
FNDA:6,(anonymous_2)
FNDA:6,(anonymous_3)
DA:3,2
DA:9,2
DA:15,2
DA:24,2
DA:29,6
DA:34,6
DA:35,6
DA:36,6
DA:40,2
LF:9
LH:9
BRDA:29,0,0,6
BRDA:29,0,1,6
BRDA:34,1,0,6
BRDA:34,1,1,0
BRDA:35,2,0,6
BRDA:35,2,1,0
BRDA:36,3,0,6
BRDA:36,3,1,0
BRF:8
BRH:5
end_of_record
TN:
SF:src\Components\RegistrationComponents\YourNameAndCpf\YourNameAndCpf.tsx
FN:12,(anonymous_0)
FN:30,(anonymous_1)
FN:60,(anonymous_2)
FN:75,(anonymous_3)
FN:90,(anonymous_4)
FN:93,(anonymous_5)
FN:102,(anonymous_6)
FN:150,(anonymous_7)
FN:167,(anonymous_8)
FN:175,(anonymous_9)
FN:183,(anonymous_10)
FN:187,(anonymous_11)
FN:191,(anonymous_12)
FN:195,(anonymous_13)
FN:199,(anonymous_14)
FNF:15
FNH:6
FNDA:9,(anonymous_0)
FNDA:9,(anonymous_1)
FNDA:0,(anonymous_2)
FNDA:0,(anonymous_3)
FNDA:7,(anonymous_4)
FNDA:7,(anonymous_5)
FNDA:0,(anonymous_6)
FNDA:0,(anonymous_7)
FNDA:7,(anonymous_8)
FNDA:7,(anonymous_9)
FNDA:0,(anonymous_10)
FNDA:0,(anonymous_11)
FNDA:0,(anonymous_12)
FNDA:0,(anonymous_13)
FNDA:0,(anonymous_14)
DA:12,2
DA:18,9
DA:19,9
DA:20,9
DA:21,9
DA:22,9
DA:23,9
DA:24,9
DA:25,9
DA:27,9
DA:28,9
DA:30,9
DA:31,9
DA:32,0
DA:33,0
DA:34,0
DA:35,0
DA:37,0
DA:38,0
DA:39,0
DA:42,0
DA:43,0
DA:44,0
DA:49,0
DA:53,0
DA:54,0
DA:55,0
DA:60,9
DA:61,0
DA:62,0
DA:64,0
DA:65,0
DA:67,0
DA:70,0
DA:71,0
DA:75,9
DA:76,0
DA:77,0
DA:79,0
DA:82,0
DA:83,0
DA:84,0
DA:86,0
DA:90,9
DA:91,7
DA:93,7
DA:94,7
DA:98,9
DA:99,9
DA:100,9
DA:102,9
DA:103,0
DA:104,0
DA:105,0
DA:106,0
DA:110,0
DA:111,0
DA:113,0
DA:116,0
DA:117,0
DA:119,0
DA:120,0
DA:121,0
DA:122,0
DA:125,0
DA:127,0
DA:131,0
DA:134,0
DA:137,0
DA:138,0
DA:140,0
DA:141,0
DA:145,0
DA:146,0
DA:147,0
DA:148,0
DA:150,0
DA:151,0
DA:152,0
DA:153,0
DA:154,0
DA:156,0
DA:160,0
DA:161,0
DA:162,0
DA:167,9
DA:168,7
DA:169,7
DA:170,7
DA:175,9
DA:176,7
DA:177,7
DA:178,7
DA:183,9
DA:184,0
DA:187,9
DA:188,0
DA:191,9
DA:192,0
DA:195,9
DA:196,0
DA:199,9
DA:200,0
DA:201,0
DA:203,0
DA:207,9
LF:106
LH:37
BRDA:31,0,0,0
BRDA:31,0,1,9
BRDA:37,1,0,0
BRDA:37,1,1,0
BRDA:44,2,0,0
BRDA:44,2,1,0
BRDA:45,3,0,0
BRDA:45,3,1,0
BRDA:45,3,2,0
BRDA:53,4,0,0
BRDA:53,4,1,0
BRDA:61,5,0,0
BRDA:61,5,1,0
BRDA:64,6,0,0
BRDA:64,6,1,0
BRDA:76,7,0,0
BRDA:76,7,1,0
BRDA:82,8,0,0
BRDA:82,8,1,0
BRDA:105,9,0,0
BRDA:105,9,1,0
BRDA:105,10,0,0
BRDA:105,10,1,0
BRDA:105,10,2,0
BRDA:110,11,0,0
BRDA:110,11,1,0
BRDA:116,12,0,0
BRDA:116,12,1,0
BRDA:119,13,0,0
BRDA:119,13,1,0
BRDA:121,14,0,0
BRDA:121,14,1,0
BRDA:121,15,0,0
BRDA:121,15,1,0
BRDA:125,16,0,0
BRDA:125,16,1,0
BRDA:137,17,0,0
BRDA:137,17,1,0
BRDA:145,18,0,0
BRDA:145,18,1,0
BRDA:151,19,0,0
BRDA:151,19,1,0
BRDA:151,20,0,0
BRDA:151,20,1,0
BRDA:161,21,0,0
BRDA:161,21,1,0
BRDA:168,22,0,7
BRDA:168,22,1,0
BRDA:169,23,0,7
BRDA:169,23,1,0
BRDA:176,24,0,7
BRDA:176,24,1,0
BRDA:177,25,0,7
BRDA:177,25,1,0
BRDA:200,26,0,0
BRDA:200,26,1,0
BRF:56
BRH:5
end_of_record
TN:
SF:src\Components\RegistrationComponents\YourNameAndCpf\styled.ts
FN:27,(anonymous_0)
FN:38,(anonymous_1)
FN:39,(anonymous_2)
FN:54,(anonymous_3)
FN:55,(anonymous_4)
FN:56,(anonymous_5)
FN:57,(anonymous_6)
FN:77,(anonymous_7)
FNF:8
FNH:8
FNDA:9,(anonymous_0)
FNDA:9,(anonymous_1)
FNDA:9,(anonymous_2)
FNDA:9,(anonymous_3)
FNDA:9,(anonymous_4)
FNDA:9,(anonymous_5)
FNDA:9,(anonymous_6)
FNDA:9,(anonymous_7)
DA:3,2
DA:8,2
DA:19,2
DA:27,9
DA:35,2
DA:38,9
DA:39,9
DA:49,2
DA:54,9
DA:55,9
DA:56,9
DA:57,9
DA:60,2
DA:69,2
DA:77,9
DA:86,2
DA:100,2
LF:17
LH:17
BRDA:27,0,0,0
BRDA:27,0,1,9
BRDA:27,1,0,0
BRDA:27,1,1,9
BRDA:38,2,0,0
BRDA:38,2,1,9
BRDA:39,3,0,0
BRDA:39,3,1,9
BRDA:54,4,0,0
BRDA:54,4,1,9
BRDA:55,5,0,9
BRDA:55,5,1,0
BRDA:56,6,0,9
BRDA:56,6,1,0
BRDA:57,7,0,9
BRDA:57,7,1,0
BRDA:77,8,0,0
BRDA:77,8,1,9
BRDA:77,9,0,0
BRDA:77,9,1,9
BRF:20
BRH:10
end_of_record
TN:
SF:src\Style\RenderTheme.tsx
FN:5,(anonymous_0)
FNF:1
FNH:1
FNDA:13,(anonymous_0)
DA:5,4
DA:6,13
LF:2
LH:2
BRF:0
BRH:0
end_of_record
TN:
SF:src\Style\theme.ts
FNF:0
FNH:0
DA:1,4
LF:1
LH:1
BRF:0
BRH:0
end_of_record
TN:
SF:src\Svg\CardSvg.tsx
FN:1,(anonymous_0)
FNF:1
FNH:1
FNDA:1,(anonymous_0)
DA:1,1
DA:2,1
LF:2
LH:2
BRF:0
BRH:0
end_of_record
TN:
SF:src\Svg\CheckSvg.tsx
FN:1,(anonymous_0)
FNF:1
FNH:0
FNDA:0,(anonymous_0)
DA:1,2
DA:2,0
LF:2
LH:1
BRF:0
BRH:0
end_of_record
TN:
SF:src\Svg\EmailSvg.tsx
FN:1,(anonymous_0)
FNF:1
FNH:1
FNDA:14,(anonymous_0)
DA:1,2
DA:2,14
LF:2
LH:2
BRF:0
BRH:0
end_of_record
TN:
SF:src\Svg\GoogleSvg.tsx
FN:1,(anonymous_0)
FNF:1
FNH:1
FNDA:1,(anonymous_0)
DA:1,1
DA:2,1
LF:2
LH:2
BRF:0
BRH:0
end_of_record
TN:
SF:src\Svg\HeartSvg.tsx
FN:1,(anonymous_0)
FNF:1
FNH:1
FNDA:1,(anonymous_0)
DA:1,1
DA:2,1
LF:2
LH:2
BRF:0
BRH:0
end_of_record
TN:
SF:src\Svg\IngressoSvg.tsx
FN:1,(anonymous_0)
FNF:1
FNH:1
FNDA:6,(anonymous_0)
DA:1,3
DA:2,6
LF:2
LH:2
BRF:0
BRH:0
end_of_record
TN:
SF:src\Svg\LocationSvg.tsx
FN:1,(anonymous_0)
FNF:1
FNH:1
FNDA:5,(anonymous_0)
DA:1,1
DA:2,5
LF:2
LH:2
BRF:0
BRH:0
end_of_record
TN:
SF:src\Svg\Padlock.tsx
FN:1,(anonymous_0)
FNF:1
FNH:1
FNDA:2,(anonymous_0)
DA:1,2
DA:2,2
LF:2
LH:2
BRF:0
BRH:0
end_of_record
TN:
SF:src\Svg\PasswordSvg.tsx
FN:1,(anonymous_0)
FNF:1
FNH:1
FNDA:8,(anonymous_0)
DA:1,2
DA:2,8
LF:2
LH:2
BRF:0
BRH:0
end_of_record
TN:
SF:src\Svg\QuestionMarkSvg.tsx
FN:1,(anonymous_0)
FNF:1
FNH:1
FNDA:6,(anonymous_0)
DA:1,1
DA:2,6
LF:2
LH:2
BRF:0
BRH:0
end_of_record
TN:
SF:src\Svg\TicketSvg.tsx
FN:1,(anonymous_0)
FNF:1
FNH:1
FNDA:1,(anonymous_0)
DA:1,1
DA:2,1
LF:2
LH:2
BRF:0
BRH:0
end_of_record
TN:
SF:src\Svg\UserLogoSvg.tsx
FN:1,(anonymous_0)
FNF:1
FNH:1
FNDA:6,(anonymous_0)
DA:1,1
DA:2,6
LF:2
LH:2
BRF:0
BRH:0
end_of_record
TN:
SF:src\Svg\UserSvg.tsx
FN:1,(anonymous_0)
FNF:1
FNH:1
FNDA:2,(anonymous_0)
DA:1,2
DA:2,2
LF:2
LH:2
BRF:0
BRH:0
end_of_record
TN:
SF:src\Svg\WithdrawSvg.tsx
FN:1,(anonymous_0)
FNF:1
FNH:1
FNDA:1,(anonymous_0)
DA:1,1
DA:2,1
LF:2
LH:2
BRF:0
BRH:0
end_of_record
TN:
SF:src\Svg\XExitSvg.tsx
FN:1,(anonymous_0)
FNF:1
FNH:0
FNDA:0,(anonymous_0)
DA:1,2
DA:2,0
LF:2
LH:1
BRF:0
BRH:0
end_of_record
TN:
SF:src\Svg\loupeSvg.tsx
FN:1,(anonymous_0)
FNF:1
FNH:1
FNDA:6,(anonymous_0)
DA:1,1
DA:2,6
LF:2
LH:2
BRF:0
BRH:0
end_of_record
TN:
SF:src\Templates\Login\Login.tsx
FN:13,(anonymous_0)
FNF:1
FNH:1
FNDA:1,(anonymous_0)
DA:13,1
DA:14,1
LF:2
LH:2
BRF:0
BRH:0
end_of_record
TN:
SF:src\Templates\Login\styled.ts
FN:5,(anonymous_0)
FN:35,(anonymous_1)
FN:36,(anonymous_2)
FN:37,(anonymous_3)
FN:40,(anonymous_4)
FNF:5
FNH:5
FNDA:1,(anonymous_0)
FNDA:2,(anonymous_1)
FNDA:2,(anonymous_2)
FNDA:2,(anonymous_3)
FNDA:2,(anonymous_4)
DA:4,1
DA:5,1
DA:15,1
DA:22,1
DA:33,1
DA:35,2
DA:36,2
DA:37,2
DA:40,2
DA:43,1
DA:45,1
DA:47,1
DA:52,1
DA:57,1
DA:62,1
LF:15
LH:15
BRDA:35,0,0,2
BRDA:35,0,1,1
BRDA:36,1,0,2
BRDA:36,1,1,1
BRDA:37,2,0,2
BRDA:37,2,1,1
BRDA:40,3,0,2
BRDA:40,3,1,1
BRF:8
BRH:8
end_of_record
TN:
SF:src\Templates\Registration\Registration.tsx
FN:16,(anonymous_0)
FN:38,(anonymous_1)
FNF:2
FNH:1
FNDA:6,(anonymous_0)
FNDA:0,(anonymous_1)
DA:16,1
DA:17,6
DA:18,6
DA:19,6
DA:21,6
DA:22,6
DA:23,6
DA:24,6
DA:25,6
DA:26,6
DA:27,6
DA:28,6
DA:29,6
DA:30,6
DA:31,6
DA:32,6
DA:33,6
DA:34,6
DA:35,6
DA:36,6
DA:38,6
DA:39,0
DA:42,6
LF:23
LH:22
BRF:0
BRH:0
end_of_record
TN:
SF:src\Templates\Registration\styled.ts
FN:34,(anonymous_0)
FN:35,(anonymous_1)
FNF:2
FNH:2
FNDA:8,(anonymous_0)
FNDA:8,(anonymous_1)
DA:3,1
DA:5,1
DA:14,1
DA:22,1
DA:31,1
DA:34,8
DA:35,8
DA:38,1
DA:44,1
LF:9
LH:9
BRDA:34,0,0,8
BRDA:34,0,1,4
BRDA:35,1,0,8
BRDA:35,1,1,4
BRF:4
BRH:4
end_of_record
TN:
SF:src\Utils\Url.tsx
FNF:0
FNH:0
DA:1,4
LF:1
LH:1
BRF:0
BRH:0
end_of_record
